2023-12-10T22:41:02.819+05:00  INFO 22340 --- [main] .s.d.r.c.RepositoryConfigurationDelegate : Bootstrapping Spring Data JPA repositories in DEFAULT mode.
2023-12-10T22:41:02.906+05:00  INFO 22340 --- [main] .s.d.r.c.RepositoryConfigurationDelegate : Finished Spring Data repository scanning in 69 ms. Found 2 JPA repository interfaces.
2023-12-10T22:41:03.681+05:00  INFO 22340 --- [main] o.s.b.w.embedded.tomcat.TomcatWebServer  : Tomcat initialized with port(s): 8082 (http)
2023-12-10T22:41:03.695+05:00  INFO 22340 --- [main] o.apache.catalina.core.StandardService   : Starting service [Tomcat]
2023-12-10T22:41:03.696+05:00  INFO 22340 --- [main] o.apache.catalina.core.StandardEngine    : Starting Servlet engine: [Apache Tomcat/10.1.4]
2023-12-10T22:41:03.835+05:00  INFO 22340 --- [main] o.a.c.c.C.[Tomcat].[localhost].[/]       : Initializing Spring embedded WebApplicationContext
2023-12-10T22:41:03.836+05:00  INFO 22340 --- [main] w.s.c.ServletWebServerApplicationContext : Root WebApplicationContext: initialization completed in 2673 ms
2023-12-10T22:41:03.994+05:00  INFO 22340 --- [main] o.hibernate.jpa.internal.util.LogHelper  : HHH000204: Processing PersistenceUnitInfo [name: default]
2023-12-10T22:41:04.060+05:00  INFO 22340 --- [main] org.hibernate.Version                    : HHH000412: Hibernate ORM core version 6.1.6.Final
2023-12-10T22:41:04.271+05:00  WARN 22340 --- [main] org.hibernate.orm.deprecation            : HHH90000021: Encountered deprecated setting [javax.persistence.sharedCache.mode], use [jakarta.persistence.sharedCache.mode] instead
2023-12-10T22:41:04.413+05:00  INFO 22340 --- [main] com.zaxxer.hikari.HikariDataSource       : HikariPool-1 - Starting...
2023-12-10T22:41:04.773+05:00  INFO 22340 --- [main] com.zaxxer.hikari.pool.HikariPool        : HikariPool-1 - Added connection org.postgresql.jdbc.PgConnection@48a46b0f
2023-12-10T22:41:04.775+05:00  INFO 22340 --- [main] com.zaxxer.hikari.HikariDataSource       : HikariPool-1 - Start completed.
2023-12-10T22:41:04.871+05:00  INFO 22340 --- [main] SQL dialect                              : HHH000400: Using dialect: org.hibernate.dialect.PostgreSQLDialect
2023-12-10T22:41:06.281+05:00  INFO 22340 --- [main] o.h.e.t.j.p.i.JtaPlatformInitiator       : HHH000490: Using JtaPlatform implementation: [org.hibernate.engine.transaction.jta.platform.internal.NoJtaPlatform]
2023-12-10T22:41:06.301+05:00  INFO 22340 --- [main] j.LocalContainerEntityManagerFactoryBean : Initialized JPA EntityManagerFactory for persistence unit 'default'
2023-12-10T22:41:07.026+05:00 DEBUG 22340 --- [main] com.example.config.JwtTokenFilter        : Filter 'jwtTokenFilter' configured for use
2023-12-10T22:41:08.273+05:00  INFO 22340 --- [main] o.s.s.web.DefaultSecurityFilterChain     : Will secure any request with [org.springframework.security.web.session.DisableEncodeUrlFilter@30942f54, org.springframework.security.web.context.request.async.WebAsyncManagerIntegrationFilter@11d557a5, org.springframework.security.web.context.SecurityContextHolderFilter@34128fed, org.springframework.security.web.header.HeaderWriterFilter@4f5d7091, org.springframework.security.web.authentication.logout.LogoutFilter@23974cac, com.example.config.JwtTokenFilter@7bdddfa4, org.springframework.security.web.savedrequest.RequestCacheAwareFilter@4dfe56dc, org.springframework.security.web.servletapi.SecurityContextHolderAwareRequestFilter@2a728076, org.springframework.security.web.authentication.AnonymousAuthenticationFilter@55b5ce0f, org.springframework.security.web.access.ExceptionTranslationFilter@37c49a55, org.springframework.security.web.access.intercept.AuthorizationFilter@3ed3e66d]
2023-12-10T22:41:08.750+05:00  INFO 22340 --- [main] o.s.b.w.embedded.tomcat.TomcatWebServer  : Tomcat started on port(s): 8082 (http) with context path ''
2023-12-10T22:41:08.763+05:00  INFO 22340 --- [main] com.example.SecurityApplication          : Started SecurityApplication in 8.308 seconds (process running for 14.136)
2023-12-10T22:41:08.816+05:00  INFO 22340 --- [main] o.f.c.internal.license.VersionPrinter    : Flyway Community Edition 9.5.1 by Redgate
2023-12-10T22:41:08.817+05:00  INFO 22340 --- [main] o.f.c.internal.license.VersionPrinter    : See what's new here: https://flywaydb.org/documentation/learnmore/releaseNotes#9.5.1
2023-12-10T22:41:08.817+05:00  INFO 22340 --- [main] o.f.c.internal.license.VersionPrinter    : 
2023-12-10T22:41:08.835+05:00  INFO 22340 --- [main] o.f.c.i.database.base.BaseDatabaseType   : Database: jdbc:postgresql://localhost:5432/kun_uz (PostgreSQL 14.8)
2023-12-10T22:41:08.892+05:00  INFO 22340 --- [main] o.f.core.internal.command.DbValidate     : Successfully validated 4 migrations (execution time 00:00.038s)
2023-12-10T22:41:08.906+05:00  INFO 22340 --- [main] o.f.core.internal.command.DbMigrate      : Current version of schema "public": 3
2023-12-10T22:41:08.907+05:00  INFO 22340 --- [main] o.f.core.internal.command.DbMigrate      : Schema "public" is up to date. No migration necessary.
