2023-12-07T23:34:03.010+05:00  INFO 11124 --- [main] com.example.SecurityApplication          : Starting SecurityApplication using Java 19.0.2 with PID 11124 (C:\Users\Ma'ruf Raufov\Downloads\Telegram Desktop\Security\Security\target\classes started by Ma'ruf Raufov in C:\Users\Ma'ruf Raufov\Downloads\Telegram Desktop\Security\Security)
2023-12-07T23:34:03.030+05:00 DEBUG 11124 --- [main] com.example.SecurityApplication          : Running with Spring Boot v3.0.1, Spring v6.0.3
2023-12-07T23:34:03.031+05:00  INFO 11124 --- [main] com.example.SecurityApplication          : No active profile set, falling back to 1 default profile: "default"
2023-12-07T23:34:03.723+05:00  INFO 11124 --- [main] .s.d.r.c.RepositoryConfigurationDelegate : Bootstrapping Spring Data JPA repositories in DEFAULT mode.
2023-12-07T23:34:03.797+05:00  INFO 11124 --- [main] .s.d.r.c.RepositoryConfigurationDelegate : Finished Spring Data repository scanning in 66 ms. Found 3 JPA repository interfaces.
2023-12-07T23:34:04.269+05:00  INFO 11124 --- [main] o.s.b.w.embedded.tomcat.TomcatWebServer  : Tomcat initialized with port(s): 8081 (http)
2023-12-07T23:34:04.277+05:00  INFO 11124 --- [main] o.apache.catalina.core.StandardService   : Starting service [Tomcat]
2023-12-07T23:34:04.278+05:00  INFO 11124 --- [main] o.apache.catalina.core.StandardEngine    : Starting Servlet engine: [Apache Tomcat/10.1.4]
2023-12-07T23:34:04.362+05:00  INFO 11124 --- [main] o.a.c.c.C.[Tomcat].[localhost].[/]       : Initializing Spring embedded WebApplicationContext
2023-12-07T23:34:04.362+05:00  INFO 11124 --- [main] w.s.c.ServletWebServerApplicationContext : Root WebApplicationContext: initialization completed in 1257 ms
2023-12-07T23:34:04.461+05:00  INFO 11124 --- [main] o.hibernate.jpa.internal.util.LogHelper  : HHH000204: Processing PersistenceUnitInfo [name: default]
2023-12-07T23:34:04.528+05:00  INFO 11124 --- [main] org.hibernate.Version                    : HHH000412: Hibernate ORM core version 6.1.6.Final
2023-12-07T23:34:04.681+05:00  WARN 11124 --- [main] org.hibernate.orm.deprecation            : HHH90000021: Encountered deprecated setting [javax.persistence.sharedCache.mode], use [jakarta.persistence.sharedCache.mode] instead
2023-12-07T23:34:04.810+05:00  INFO 11124 --- [main] com.zaxxer.hikari.HikariDataSource       : HikariPool-1 - Starting...
2023-12-07T23:34:05.090+05:00  INFO 11124 --- [main] com.zaxxer.hikari.pool.HikariPool        : HikariPool-1 - Added connection org.postgresql.jdbc.PgConnection@270d5060
2023-12-07T23:34:05.092+05:00  INFO 11124 --- [main] com.zaxxer.hikari.HikariDataSource       : HikariPool-1 - Start completed.
2023-12-07T23:34:05.152+05:00  INFO 11124 --- [main] SQL dialect                              : HHH000400: Using dialect: org.hibernate.dialect.PostgreSQLDialect
2023-12-07T23:34:06.171+05:00  INFO 11124 --- [main] o.h.e.t.j.p.i.JtaPlatformInitiator       : HHH000490: Using JtaPlatform implementation: [org.hibernate.engine.transaction.jta.platform.internal.NoJtaPlatform]
2023-12-07T23:34:06.180+05:00  INFO 11124 --- [main] j.LocalContainerEntityManagerFactoryBean : Initialized JPA EntityManagerFactory for persistence unit 'default'
2023-12-07T23:34:06.501+05:00 DEBUG 11124 --- [main] com.example.config.JwtAuthFilter         : Filter 'jwtAuthFilter' configured for use
2023-12-07T23:34:06.673+05:00  WARN 11124 --- [main] JpaBaseConfiguration$JpaWebConfiguration : spring.jpa.open-in-view is enabled by default. Therefore, database queries may be performed during view rendering. Explicitly configure spring.jpa.open-in-view to disable this warning
2023-12-07T23:34:06.886+05:00  INFO 11124 --- [main] o.s.s.web.DefaultSecurityFilterChain     : Will secure any request with [org.springframework.security.web.session.DisableEncodeUrlFilter@45f6181a, org.springframework.security.web.context.request.async.WebAsyncManagerIntegrationFilter@19d0d1ab, org.springframework.security.web.context.SecurityContextHolderFilter@1e4b70c6, org.springframework.security.web.header.HeaderWriterFilter@7890fbf9, org.springframework.security.web.authentication.logout.LogoutFilter@3bac86a3, com.example.config.JwtAuthFilter@3ee68eb2, org.springframework.security.web.savedrequest.RequestCacheAwareFilter@48301bfe, org.springframework.security.web.servletapi.SecurityContextHolderAwareRequestFilter@367fbb28, org.springframework.security.web.authentication.AnonymousAuthenticationFilter@7e0941cc, org.springframework.security.web.session.SessionManagementFilter@6920fa35, org.springframework.security.web.access.ExceptionTranslationFilter@1977b0df, org.springframework.security.web.access.intercept.AuthorizationFilter@40239b34]
2023-12-07T23:34:07.105+05:00  INFO 11124 --- [main] o.s.b.w.embedded.tomcat.TomcatWebServer  : Tomcat started on port(s): 8081 (http) with context path ''
2023-12-07T23:34:07.117+05:00  INFO 11124 --- [main] com.example.SecurityApplication          : Started SecurityApplication in 4.623 seconds (process running for 5.325)
2023-12-07T23:34:07.182+05:00  INFO 11124 --- [main] o.f.c.internal.license.VersionPrinter    : Flyway Community Edition 9.5.1 by Redgate
2023-12-07T23:34:07.182+05:00  INFO 11124 --- [main] o.f.c.internal.license.VersionPrinter    : See what's new here: https://flywaydb.org/documentation/learnmore/releaseNotes#9.5.1
2023-12-07T23:34:07.182+05:00  INFO 11124 --- [main] o.f.c.internal.license.VersionPrinter    : 
2023-12-07T23:34:07.189+05:00  INFO 11124 --- [main] o.f.c.i.resource.ResourceNameValidator   : 2 SQL migrations were detected but not run because they did not follow the filename convention.
2023-12-07T23:34:07.189+05:00  INFO 11124 --- [main] o.f.c.i.resource.ResourceNameValidator   : If this is in error, enable debug logging or 'validateMigrationNaming' to fail fast and see a list of the invalid file names.
2023-12-07T23:34:07.195+05:00  INFO 11124 --- [main] o.f.c.i.database.base.BaseDatabaseType   : Database: jdbc:postgresql://localhost:5432/kun_uz_test (PostgreSQL 14.8)
2023-12-07T23:34:07.214+05:00  INFO 11124 --- [main] o.f.core.internal.command.DbValidate     : Successfully validated 0 migrations (execution time 00:00.005s)
2023-12-07T23:34:07.214+05:00  WARN 11124 --- [main] o.f.core.internal.command.DbValidate     : No migrations found. Are your locations set up correctly?
2023-12-07T23:34:07.228+05:00  INFO 11124 --- [main] o.f.c.i.s.JdbcTableSchemaHistory         : Creating Schema History table "public"."flyway_schema_history" with baseline ...
2023-12-07T23:34:07.265+05:00  INFO 11124 --- [main] o.f.core.internal.command.DbBaseline     : Successfully baselined schema with version: 1
2023-12-07T23:34:07.280+05:00  INFO 11124 --- [main] o.f.core.internal.command.DbMigrate      : Current version of schema "public": 1
2023-12-07T23:34:07.281+05:00  INFO 11124 --- [main] o.f.core.internal.command.DbMigrate      : Schema "public" is up to date. No migration necessary.
2023-12-07T23:35:33.506+05:00  INFO 11124 --- [SpringApplicationShutdownHook] j.LocalContainerEntityManagerFactoryBean : Closing JPA EntityManagerFactory for persistence unit 'default'
2023-12-07T23:35:33.508+05:00  INFO 11124 --- [SpringApplicationShutdownHook] com.zaxxer.hikari.HikariDataSource       : HikariPool-1 - Shutdown initiated...
2023-12-07T23:35:33.512+05:00  INFO 11124 --- [SpringApplicationShutdownHook] com.zaxxer.hikari.HikariDataSource       : HikariPool-1 - Shutdown completed.
2023-12-07T23:35:36.041+05:00  INFO 11572 --- [main] com.example.SecurityApplication          : Starting SecurityApplication using Java 19.0.2 with PID 11572 (C:\Users\Ma'ruf Raufov\Downloads\Telegram Desktop\Security\Security\target\classes started by Ma'ruf Raufov in C:\Users\Ma'ruf Raufov\Downloads\Telegram Desktop\Security\Security)
2023-12-07T23:35:36.056+05:00 DEBUG 11572 --- [main] com.example.SecurityApplication          : Running with Spring Boot v3.0.1, Spring v6.0.3
2023-12-07T23:35:36.057+05:00  INFO 11572 --- [main] com.example.SecurityApplication          : No active profile set, falling back to 1 default profile: "default"
2023-12-07T23:35:36.729+05:00  INFO 11572 --- [main] .s.d.r.c.RepositoryConfigurationDelegate : Bootstrapping Spring Data JPA repositories in DEFAULT mode.
2023-12-07T23:35:36.803+05:00  INFO 11572 --- [main] .s.d.r.c.RepositoryConfigurationDelegate : Finished Spring Data repository scanning in 67 ms. Found 3 JPA repository interfaces.
2023-12-07T23:35:37.255+05:00  INFO 11572 --- [main] o.s.b.w.embedded.tomcat.TomcatWebServer  : Tomcat initialized with port(s): 8081 (http)
2023-12-07T23:35:37.262+05:00  INFO 11572 --- [main] o.apache.catalina.core.StandardService   : Starting service [Tomcat]
2023-12-07T23:35:37.263+05:00  INFO 11572 --- [main] o.apache.catalina.core.StandardEngine    : Starting Servlet engine: [Apache Tomcat/10.1.4]
2023-12-07T23:35:37.346+05:00  INFO 11572 --- [main] o.a.c.c.C.[Tomcat].[localhost].[/]       : Initializing Spring embedded WebApplicationContext
2023-12-07T23:35:37.347+05:00  INFO 11572 --- [main] w.s.c.ServletWebServerApplicationContext : Root WebApplicationContext: initialization completed in 1231 ms
2023-12-07T23:35:37.453+05:00  INFO 11572 --- [main] o.hibernate.jpa.internal.util.LogHelper  : HHH000204: Processing PersistenceUnitInfo [name: default]
2023-12-07T23:35:37.504+05:00  INFO 11572 --- [main] org.hibernate.Version                    : HHH000412: Hibernate ORM core version 6.1.6.Final
2023-12-07T23:35:37.650+05:00  WARN 11572 --- [main] org.hibernate.orm.deprecation            : HHH90000021: Encountered deprecated setting [javax.persistence.sharedCache.mode], use [jakarta.persistence.sharedCache.mode] instead
2023-12-07T23:35:37.795+05:00  INFO 11572 --- [main] com.zaxxer.hikari.HikariDataSource       : HikariPool-1 - Starting...
2023-12-07T23:35:37.974+05:00  INFO 11572 --- [main] com.zaxxer.hikari.pool.HikariPool        : HikariPool-1 - Added connection org.postgresql.jdbc.PgConnection@3181d4de
2023-12-07T23:35:37.975+05:00  INFO 11572 --- [main] com.zaxxer.hikari.HikariDataSource       : HikariPool-1 - Start completed.
2023-12-07T23:35:38.032+05:00  INFO 11572 --- [main] SQL dialect                              : HHH000400: Using dialect: org.hibernate.dialect.PostgreSQLDialect
2023-12-07T23:35:39.100+05:00  INFO 11572 --- [main] o.h.e.t.j.p.i.JtaPlatformInitiator       : HHH000490: Using JtaPlatform implementation: [org.hibernate.engine.transaction.jta.platform.internal.NoJtaPlatform]
2023-12-07T23:35:39.111+05:00  INFO 11572 --- [main] j.LocalContainerEntityManagerFactoryBean : Initialized JPA EntityManagerFactory for persistence unit 'default'
2023-12-07T23:35:39.466+05:00 DEBUG 11572 --- [main] com.example.config.JwtAuthFilter         : Filter 'jwtAuthFilter' configured for use
2023-12-07T23:35:39.662+05:00  WARN 11572 --- [main] JpaBaseConfiguration$JpaWebConfiguration : spring.jpa.open-in-view is enabled by default. Therefore, database queries may be performed during view rendering. Explicitly configure spring.jpa.open-in-view to disable this warning
2023-12-07T23:35:39.875+05:00  INFO 11572 --- [main] o.s.s.web.DefaultSecurityFilterChain     : Will secure any request with [org.springframework.security.web.session.DisableEncodeUrlFilter@36ce0bc2, org.springframework.security.web.context.request.async.WebAsyncManagerIntegrationFilter@317fa5dd, org.springframework.security.web.context.SecurityContextHolderFilter@57d7c511, org.springframework.security.web.header.HeaderWriterFilter@ecb8b3e, org.springframework.security.web.authentication.logout.LogoutFilter@5b827796, com.example.config.JwtAuthFilter@30811f91, org.springframework.security.web.savedrequest.RequestCacheAwareFilter@7f57a7a4, org.springframework.security.web.servletapi.SecurityContextHolderAwareRequestFilter@40239b34, org.springframework.security.web.authentication.AnonymousAuthenticationFilter@477906cf, org.springframework.security.web.session.SessionManagementFilter@3bac86a3, org.springframework.security.web.access.ExceptionTranslationFilter@68fa8ea5, org.springframework.security.web.access.intercept.AuthorizationFilter@5c04ec8]
2023-12-07T23:35:40.080+05:00  INFO 11572 --- [main] o.s.b.w.embedded.tomcat.TomcatWebServer  : Tomcat started on port(s): 8081 (http) with context path ''
2023-12-07T23:35:40.088+05:00  INFO 11572 --- [main] com.example.SecurityApplication          : Started SecurityApplication in 4.504 seconds (process running for 5.266)
2023-12-07T23:35:40.147+05:00  INFO 11572 --- [main] o.f.c.internal.license.VersionPrinter    : Flyway Community Edition 9.5.1 by Redgate
2023-12-07T23:35:40.147+05:00  INFO 11572 --- [main] o.f.c.internal.license.VersionPrinter    : See what's new here: https://flywaydb.org/documentation/learnmore/releaseNotes#9.5.1
2023-12-07T23:35:40.148+05:00  INFO 11572 --- [main] o.f.c.internal.license.VersionPrinter    : 
2023-12-07T23:35:40.158+05:00  INFO 11572 --- [main] o.f.c.i.database.base.BaseDatabaseType   : Database: jdbc:postgresql://localhost:5432/kun_uz_test (PostgreSQL 14.8)
2023-12-07T23:35:40.185+05:00  INFO 11572 --- [main] o.f.core.internal.command.DbValidate     : Successfully validated 1 migration (execution time 00:00.012s)
2023-12-07T23:35:40.195+05:00  INFO 11572 --- [main] o.f.core.internal.command.DbMigrate      : Current version of schema "public": 1
2023-12-07T23:35:40.195+05:00  INFO 11572 --- [main] o.f.core.internal.command.DbMigrate      : Schema "public" is up to date. No migration necessary.
2023-12-07T23:36:25.684+05:00  INFO 11572 --- [SpringApplicationShutdownHook] j.LocalContainerEntityManagerFactoryBean : Closing JPA EntityManagerFactory for persistence unit 'default'
2023-12-07T23:36:25.686+05:00  INFO 11572 --- [SpringApplicationShutdownHook] com.zaxxer.hikari.HikariDataSource       : HikariPool-1 - Shutdown initiated...
2023-12-07T23:36:25.689+05:00  INFO 11572 --- [SpringApplicationShutdownHook] com.zaxxer.hikari.HikariDataSource       : HikariPool-1 - Shutdown completed.
2023-12-07T23:36:28.274+05:00  INFO 660 --- [main] com.example.SecurityApplication          : Starting SecurityApplication using Java 19.0.2 with PID 660 (C:\Users\Ma'ruf Raufov\Downloads\Telegram Desktop\Security\Security\target\classes started by Ma'ruf Raufov in C:\Users\Ma'ruf Raufov\Downloads\Telegram Desktop\Security\Security)
2023-12-07T23:36:28.301+05:00 DEBUG 660 --- [main] com.example.SecurityApplication          : Running with Spring Boot v3.0.1, Spring v6.0.3
2023-12-07T23:36:28.302+05:00  INFO 660 --- [main] com.example.SecurityApplication          : No active profile set, falling back to 1 default profile: "default"
2023-12-07T23:36:29.092+05:00  INFO 660 --- [main] .s.d.r.c.RepositoryConfigurationDelegate : Bootstrapping Spring Data JPA repositories in DEFAULT mode.
2023-12-07T23:36:29.166+05:00  INFO 660 --- [main] .s.d.r.c.RepositoryConfigurationDelegate : Finished Spring Data repository scanning in 68 ms. Found 3 JPA repository interfaces.
2023-12-07T23:36:29.626+05:00  INFO 660 --- [main] o.s.b.w.embedded.tomcat.TomcatWebServer  : Tomcat initialized with port(s): 8081 (http)
2023-12-07T23:36:29.638+05:00  INFO 660 --- [main] o.apache.catalina.core.StandardService   : Starting service [Tomcat]
2023-12-07T23:36:29.638+05:00  INFO 660 --- [main] o.apache.catalina.core.StandardEngine    : Starting Servlet engine: [Apache Tomcat/10.1.4]
2023-12-07T23:36:29.719+05:00  INFO 660 --- [main] o.a.c.c.C.[Tomcat].[localhost].[/]       : Initializing Spring embedded WebApplicationContext
2023-12-07T23:36:29.719+05:00  INFO 660 --- [main] w.s.c.ServletWebServerApplicationContext : Root WebApplicationContext: initialization completed in 1341 ms
2023-12-07T23:36:29.814+05:00  INFO 660 --- [main] o.hibernate.jpa.internal.util.LogHelper  : HHH000204: Processing PersistenceUnitInfo [name: default]
2023-12-07T23:36:29.859+05:00  INFO 660 --- [main] org.hibernate.Version                    : HHH000412: Hibernate ORM core version 6.1.6.Final
2023-12-07T23:36:29.996+05:00  WARN 660 --- [main] org.hibernate.orm.deprecation            : HHH90000021: Encountered deprecated setting [javax.persistence.sharedCache.mode], use [jakarta.persistence.sharedCache.mode] instead
2023-12-07T23:36:30.107+05:00  INFO 660 --- [main] com.zaxxer.hikari.HikariDataSource       : HikariPool-1 - Starting...
2023-12-07T23:36:30.255+05:00  INFO 660 --- [main] com.zaxxer.hikari.pool.HikariPool        : HikariPool-1 - Added connection org.postgresql.jdbc.PgConnection@3181d4de
2023-12-07T23:36:30.256+05:00  INFO 660 --- [main] com.zaxxer.hikari.HikariDataSource       : HikariPool-1 - Start completed.
2023-12-07T23:36:30.306+05:00  INFO 660 --- [main] SQL dialect                              : HHH000400: Using dialect: org.hibernate.dialect.PostgreSQLDialect
2023-12-07T23:36:31.194+05:00  INFO 660 --- [main] o.h.e.t.j.p.i.JtaPlatformInitiator       : HHH000490: Using JtaPlatform implementation: [org.hibernate.engine.transaction.jta.platform.internal.NoJtaPlatform]
2023-12-07T23:36:31.203+05:00  INFO 660 --- [main] j.LocalContainerEntityManagerFactoryBean : Initialized JPA EntityManagerFactory for persistence unit 'default'
2023-12-07T23:36:31.513+05:00 DEBUG 660 --- [main] com.example.config.JwtAuthFilter         : Filter 'jwtAuthFilter' configured for use
2023-12-07T23:36:31.668+05:00  WARN 660 --- [main] JpaBaseConfiguration$JpaWebConfiguration : spring.jpa.open-in-view is enabled by default. Therefore, database queries may be performed during view rendering. Explicitly configure spring.jpa.open-in-view to disable this warning
2023-12-07T23:36:31.888+05:00  INFO 660 --- [main] o.s.s.web.DefaultSecurityFilterChain     : Will secure any request with [org.springframework.security.web.session.DisableEncodeUrlFilter@477906cf, org.springframework.security.web.context.request.async.WebAsyncManagerIntegrationFilter@65234a9, org.springframework.security.web.context.SecurityContextHolderFilter@7f57a7a4, org.springframework.security.web.header.HeaderWriterFilter@42457891, org.springframework.security.web.authentication.logout.LogoutFilter@7d108063, com.example.config.JwtAuthFilter@2f29e630, org.springframework.security.web.savedrequest.RequestCacheAwareFilter@45ac973, org.springframework.security.web.servletapi.SecurityContextHolderAwareRequestFilter@1c966488, org.springframework.security.web.authentication.AnonymousAuthenticationFilter@4004bfba, org.springframework.security.web.session.SessionManagementFilter@3bf52f8f, org.springframework.security.web.access.ExceptionTranslationFilter@ecb8b3e, org.springframework.security.web.access.intercept.AuthorizationFilter@5a88849]
2023-12-07T23:36:32.098+05:00  INFO 660 --- [main] o.s.b.w.embedded.tomcat.TomcatWebServer  : Tomcat started on port(s): 8081 (http) with context path ''
2023-12-07T23:36:32.106+05:00  INFO 660 --- [main] com.example.SecurityApplication          : Started SecurityApplication in 4.389 seconds (process running for 5.078)
2023-12-07T23:36:32.160+05:00  INFO 660 --- [main] o.f.c.internal.license.VersionPrinter    : Flyway Community Edition 9.5.1 by Redgate
2023-12-07T23:36:32.160+05:00  INFO 660 --- [main] o.f.c.internal.license.VersionPrinter    : See what's new here: https://flywaydb.org/documentation/learnmore/releaseNotes#9.5.1
2023-12-07T23:36:32.160+05:00  INFO 660 --- [main] o.f.c.internal.license.VersionPrinter    : 
2023-12-07T23:36:32.171+05:00  INFO 660 --- [main] o.f.c.i.database.base.BaseDatabaseType   : Database: jdbc:postgresql://localhost:5432/kun_uz_test (PostgreSQL 14.8)
2023-12-07T23:36:32.194+05:00  INFO 660 --- [main] o.f.core.internal.command.DbValidate     : Successfully validated 1 migration (execution time 00:00.011s)
2023-12-07T23:36:32.203+05:00  INFO 660 --- [main] o.f.core.internal.command.DbMigrate      : Current version of schema "public": 1
2023-12-07T23:36:32.203+05:00  INFO 660 --- [main] o.f.core.internal.command.DbMigrate      : Schema "public" is up to date. No migration necessary.
2023-12-07T23:38:13.573+05:00  INFO 15140 --- [main] com.example.SecurityApplicationTests     : Starting SecurityApplicationTests using Java 19.0.2 with PID 15140 (started by Ma'ruf Raufov in C:\Users\Ma'ruf Raufov\Downloads\Telegram Desktop\Security\Security)
2023-12-07T23:38:13.601+05:00 DEBUG 15140 --- [main] com.example.SecurityApplicationTests     : Running with Spring Boot v3.0.1, Spring v6.0.3
2023-12-07T23:38:13.603+05:00  INFO 15140 --- [main] com.example.SecurityApplicationTests     : No active profile set, falling back to 1 default profile: "default"
2023-12-07T23:38:15.268+05:00  INFO 15140 --- [main] .s.d.r.c.RepositoryConfigurationDelegate : Bootstrapping Spring Data JPA repositories in DEFAULT mode.
2023-12-07T23:38:15.370+05:00  INFO 15140 --- [main] .s.d.r.c.RepositoryConfigurationDelegate : Finished Spring Data repository scanning in 87 ms. Found 3 JPA repository interfaces.
2023-12-07T23:38:16.260+05:00  INFO 15140 --- [main] o.hibernate.jpa.internal.util.LogHelper  : HHH000204: Processing PersistenceUnitInfo [name: default]
2023-12-07T23:38:16.323+05:00  INFO 15140 --- [main] org.hibernate.Version                    : HHH000412: Hibernate ORM core version 6.1.6.Final
2023-12-07T23:38:16.617+05:00  WARN 15140 --- [main] org.hibernate.orm.deprecation            : HHH90000021: Encountered deprecated setting [javax.persistence.sharedCache.mode], use [jakarta.persistence.sharedCache.mode] instead
2023-12-07T23:38:16.884+05:00  INFO 15140 --- [main] com.zaxxer.hikari.HikariDataSource       : HikariPool-1 - Starting...
2023-12-07T23:38:17.235+05:00  INFO 15140 --- [main] com.zaxxer.hikari.pool.HikariPool        : HikariPool-1 - Added connection org.postgresql.jdbc.PgConnection@782fd504
2023-12-07T23:38:17.239+05:00  INFO 15140 --- [main] com.zaxxer.hikari.HikariDataSource       : HikariPool-1 - Start completed.
2023-12-07T23:38:17.343+05:00  INFO 15140 --- [main] SQL dialect                              : HHH000400: Using dialect: org.hibernate.dialect.PostgreSQLDialect
2023-12-07T23:38:18.635+05:00  INFO 15140 --- [main] o.h.e.t.j.p.i.JtaPlatformInitiator       : HHH000490: Using JtaPlatform implementation: [org.hibernate.engine.transaction.jta.platform.internal.NoJtaPlatform]
2023-12-07T23:38:18.645+05:00  INFO 15140 --- [main] j.LocalContainerEntityManagerFactoryBean : Initialized JPA EntityManagerFactory for persistence unit 'default'
2023-12-07T23:38:19.549+05:00  WARN 15140 --- [main] JpaBaseConfiguration$JpaWebConfiguration : spring.jpa.open-in-view is enabled by default. Therefore, database queries may be performed during view rendering. Explicitly configure spring.jpa.open-in-view to disable this warning
2023-12-07T23:38:20.020+05:00  INFO 15140 --- [main] o.s.s.web.DefaultSecurityFilterChain     : Will secure any request with [org.springframework.security.web.session.DisableEncodeUrlFilter@77acc95a, org.springframework.security.web.context.request.async.WebAsyncManagerIntegrationFilter@ff1a5a0, org.springframework.security.web.context.SecurityContextHolderFilter@3f2d2f22, org.springframework.security.web.header.HeaderWriterFilter@3d605657, org.springframework.security.web.authentication.logout.LogoutFilter@72ea6fcb, com.example.config.JwtAuthFilter@5020e5ab, org.springframework.security.web.savedrequest.RequestCacheAwareFilter@4bc9389, org.springframework.security.web.servletapi.SecurityContextHolderAwareRequestFilter@79e15c4a, org.springframework.security.web.authentication.AnonymousAuthenticationFilter@75c3584e, org.springframework.security.web.session.SessionManagementFilter@15c96f24, org.springframework.security.web.access.ExceptionTranslationFilter@1fdd5517, org.springframework.security.web.access.intercept.AuthorizationFilter@49f9758]
2023-12-07T23:38:20.534+05:00  INFO 15140 --- [main] com.example.SecurityApplicationTests     : Started SecurityApplicationTests in 7.528 seconds (process running for 9.287)
2023-12-07T23:38:20.601+05:00  INFO 15140 --- [main] o.f.c.internal.license.VersionPrinter    : Flyway Community Edition 9.5.1 by Redgate
2023-12-07T23:38:20.602+05:00  INFO 15140 --- [main] o.f.c.internal.license.VersionPrinter    : See what's new here: https://flywaydb.org/documentation/learnmore/releaseNotes#9.5.1
2023-12-07T23:38:20.602+05:00  INFO 15140 --- [main] o.f.c.internal.license.VersionPrinter    : 
2023-12-07T23:38:20.622+05:00  INFO 15140 --- [main] o.f.c.i.database.base.BaseDatabaseType   : Database: jdbc:postgresql://localhost:5432/kun_uz_test (PostgreSQL 14.8)
2023-12-07T23:38:20.667+05:00  INFO 15140 --- [main] o.f.core.internal.command.DbValidate     : Successfully validated 1 migration (execution time 00:00.023s)
2023-12-07T23:38:20.685+05:00  INFO 15140 --- [main] o.f.core.internal.command.DbMigrate      : Current version of schema "public": 1
2023-12-07T23:38:20.686+05:00  INFO 15140 --- [main] o.f.core.internal.command.DbMigrate      : Schema "public" is up to date. No migration necessary.
2023-12-07T23:38:20.999+05:00  INFO 15140 --- [SpringApplicationShutdownHook] j.LocalContainerEntityManagerFactoryBean : Closing JPA EntityManagerFactory for persistence unit 'default'
2023-12-07T23:38:21.002+05:00  INFO 15140 --- [SpringApplicationShutdownHook] com.zaxxer.hikari.HikariDataSource       : HikariPool-1 - Shutdown initiated...
2023-12-07T23:38:21.010+05:00  INFO 15140 --- [SpringApplicationShutdownHook] com.zaxxer.hikari.HikariDataSource       : HikariPool-1 - Shutdown completed.
2023-12-07T23:47:25.093+05:00  INFO 660 --- [http-nio-8081-exec-1] o.a.c.c.C.[Tomcat].[localhost].[/]       : Initializing Spring DispatcherServlet 'dispatcherServlet'
2023-12-07T23:47:25.098+05:00  INFO 660 --- [http-nio-8081-exec-1] o.s.web.servlet.DispatcherServlet        : Initializing Servlet 'dispatcherServlet'
2023-12-07T23:47:25.110+05:00  INFO 660 --- [http-nio-8081-exec-1] o.s.web.servlet.DispatcherServlet        : Completed initialization in 12 ms
2023-12-07T23:51:57.266+05:00  INFO 660 --- [SpringApplicationShutdownHook] j.LocalContainerEntityManagerFactoryBean : Closing JPA EntityManagerFactory for persistence unit 'default'
2023-12-07T23:51:57.273+05:00  INFO 660 --- [SpringApplicationShutdownHook] com.zaxxer.hikari.HikariDataSource       : HikariPool-1 - Shutdown initiated...
2023-12-07T23:51:57.277+05:00  INFO 660 --- [SpringApplicationShutdownHook] com.zaxxer.hikari.HikariDataSource       : HikariPool-1 - Shutdown completed.
2023-12-07T23:54:58.427+05:00  INFO 6092 --- [main] com.example.SecurityApplication          : Starting SecurityApplication using Java 19.0.2 with PID 6092 (C:\Users\Ma'ruf Raufov\Downloads\Telegram Desktop\Security\Security\target\classes started by Ma'ruf Raufov in C:\Users\Ma'ruf Raufov\Downloads\Telegram Desktop\Security\Security)
2023-12-07T23:54:58.439+05:00 DEBUG 6092 --- [main] com.example.SecurityApplication          : Running with Spring Boot v3.0.1, Spring v6.0.3
2023-12-07T23:54:58.440+05:00  INFO 6092 --- [main] com.example.SecurityApplication          : No active profile set, falling back to 1 default profile: "default"
2023-12-07T23:54:59.135+05:00  INFO 6092 --- [main] .s.d.r.c.RepositoryConfigurationDelegate : Bootstrapping Spring Data JPA repositories in DEFAULT mode.
2023-12-07T23:54:59.218+05:00  INFO 6092 --- [main] .s.d.r.c.RepositoryConfigurationDelegate : Finished Spring Data repository scanning in 66 ms. Found 3 JPA repository interfaces.
2023-12-07T23:54:59.802+05:00  INFO 6092 --- [main] o.s.b.w.embedded.tomcat.TomcatWebServer  : Tomcat initialized with port(s): 8081 (http)
2023-12-07T23:54:59.817+05:00  INFO 6092 --- [main] o.apache.catalina.core.StandardService   : Starting service [Tomcat]
2023-12-07T23:54:59.817+05:00  INFO 6092 --- [main] o.apache.catalina.core.StandardEngine    : Starting Servlet engine: [Apache Tomcat/10.1.4]
2023-12-07T23:54:59.934+05:00  INFO 6092 --- [main] o.a.c.c.C.[Tomcat].[localhost].[/]       : Initializing Spring embedded WebApplicationContext
2023-12-07T23:54:59.934+05:00  INFO 6092 --- [main] w.s.c.ServletWebServerApplicationContext : Root WebApplicationContext: initialization completed in 1437 ms
2023-12-07T23:55:00.088+05:00  INFO 6092 --- [main] o.hibernate.jpa.internal.util.LogHelper  : HHH000204: Processing PersistenceUnitInfo [name: default]
2023-12-07T23:55:00.145+05:00  INFO 6092 --- [main] org.hibernate.Version                    : HHH000412: Hibernate ORM core version 6.1.6.Final
2023-12-07T23:55:00.318+05:00  WARN 6092 --- [main] org.hibernate.orm.deprecation            : HHH90000021: Encountered deprecated setting [javax.persistence.sharedCache.mode], use [jakarta.persistence.sharedCache.mode] instead
2023-12-07T23:55:00.440+05:00  INFO 6092 --- [main] com.zaxxer.hikari.HikariDataSource       : HikariPool-1 - Starting...
2023-12-07T23:55:00.631+05:00  INFO 6092 --- [main] com.zaxxer.hikari.pool.HikariPool        : HikariPool-1 - Added connection org.postgresql.jdbc.PgConnection@7d47dfed
2023-12-07T23:55:00.633+05:00  INFO 6092 --- [main] com.zaxxer.hikari.HikariDataSource       : HikariPool-1 - Start completed.
2023-12-07T23:55:00.690+05:00  INFO 6092 --- [main] SQL dialect                              : HHH000400: Using dialect: org.hibernate.dialect.PostgreSQLDialect
2023-12-07T23:55:01.768+05:00  INFO 6092 --- [main] o.h.e.t.j.p.i.JtaPlatformInitiator       : HHH000490: Using JtaPlatform implementation: [org.hibernate.engine.transaction.jta.platform.internal.NoJtaPlatform]
2023-12-07T23:55:01.779+05:00  INFO 6092 --- [main] j.LocalContainerEntityManagerFactoryBean : Initialized JPA EntityManagerFactory for persistence unit 'default'
2023-12-07T23:55:02.168+05:00 DEBUG 6092 --- [main] com.example.config.JwtAuthFilter         : Filter 'jwtAuthFilter' configured for use
2023-12-07T23:55:02.416+05:00  WARN 6092 --- [main] JpaBaseConfiguration$JpaWebConfiguration : spring.jpa.open-in-view is enabled by default. Therefore, database queries may be performed during view rendering. Explicitly configure spring.jpa.open-in-view to disable this warning
2023-12-07T23:55:02.758+05:00  INFO 6092 --- [main] o.s.s.web.DefaultSecurityFilterChain     : Will secure any request with [org.springframework.security.web.session.DisableEncodeUrlFilter@19d0d1ab, org.springframework.security.web.context.request.async.WebAsyncManagerIntegrationFilter@7e0941cc, org.springframework.security.web.context.SecurityContextHolderFilter@7054c068, org.springframework.security.web.header.HeaderWriterFilter@32ae11c9, org.springframework.security.web.authentication.logout.LogoutFilter@128ca7af, com.example.config.JwtAuthFilter@27575bcd, org.springframework.security.web.savedrequest.RequestCacheAwareFilter@6dd1f239, org.springframework.security.web.servletapi.SecurityContextHolderAwareRequestFilter@54ddd7e4, org.springframework.security.web.authentication.AnonymousAuthenticationFilter@5114c8a1, org.springframework.security.web.session.SessionManagementFilter@19542115, org.springframework.security.web.access.ExceptionTranslationFilter@4a490518, org.springframework.security.web.access.intercept.AuthorizationFilter@4e553d60]
2023-12-07T23:55:03.029+05:00  INFO 6092 --- [main] o.s.b.w.embedded.tomcat.TomcatWebServer  : Tomcat started on port(s): 8081 (http) with context path ''
2023-12-07T23:55:03.045+05:00  INFO 6092 --- [main] com.example.SecurityApplication          : Started SecurityApplication in 5.283 seconds (process running for 6.331)
2023-12-07T23:55:03.156+05:00  INFO 6092 --- [main] o.f.c.internal.license.VersionPrinter    : Flyway Community Edition 9.5.1 by Redgate
2023-12-07T23:55:03.156+05:00  INFO 6092 --- [main] o.f.c.internal.license.VersionPrinter    : See what's new here: https://flywaydb.org/documentation/learnmore/releaseNotes#9.5.1
2023-12-07T23:55:03.156+05:00  INFO 6092 --- [main] o.f.c.internal.license.VersionPrinter    : 
2023-12-07T23:55:03.174+05:00  INFO 6092 --- [main] o.f.c.i.database.base.BaseDatabaseType   : Database: jdbc:postgresql://localhost:5432/kun_uz (PostgreSQL 14.8)
2023-12-07T23:55:03.195+05:00  INFO 6092 --- [main] o.f.core.internal.command.DbValidate     : Successfully validated 0 migrations (execution time 00:00.006s)
2023-12-07T23:55:03.195+05:00  WARN 6092 --- [main] o.f.core.internal.command.DbValidate     : No migrations found. Are your locations set up correctly?
2023-12-07T23:55:03.213+05:00  INFO 6092 --- [main] o.f.c.i.s.JdbcTableSchemaHistory         : Creating Schema History table "public"."flyway_schema_history" with baseline ...
2023-12-07T23:55:03.250+05:00  INFO 6092 --- [main] o.f.core.internal.command.DbBaseline     : Successfully baselined schema with version: 1
2023-12-07T23:55:03.271+05:00  INFO 6092 --- [main] o.f.core.internal.command.DbMigrate      : Current version of schema "public": 1
2023-12-07T23:55:03.272+05:00  INFO 6092 --- [main] o.f.core.internal.command.DbMigrate      : Schema "public" is up to date. No migration necessary.
2023-12-07T23:55:11.047+05:00  INFO 6092 --- [http-nio-8081-exec-1] o.a.c.c.C.[Tomcat].[localhost].[/]       : Initializing Spring DispatcherServlet 'dispatcherServlet'
2023-12-07T23:55:11.048+05:00  INFO 6092 --- [http-nio-8081-exec-1] o.s.web.servlet.DispatcherServlet        : Initializing Servlet 'dispatcherServlet'
2023-12-07T23:55:11.051+05:00  INFO 6092 --- [http-nio-8081-exec-1] o.s.web.servlet.DispatcherServlet        : Completed initialization in 2 ms
2023-12-07T23:55:41.990+05:00  INFO 6092 --- [SpringApplicationShutdownHook] j.LocalContainerEntityManagerFactoryBean : Closing JPA EntityManagerFactory for persistence unit 'default'
2023-12-07T23:55:41.992+05:00  INFO 6092 --- [SpringApplicationShutdownHook] com.zaxxer.hikari.HikariDataSource       : HikariPool-1 - Shutdown initiated...
2023-12-07T23:55:41.996+05:00  INFO 6092 --- [SpringApplicationShutdownHook] com.zaxxer.hikari.HikariDataSource       : HikariPool-1 - Shutdown completed.
2023-12-07T23:55:45.376+05:00  INFO 12404 --- [main] com.example.SecurityApplication          : Starting SecurityApplication using Java 19.0.2 with PID 12404 (C:\Users\Ma'ruf Raufov\Downloads\Telegram Desktop\Security\Security\target\classes started by Ma'ruf Raufov in C:\Users\Ma'ruf Raufov\Downloads\Telegram Desktop\Security\Security)
2023-12-07T23:55:45.398+05:00 DEBUG 12404 --- [main] com.example.SecurityApplication          : Running with Spring Boot v3.0.1, Spring v6.0.3
2023-12-07T23:55:45.399+05:00  INFO 12404 --- [main] com.example.SecurityApplication          : No active profile set, falling back to 1 default profile: "default"
2023-12-07T23:55:46.187+05:00  INFO 12404 --- [main] .s.d.r.c.RepositoryConfigurationDelegate : Bootstrapping Spring Data JPA repositories in DEFAULT mode.
2023-12-07T23:55:46.264+05:00  INFO 12404 --- [main] .s.d.r.c.RepositoryConfigurationDelegate : Finished Spring Data repository scanning in 68 ms. Found 3 JPA repository interfaces.
2023-12-07T23:55:46.733+05:00  INFO 12404 --- [main] o.s.b.w.embedded.tomcat.TomcatWebServer  : Tomcat initialized with port(s): 8081 (http)
2023-12-07T23:55:46.741+05:00  INFO 12404 --- [main] o.apache.catalina.core.StandardService   : Starting service [Tomcat]
2023-12-07T23:55:46.741+05:00  INFO 12404 --- [main] o.apache.catalina.core.StandardEngine    : Starting Servlet engine: [Apache Tomcat/10.1.4]
2023-12-07T23:55:46.819+05:00  INFO 12404 --- [main] o.a.c.c.C.[Tomcat].[localhost].[/]       : Initializing Spring embedded WebApplicationContext
2023-12-07T23:55:46.819+05:00  INFO 12404 --- [main] w.s.c.ServletWebServerApplicationContext : Root WebApplicationContext: initialization completed in 1331 ms
2023-12-07T23:55:46.911+05:00  INFO 12404 --- [main] o.hibernate.jpa.internal.util.LogHelper  : HHH000204: Processing PersistenceUnitInfo [name: default]
2023-12-07T23:55:46.956+05:00  INFO 12404 --- [main] org.hibernate.Version                    : HHH000412: Hibernate ORM core version 6.1.6.Final
2023-12-07T23:55:47.099+05:00  WARN 12404 --- [main] org.hibernate.orm.deprecation            : HHH90000021: Encountered deprecated setting [javax.persistence.sharedCache.mode], use [jakarta.persistence.sharedCache.mode] instead
2023-12-07T23:55:47.216+05:00  INFO 12404 --- [main] com.zaxxer.hikari.HikariDataSource       : HikariPool-1 - Starting...
2023-12-07T23:55:47.376+05:00  INFO 12404 --- [main] com.zaxxer.hikari.pool.HikariPool        : HikariPool-1 - Added connection org.postgresql.jdbc.PgConnection@448cdb47
2023-12-07T23:55:47.377+05:00  INFO 12404 --- [main] com.zaxxer.hikari.HikariDataSource       : HikariPool-1 - Start completed.
2023-12-07T23:55:47.425+05:00  INFO 12404 --- [main] SQL dialect                              : HHH000400: Using dialect: org.hibernate.dialect.PostgreSQLDialect
2023-12-07T23:55:48.499+05:00  INFO 12404 --- [main] o.h.e.t.j.p.i.JtaPlatformInitiator       : HHH000490: Using JtaPlatform implementation: [org.hibernate.engine.transaction.jta.platform.internal.NoJtaPlatform]
2023-12-07T23:55:48.509+05:00  INFO 12404 --- [main] j.LocalContainerEntityManagerFactoryBean : Initialized JPA EntityManagerFactory for persistence unit 'default'
2023-12-07T23:55:48.808+05:00 DEBUG 12404 --- [main] com.example.config.JwtAuthFilter         : Filter 'jwtAuthFilter' configured for use
2023-12-07T23:55:48.959+05:00  WARN 12404 --- [main] JpaBaseConfiguration$JpaWebConfiguration : spring.jpa.open-in-view is enabled by default. Therefore, database queries may be performed during view rendering. Explicitly configure spring.jpa.open-in-view to disable this warning
2023-12-07T23:55:49.175+05:00  INFO 12404 --- [main] o.s.s.web.DefaultSecurityFilterChain     : Will secure any request with [org.springframework.security.web.session.DisableEncodeUrlFilter@7841c990, org.springframework.security.web.context.request.async.WebAsyncManagerIntegrationFilter@1e75bef1, org.springframework.security.web.context.SecurityContextHolderFilter@68fa8ea5, org.springframework.security.web.header.HeaderWriterFilter@367fbb28, org.springframework.security.web.authentication.logout.LogoutFilter@71ce19ee, com.example.config.JwtAuthFilter@6f95654c, org.springframework.security.web.savedrequest.RequestCacheAwareFilter@ecb8b3e, org.springframework.security.web.servletapi.SecurityContextHolderAwareRequestFilter@5bed0ff4, org.springframework.security.web.authentication.AnonymousAuthenticationFilter@169d5567, org.springframework.security.web.session.SessionManagementFilter@16b2d182, org.springframework.security.web.access.ExceptionTranslationFilter@28d97205, org.springframework.security.web.access.intercept.AuthorizationFilter@47c422d3]
2023-12-07T23:55:49.377+05:00  INFO 12404 --- [main] o.s.b.w.embedded.tomcat.TomcatWebServer  : Tomcat started on port(s): 8081 (http) with context path ''
2023-12-07T23:55:49.387+05:00  INFO 12404 --- [main] com.example.SecurityApplication          : Started SecurityApplication in 4.643 seconds (process running for 5.419)
2023-12-07T23:55:49.455+05:00  INFO 12404 --- [main] o.f.c.internal.license.VersionPrinter    : Flyway Community Edition 9.5.1 by Redgate
2023-12-07T23:55:49.455+05:00  INFO 12404 --- [main] o.f.c.internal.license.VersionPrinter    : See what's new here: https://flywaydb.org/documentation/learnmore/releaseNotes#9.5.1
2023-12-07T23:55:49.455+05:00  INFO 12404 --- [main] o.f.c.internal.license.VersionPrinter    : 
2023-12-07T23:55:49.465+05:00  INFO 12404 --- [main] o.f.c.i.database.base.BaseDatabaseType   : Database: jdbc:postgresql://localhost:5432/kun_uz (PostgreSQL 14.8)
2023-12-07T23:55:49.490+05:00  INFO 12404 --- [main] o.f.core.internal.command.DbValidate     : Successfully validated 1 migration (execution time 00:00.011s)
2023-12-07T23:55:49.499+05:00  INFO 12404 --- [main] o.f.core.internal.command.DbMigrate      : Current version of schema "public": 1
2023-12-07T23:55:49.499+05:00  INFO 12404 --- [main] o.f.core.internal.command.DbMigrate      : Schema "public" is up to date. No migration necessary.
2023-12-07T23:56:42.256+05:00  INFO 12404 --- [SpringApplicationShutdownHook] j.LocalContainerEntityManagerFactoryBean : Closing JPA EntityManagerFactory for persistence unit 'default'
2023-12-07T23:56:42.258+05:00  INFO 12404 --- [SpringApplicationShutdownHook] com.zaxxer.hikari.HikariDataSource       : HikariPool-1 - Shutdown initiated...
2023-12-07T23:56:42.261+05:00  INFO 12404 --- [SpringApplicationShutdownHook] com.zaxxer.hikari.HikariDataSource       : HikariPool-1 - Shutdown completed.
2023-12-07T23:56:44.925+05:00  INFO 4920 --- [main] com.example.SecurityApplication          : Starting SecurityApplication using Java 19.0.2 with PID 4920 (C:\Users\Ma'ruf Raufov\Downloads\Telegram Desktop\Security\Security\target\classes started by Ma'ruf Raufov in C:\Users\Ma'ruf Raufov\Downloads\Telegram Desktop\Security\Security)
2023-12-07T23:56:44.939+05:00 DEBUG 4920 --- [main] com.example.SecurityApplication          : Running with Spring Boot v3.0.1, Spring v6.0.3
2023-12-07T23:56:44.940+05:00  INFO 4920 --- [main] com.example.SecurityApplication          : No active profile set, falling back to 1 default profile: "default"
2023-12-07T23:56:45.612+05:00  INFO 4920 --- [main] .s.d.r.c.RepositoryConfigurationDelegate : Bootstrapping Spring Data JPA repositories in DEFAULT mode.
2023-12-07T23:56:45.681+05:00  INFO 4920 --- [main] .s.d.r.c.RepositoryConfigurationDelegate : Finished Spring Data repository scanning in 63 ms. Found 3 JPA repository interfaces.
2023-12-07T23:56:46.247+05:00  INFO 4920 --- [main] o.s.b.w.embedded.tomcat.TomcatWebServer  : Tomcat initialized with port(s): 8081 (http)
2023-12-07T23:56:46.255+05:00  INFO 4920 --- [main] o.apache.catalina.core.StandardService   : Starting service [Tomcat]
2023-12-07T23:56:46.255+05:00  INFO 4920 --- [main] o.apache.catalina.core.StandardEngine    : Starting Servlet engine: [Apache Tomcat/10.1.4]
2023-12-07T23:56:46.343+05:00  INFO 4920 --- [main] o.a.c.c.C.[Tomcat].[localhost].[/]       : Initializing Spring embedded WebApplicationContext
2023-12-07T23:56:46.344+05:00  INFO 4920 --- [main] w.s.c.ServletWebServerApplicationContext : Root WebApplicationContext: initialization completed in 1352 ms
2023-12-07T23:56:46.445+05:00  INFO 4920 --- [main] o.hibernate.jpa.internal.util.LogHelper  : HHH000204: Processing PersistenceUnitInfo [name: default]
2023-12-07T23:56:46.499+05:00  INFO 4920 --- [main] org.hibernate.Version                    : HHH000412: Hibernate ORM core version 6.1.6.Final
2023-12-07T23:56:46.632+05:00  WARN 4920 --- [main] org.hibernate.orm.deprecation            : HHH90000021: Encountered deprecated setting [javax.persistence.sharedCache.mode], use [jakarta.persistence.sharedCache.mode] instead
2023-12-07T23:56:46.743+05:00  INFO 4920 --- [main] com.zaxxer.hikari.HikariDataSource       : HikariPool-1 - Starting...
2023-12-07T23:56:46.900+05:00  INFO 4920 --- [main] com.zaxxer.hikari.pool.HikariPool        : HikariPool-1 - Added connection org.postgresql.jdbc.PgConnection@639c7f9c
2023-12-07T23:56:46.902+05:00  INFO 4920 --- [main] com.zaxxer.hikari.HikariDataSource       : HikariPool-1 - Start completed.
2023-12-07T23:56:46.953+05:00  INFO 4920 --- [main] SQL dialect                              : HHH000400: Using dialect: org.hibernate.dialect.PostgreSQLDialect
2023-12-07T23:56:47.895+05:00  INFO 4920 --- [main] o.h.e.t.j.p.i.JtaPlatformInitiator       : HHH000490: Using JtaPlatform implementation: [org.hibernate.engine.transaction.jta.platform.internal.NoJtaPlatform]
2023-12-07T23:56:47.903+05:00  INFO 4920 --- [main] j.LocalContainerEntityManagerFactoryBean : Initialized JPA EntityManagerFactory for persistence unit 'default'
2023-12-07T23:56:48.219+05:00 DEBUG 4920 --- [main] com.example.config.JwtAuthFilter         : Filter 'jwtAuthFilter' configured for use
2023-12-07T23:56:48.380+05:00  WARN 4920 --- [main] JpaBaseConfiguration$JpaWebConfiguration : spring.jpa.open-in-view is enabled by default. Therefore, database queries may be performed during view rendering. Explicitly configure spring.jpa.open-in-view to disable this warning
2023-12-07T23:56:48.591+05:00  INFO 4920 --- [main] o.s.s.web.DefaultSecurityFilterChain     : Will secure any request with [org.springframework.security.web.session.DisableEncodeUrlFilter@5a88849, org.springframework.security.web.context.request.async.WebAsyncManagerIntegrationFilter@36ce0bc2, org.springframework.security.web.context.SecurityContextHolderFilter@3bf52f8f, org.springframework.security.web.header.HeaderWriterFilter@68c47cf9, org.springframework.security.web.authentication.logout.LogoutFilter@68b3de47, com.example.config.JwtAuthFilter@6a7ea7c, org.springframework.security.web.savedrequest.RequestCacheAwareFilter@811d8d6, org.springframework.security.web.servletapi.SecurityContextHolderAwareRequestFilter@28b7646, org.springframework.security.web.authentication.AnonymousAuthenticationFilter@317fa5dd, org.springframework.security.web.session.SessionManagementFilter@4d142b53, org.springframework.security.web.access.ExceptionTranslationFilter@50841932, org.springframework.security.web.access.intercept.AuthorizationFilter@236206f8]
2023-12-07T23:56:48.795+05:00  INFO 4920 --- [main] o.s.b.w.embedded.tomcat.TomcatWebServer  : Tomcat started on port(s): 8081 (http) with context path ''
2023-12-07T23:56:48.805+05:00  INFO 4920 --- [main] com.example.SecurityApplication          : Started SecurityApplication in 4.339 seconds (process running for 5.031)
2023-12-07T23:56:48.878+05:00  INFO 4920 --- [main] o.f.c.internal.license.VersionPrinter    : Flyway Community Edition 9.5.1 by Redgate
2023-12-07T23:56:48.878+05:00  INFO 4920 --- [main] o.f.c.internal.license.VersionPrinter    : See what's new here: https://flywaydb.org/documentation/learnmore/releaseNotes#9.5.1
2023-12-07T23:56:48.878+05:00  INFO 4920 --- [main] o.f.c.internal.license.VersionPrinter    : 
2023-12-07T23:56:48.886+05:00  INFO 4920 --- [main] o.f.c.i.resource.ResourceNameValidator   : 2 SQL migrations were detected but not run because they did not follow the filename convention.
2023-12-07T23:56:48.886+05:00  INFO 4920 --- [main] o.f.c.i.resource.ResourceNameValidator   : If this is in error, enable debug logging or 'validateMigrationNaming' to fail fast and see a list of the invalid file names.
2023-12-07T23:56:48.893+05:00  INFO 4920 --- [main] o.f.c.i.database.base.BaseDatabaseType   : Database: jdbc:postgresql://localhost:5432/kun_uz (PostgreSQL 14.8)
2023-12-07T23:56:48.918+05:00  INFO 4920 --- [main] o.f.core.internal.command.DbValidate     : Successfully validated 1 migration (execution time 00:00.012s)
2023-12-07T23:56:48.927+05:00  INFO 4920 --- [main] o.f.core.internal.command.DbMigrate      : Current version of schema "public": 1
2023-12-07T23:56:48.928+05:00  INFO 4920 --- [main] o.f.core.internal.command.DbMigrate      : Schema "public" is up to date. No migration necessary.
2023-12-07T23:58:42.896+05:00  INFO 4920 --- [SpringApplicationShutdownHook] j.LocalContainerEntityManagerFactoryBean : Closing JPA EntityManagerFactory for persistence unit 'default'
2023-12-07T23:58:42.898+05:00  INFO 4920 --- [SpringApplicationShutdownHook] com.zaxxer.hikari.HikariDataSource       : HikariPool-1 - Shutdown initiated...
2023-12-07T23:58:42.901+05:00  INFO 4920 --- [SpringApplicationShutdownHook] com.zaxxer.hikari.HikariDataSource       : HikariPool-1 - Shutdown completed.
2023-12-07T23:58:46.787+05:00  INFO 16148 --- [main] com.example.SecurityApplication          : Starting SecurityApplication using Java 19.0.2 with PID 16148 (C:\Users\Ma'ruf Raufov\Downloads\Telegram Desktop\Security\Security\target\classes started by Ma'ruf Raufov in C:\Users\Ma'ruf Raufov\Downloads\Telegram Desktop\Security\Security)
2023-12-07T23:58:46.809+05:00 DEBUG 16148 --- [main] com.example.SecurityApplication          : Running with Spring Boot v3.0.1, Spring v6.0.3
2023-12-07T23:58:46.811+05:00  INFO 16148 --- [main] com.example.SecurityApplication          : No active profile set, falling back to 1 default profile: "default"
2023-12-07T23:58:47.633+05:00  INFO 16148 --- [main] .s.d.r.c.RepositoryConfigurationDelegate : Bootstrapping Spring Data JPA repositories in DEFAULT mode.
2023-12-07T23:58:47.707+05:00  INFO 16148 --- [main] .s.d.r.c.RepositoryConfigurationDelegate : Finished Spring Data repository scanning in 54 ms. Found 3 JPA repository interfaces.
2023-12-07T23:58:48.175+05:00  INFO 16148 --- [main] o.s.b.w.embedded.tomcat.TomcatWebServer  : Tomcat initialized with port(s): 8081 (http)
2023-12-07T23:58:48.183+05:00  INFO 16148 --- [main] o.apache.catalina.core.StandardService   : Starting service [Tomcat]
2023-12-07T23:58:48.184+05:00  INFO 16148 --- [main] o.apache.catalina.core.StandardEngine    : Starting Servlet engine: [Apache Tomcat/10.1.4]
2023-12-07T23:58:48.263+05:00  INFO 16148 --- [main] o.a.c.c.C.[Tomcat].[localhost].[/]       : Initializing Spring embedded WebApplicationContext
2023-12-07T23:58:48.264+05:00  INFO 16148 --- [main] w.s.c.ServletWebServerApplicationContext : Root WebApplicationContext: initialization completed in 1362 ms
2023-12-07T23:58:48.371+05:00  INFO 16148 --- [main] o.hibernate.jpa.internal.util.LogHelper  : HHH000204: Processing PersistenceUnitInfo [name: default]
2023-12-07T23:58:48.454+05:00  INFO 16148 --- [main] org.hibernate.Version                    : HHH000412: Hibernate ORM core version 6.1.6.Final
2023-12-07T23:58:48.660+05:00  WARN 16148 --- [main] org.hibernate.orm.deprecation            : HHH90000021: Encountered deprecated setting [javax.persistence.sharedCache.mode], use [jakarta.persistence.sharedCache.mode] instead
2023-12-07T23:58:48.786+05:00  INFO 16148 --- [main] com.zaxxer.hikari.HikariDataSource       : HikariPool-1 - Starting...
2023-12-07T23:58:48.936+05:00  INFO 16148 --- [main] com.zaxxer.hikari.pool.HikariPool        : HikariPool-1 - Added connection org.postgresql.jdbc.PgConnection@3ec9f8d
2023-12-07T23:58:48.937+05:00  INFO 16148 --- [main] com.zaxxer.hikari.HikariDataSource       : HikariPool-1 - Start completed.
2023-12-07T23:58:48.985+05:00  INFO 16148 --- [main] SQL dialect                              : HHH000400: Using dialect: org.hibernate.dialect.PostgreSQLDialect
2023-12-07T23:58:50.003+05:00  INFO 16148 --- [main] o.h.e.t.j.p.i.JtaPlatformInitiator       : HHH000490: Using JtaPlatform implementation: [org.hibernate.engine.transaction.jta.platform.internal.NoJtaPlatform]
2023-12-07T23:58:50.013+05:00  INFO 16148 --- [main] j.LocalContainerEntityManagerFactoryBean : Initialized JPA EntityManagerFactory for persistence unit 'default'
2023-12-07T23:58:50.323+05:00 DEBUG 16148 --- [main] com.example.config.JwtAuthFilter         : Filter 'jwtAuthFilter' configured for use
2023-12-07T23:58:50.478+05:00  WARN 16148 --- [main] JpaBaseConfiguration$JpaWebConfiguration : spring.jpa.open-in-view is enabled by default. Therefore, database queries may be performed during view rendering. Explicitly configure spring.jpa.open-in-view to disable this warning
2023-12-07T23:58:50.705+05:00  INFO 16148 --- [main] o.s.s.web.DefaultSecurityFilterChain     : Will secure any request with [org.springframework.security.web.session.DisableEncodeUrlFilter@48ba37dc, org.springframework.security.web.context.request.async.WebAsyncManagerIntegrationFilter@322f84fd, org.springframework.security.web.context.SecurityContextHolderFilter@477e5b69, org.springframework.security.web.header.HeaderWriterFilter@52fed5b7, org.springframework.security.web.authentication.logout.LogoutFilter@4e553d60, com.example.config.JwtAuthFilter@38ad86b1, org.springframework.security.web.savedrequest.RequestCacheAwareFilter@74a991cf, org.springframework.security.web.servletapi.SecurityContextHolderAwareRequestFilter@26c1f3eb, org.springframework.security.web.authentication.AnonymousAuthenticationFilter@113cc14d, org.springframework.security.web.session.SessionManagementFilter@54ddd7e4, org.springframework.security.web.access.ExceptionTranslationFilter@1e34840f, org.springframework.security.web.access.intercept.AuthorizationFilter@78805df3]
2023-12-07T23:58:50.901+05:00  INFO 16148 --- [main] o.s.b.w.embedded.tomcat.TomcatWebServer  : Tomcat started on port(s): 8081 (http) with context path ''
2023-12-07T23:58:50.910+05:00  INFO 16148 --- [main] com.example.SecurityApplication          : Started SecurityApplication in 4.734 seconds (process running for 5.61)
2023-12-07T23:58:50.982+05:00  INFO 16148 --- [main] o.f.c.internal.license.VersionPrinter    : Flyway Community Edition 9.5.1 by Redgate
2023-12-07T23:58:50.982+05:00  INFO 16148 --- [main] o.f.c.internal.license.VersionPrinter    : See what's new here: https://flywaydb.org/documentation/learnmore/releaseNotes#9.5.1
2023-12-07T23:58:50.984+05:00  INFO 16148 --- [main] o.f.c.internal.license.VersionPrinter    : 
2023-12-07T23:58:50.991+05:00  INFO 16148 --- [main] o.f.c.i.resource.ResourceNameValidator   : 2 SQL migrations were detected but not run because they did not follow the filename convention.
2023-12-07T23:58:50.991+05:00  INFO 16148 --- [main] o.f.c.i.resource.ResourceNameValidator   : If this is in error, enable debug logging or 'validateMigrationNaming' to fail fast and see a list of the invalid file names.
2023-12-07T23:58:50.998+05:00  INFO 16148 --- [main] o.f.c.i.database.base.BaseDatabaseType   : Database: jdbc:postgresql://localhost:5432/kun_uz (PostgreSQL 14.8)
2023-12-07T23:58:51.022+05:00  INFO 16148 --- [main] o.f.core.internal.command.DbValidate     : Successfully validated 1 migration (execution time 00:00.012s)
2023-12-07T23:58:51.031+05:00  INFO 16148 --- [main] o.f.core.internal.command.DbMigrate      : Current version of schema "public": 1
2023-12-07T23:58:51.032+05:00  INFO 16148 --- [main] o.f.core.internal.command.DbMigrate      : Schema "public" is up to date. No migration necessary.
