2023-12-17T00:14:26.019+05:00  WARN 20216 --- [HikariPool-1 housekeeper] com.zaxxer.hikari.pool.HikariPool        : HikariPool-1 - Thread starvation or clock leap detected (housekeeper delta=14m45s795ms390µs400ns).
2023-12-17T00:15:37.256+05:00  INFO 20216 --- [SpringApplicationShutdownHook] j.LocalContainerEntityManagerFactoryBean : Closing JPA EntityManagerFactory for persistence unit 'default'
2023-12-17T00:15:37.260+05:00  INFO 20216 --- [SpringApplicationShutdownHook] com.zaxxer.hikari.HikariDataSource       : HikariPool-1 - Shutdown initiated...
2023-12-17T00:15:37.267+05:00  INFO 20216 --- [SpringApplicationShutdownHook] com.zaxxer.hikari.HikariDataSource       : HikariPool-1 - Shutdown completed.
2023-12-17T00:15:43.842+05:00  INFO 18596 --- [main] com.example.SecurityApplication          : Starting SecurityApplication using Java 19.0.2 with PID 18596 (C:\Users\Ma'ruf Raufov\Downloads\Telegram Desktop\Security\Security\target\classes started by Ma'ruf Raufov in C:\Users\Ma'ruf Raufov\Downloads\Telegram Desktop\Security\Security)
2023-12-17T00:15:43.859+05:00 DEBUG 18596 --- [main] com.example.SecurityApplication          : Running with Spring Boot v3.0.1, Spring v6.0.3
2023-12-17T00:15:43.860+05:00  INFO 18596 --- [main] com.example.SecurityApplication          : No active profile set, falling back to 1 default profile: "default"
2023-12-17T00:15:44.694+05:00  INFO 18596 --- [main] .s.d.r.c.RepositoryConfigurationDelegate : Bootstrapping Spring Data JPA repositories in DEFAULT mode.
2023-12-17T00:15:44.759+05:00  INFO 18596 --- [main] .s.d.r.c.RepositoryConfigurationDelegate : Finished Spring Data repository scanning in 58 ms. Found 5 JPA repository interfaces.
2023-12-17T00:15:45.282+05:00  INFO 18596 --- [main] o.s.b.w.embedded.tomcat.TomcatWebServer  : Tomcat initialized with port(s): 8081 (http)
2023-12-17T00:15:45.292+05:00  INFO 18596 --- [main] o.apache.catalina.core.StandardService   : Starting service [Tomcat]
2023-12-17T00:15:45.293+05:00  INFO 18596 --- [main] o.apache.catalina.core.StandardEngine    : Starting Servlet engine: [Apache Tomcat/10.1.4]
2023-12-17T00:15:45.377+05:00  INFO 18596 --- [main] o.a.c.c.C.[Tomcat].[localhost].[/]       : Initializing Spring embedded WebApplicationContext
2023-12-17T00:15:45.378+05:00  INFO 18596 --- [main] w.s.c.ServletWebServerApplicationContext : Root WebApplicationContext: initialization completed in 1465 ms
2023-12-17T00:15:45.490+05:00  INFO 18596 --- [main] o.hibernate.jpa.internal.util.LogHelper  : HHH000204: Processing PersistenceUnitInfo [name: default]
2023-12-17T00:15:45.556+05:00  INFO 18596 --- [main] org.hibernate.Version                    : HHH000412: Hibernate ORM core version 6.1.6.Final
2023-12-17T00:15:45.728+05:00  WARN 18596 --- [main] org.hibernate.orm.deprecation            : HHH90000021: Encountered deprecated setting [javax.persistence.sharedCache.mode], use [jakarta.persistence.sharedCache.mode] instead
2023-12-17T00:15:45.830+05:00  INFO 18596 --- [main] com.zaxxer.hikari.HikariDataSource       : HikariPool-1 - Starting...
2023-12-17T00:15:45.994+05:00  INFO 18596 --- [main] com.zaxxer.hikari.pool.HikariPool        : HikariPool-1 - Added connection org.postgresql.jdbc.PgConnection@71f0806b
2023-12-17T00:15:45.995+05:00  INFO 18596 --- [main] com.zaxxer.hikari.HikariDataSource       : HikariPool-1 - Start completed.
2023-12-17T00:15:46.045+05:00  INFO 18596 --- [main] SQL dialect                              : HHH000400: Using dialect: org.hibernate.dialect.PostgreSQLDialect
2023-12-17T00:15:46.984+05:00  INFO 18596 --- [main] o.h.e.t.j.p.i.JtaPlatformInitiator       : HHH000490: Using JtaPlatform implementation: [org.hibernate.engine.transaction.jta.platform.internal.NoJtaPlatform]
2023-12-17T00:15:46.992+05:00  INFO 18596 --- [main] j.LocalContainerEntityManagerFactoryBean : Initialized JPA EntityManagerFactory for persistence unit 'default'
2023-12-17T00:15:47.548+05:00 DEBUG 18596 --- [main] com.example.config.JwtTokenFilter        : Filter 'jwtTokenFilter' configured for use
2023-12-17T00:15:48.519+05:00  INFO 18596 --- [main] o.s.s.web.DefaultSecurityFilterChain     : Will secure any request with [org.springframework.security.web.session.DisableEncodeUrlFilter@41f84bb1, org.springframework.security.web.context.request.async.WebAsyncManagerIntegrationFilter@5013c6bc, org.springframework.security.web.context.SecurityContextHolderFilter@2cd6fae8, org.springframework.security.web.header.HeaderWriterFilter@2b8f5aa4, org.springframework.security.web.authentication.logout.LogoutFilter@61b6f287, com.example.config.JwtTokenFilter@4202bfe8, org.springframework.security.web.savedrequest.RequestCacheAwareFilter@72ea5674, org.springframework.security.web.servletapi.SecurityContextHolderAwareRequestFilter@7ecd6861, org.springframework.security.web.authentication.AnonymousAuthenticationFilter@6527f68a, org.springframework.security.web.access.ExceptionTranslationFilter@444720b7, org.springframework.security.web.access.intercept.AuthorizationFilter@314407dd]
2023-12-17T00:15:48.873+05:00  INFO 18596 --- [main] o.s.b.w.embedded.tomcat.TomcatWebServer  : Tomcat started on port(s): 8081 (http) with context path ''
2023-12-17T00:15:48.882+05:00  INFO 18596 --- [main] com.example.SecurityApplication          : Started SecurityApplication in 5.52 seconds (process running for 6.244)
2023-12-17T00:15:48.928+05:00  INFO 18596 --- [main] o.f.c.internal.license.VersionPrinter    : Flyway Community Edition 9.5.1 by Redgate
2023-12-17T00:15:48.928+05:00  INFO 18596 --- [main] o.f.c.internal.license.VersionPrinter    : See what's new here: https://flywaydb.org/documentation/learnmore/releaseNotes#9.5.1
2023-12-17T00:15:48.928+05:00  INFO 18596 --- [main] o.f.c.internal.license.VersionPrinter    : 
2023-12-17T00:15:48.940+05:00  INFO 18596 --- [main] o.f.c.i.database.base.BaseDatabaseType   : Database: jdbc:postgresql://localhost:5432/kun_uz (PostgreSQL 14.8)
2023-12-17T00:15:48.973+05:00  INFO 18596 --- [main] o.f.core.internal.command.DbValidate     : Successfully validated 4 migrations (execution time 00:00.019s)
2023-12-17T00:15:48.982+05:00  INFO 18596 --- [main] o.f.core.internal.command.DbMigrate      : Current version of schema "public": 3
2023-12-17T00:15:48.983+05:00  INFO 18596 --- [main] o.f.core.internal.command.DbMigrate      : Schema "public" is up to date. No migration necessary.
2023-12-17T00:16:01.593+05:00  INFO 18596 --- [http-nio-8081-exec-1] o.a.c.c.C.[Tomcat].[localhost].[/]       : Initializing Spring DispatcherServlet 'dispatcherServlet'
2023-12-17T00:16:01.593+05:00  INFO 18596 --- [http-nio-8081-exec-1] o.s.web.servlet.DispatcherServlet        : Initializing Servlet 'dispatcherServlet'
2023-12-17T00:16:01.595+05:00  INFO 18596 --- [http-nio-8081-exec-1] o.s.web.servlet.DispatcherServlet        : Completed initialization in 1 ms
2023-12-17T00:21:13.947+05:00  INFO 18596 --- [SpringApplicationShutdownHook] j.LocalContainerEntityManagerFactoryBean : Closing JPA EntityManagerFactory for persistence unit 'default'
2023-12-17T00:21:13.949+05:00  INFO 18596 --- [SpringApplicationShutdownHook] com.zaxxer.hikari.HikariDataSource       : HikariPool-1 - Shutdown initiated...
2023-12-17T00:21:13.952+05:00  INFO 18596 --- [SpringApplicationShutdownHook] com.zaxxer.hikari.HikariDataSource       : HikariPool-1 - Shutdown completed.
2023-12-17T00:21:23.609+05:00  INFO 20108 --- [main] com.example.SecurityApplication          : Starting SecurityApplication using Java 19.0.2 with PID 20108 (C:\Users\Ma'ruf Raufov\Downloads\Telegram Desktop\Security\Security\target\classes started by Ma'ruf Raufov in C:\Users\Ma'ruf Raufov\Downloads\Telegram Desktop\Security\Security)
2023-12-17T00:21:23.623+05:00 DEBUG 20108 --- [main] com.example.SecurityApplication          : Running with Spring Boot v3.0.1, Spring v6.0.3
2023-12-17T00:21:23.624+05:00  INFO 20108 --- [main] com.example.SecurityApplication          : No active profile set, falling back to 1 default profile: "default"
2023-12-17T00:21:24.443+05:00  INFO 20108 --- [main] .s.d.r.c.RepositoryConfigurationDelegate : Bootstrapping Spring Data JPA repositories in DEFAULT mode.
2023-12-17T00:21:24.513+05:00  INFO 20108 --- [main] .s.d.r.c.RepositoryConfigurationDelegate : Finished Spring Data repository scanning in 62 ms. Found 5 JPA repository interfaces.
2023-12-17T00:21:25.104+05:00  INFO 20108 --- [main] o.s.b.w.embedded.tomcat.TomcatWebServer  : Tomcat initialized with port(s): 8081 (http)
2023-12-17T00:21:25.115+05:00  INFO 20108 --- [main] o.apache.catalina.core.StandardService   : Starting service [Tomcat]
2023-12-17T00:21:25.115+05:00  INFO 20108 --- [main] o.apache.catalina.core.StandardEngine    : Starting Servlet engine: [Apache Tomcat/10.1.4]
2023-12-17T00:21:25.212+05:00  INFO 20108 --- [main] o.a.c.c.C.[Tomcat].[localhost].[/]       : Initializing Spring embedded WebApplicationContext
2023-12-17T00:21:25.213+05:00  INFO 20108 --- [main] w.s.c.ServletWebServerApplicationContext : Root WebApplicationContext: initialization completed in 1532 ms
2023-12-17T00:21:25.353+05:00  INFO 20108 --- [main] o.hibernate.jpa.internal.util.LogHelper  : HHH000204: Processing PersistenceUnitInfo [name: default]
2023-12-17T00:21:25.415+05:00  INFO 20108 --- [main] org.hibernate.Version                    : HHH000412: Hibernate ORM core version 6.1.6.Final
2023-12-17T00:21:25.614+05:00  WARN 20108 --- [main] org.hibernate.orm.deprecation            : HHH90000021: Encountered deprecated setting [javax.persistence.sharedCache.mode], use [jakarta.persistence.sharedCache.mode] instead
2023-12-17T00:21:25.723+05:00  INFO 20108 --- [main] com.zaxxer.hikari.HikariDataSource       : HikariPool-1 - Starting...
2023-12-17T00:21:25.888+05:00  INFO 20108 --- [main] com.zaxxer.hikari.pool.HikariPool        : HikariPool-1 - Added connection org.postgresql.jdbc.PgConnection@1999149e
2023-12-17T00:21:25.889+05:00  INFO 20108 --- [main] com.zaxxer.hikari.HikariDataSource       : HikariPool-1 - Start completed.
2023-12-17T00:21:25.941+05:00  INFO 20108 --- [main] SQL dialect                              : HHH000400: Using dialect: org.hibernate.dialect.PostgreSQLDialect
2023-12-17T00:21:26.838+05:00  INFO 20108 --- [main] o.h.e.t.j.p.i.JtaPlatformInitiator       : HHH000490: Using JtaPlatform implementation: [org.hibernate.engine.transaction.jta.platform.internal.NoJtaPlatform]
2023-12-17T00:21:26.846+05:00  INFO 20108 --- [main] j.LocalContainerEntityManagerFactoryBean : Initialized JPA EntityManagerFactory for persistence unit 'default'
2023-12-17T00:21:27.328+05:00 DEBUG 20108 --- [main] com.example.config.JwtTokenFilter        : Filter 'jwtTokenFilter' configured for use
2023-12-17T00:21:32.407+05:00  INFO 20108 --- [main] o.s.s.web.DefaultSecurityFilterChain     : Will secure any request with [org.springframework.security.web.session.DisableEncodeUrlFilter@359903b6, org.springframework.security.web.context.request.async.WebAsyncManagerIntegrationFilter@1071f3ad, org.springframework.security.web.context.SecurityContextHolderFilter@14060410, org.springframework.security.web.header.HeaderWriterFilter@63be4548, org.springframework.security.web.authentication.logout.LogoutFilter@2d18d9ed, com.example.config.JwtTokenFilter@7789526e, org.springframework.security.web.savedrequest.RequestCacheAwareFilter@620260ad, org.springframework.security.web.servletapi.SecurityContextHolderAwareRequestFilter@216c6825, org.springframework.security.web.authentication.AnonymousAuthenticationFilter@6aaed880, org.springframework.security.web.access.ExceptionTranslationFilter@4bc75792, org.springframework.security.web.access.intercept.AuthorizationFilter@8d5b303]
2023-12-17T00:21:32.817+05:00  INFO 20108 --- [main] o.s.b.w.embedded.tomcat.TomcatWebServer  : Tomcat started on port(s): 8081 (http) with context path ''
2023-12-17T00:21:32.826+05:00  INFO 20108 --- [main] com.example.SecurityApplication          : Started SecurityApplication in 9.718 seconds (process running for 10.472)
2023-12-17T00:21:32.861+05:00  INFO 20108 --- [main] o.f.c.internal.license.VersionPrinter    : Flyway Community Edition 9.5.1 by Redgate
2023-12-17T00:21:32.861+05:00  INFO 20108 --- [main] o.f.c.internal.license.VersionPrinter    : See what's new here: https://flywaydb.org/documentation/learnmore/releaseNotes#9.5.1
2023-12-17T00:21:32.861+05:00  INFO 20108 --- [main] o.f.c.internal.license.VersionPrinter    : 
2023-12-17T00:21:32.874+05:00  INFO 20108 --- [main] o.f.c.i.database.base.BaseDatabaseType   : Database: jdbc:postgresql://localhost:5432/kun_uz (PostgreSQL 14.8)
2023-12-17T00:21:32.907+05:00  INFO 20108 --- [main] o.f.core.internal.command.DbValidate     : Successfully validated 4 migrations (execution time 00:00.020s)
2023-12-17T00:21:32.917+05:00  INFO 20108 --- [main] o.f.core.internal.command.DbMigrate      : Current version of schema "public": 3
2023-12-17T00:21:32.917+05:00  INFO 20108 --- [main] o.f.core.internal.command.DbMigrate      : Schema "public" is up to date. No migration necessary.
2023-12-17T00:21:47.267+05:00  INFO 20108 --- [http-nio-8081-exec-1] o.a.c.c.C.[Tomcat].[localhost].[/]       : Initializing Spring DispatcherServlet 'dispatcherServlet'
2023-12-17T00:21:47.268+05:00  INFO 20108 --- [http-nio-8081-exec-1] o.s.web.servlet.DispatcherServlet        : Initializing Servlet 'dispatcherServlet'
2023-12-17T00:21:47.269+05:00  INFO 20108 --- [http-nio-8081-exec-1] o.s.web.servlet.DispatcherServlet        : Completed initialization in 1 ms
2023-12-17T00:27:21.794+05:00  INFO 20108 --- [SpringApplicationShutdownHook] j.LocalContainerEntityManagerFactoryBean : Closing JPA EntityManagerFactory for persistence unit 'default'
2023-12-17T00:27:21.798+05:00  INFO 20108 --- [SpringApplicationShutdownHook] com.zaxxer.hikari.HikariDataSource       : HikariPool-1 - Shutdown initiated...
2023-12-17T00:27:21.801+05:00  INFO 20108 --- [SpringApplicationShutdownHook] com.zaxxer.hikari.HikariDataSource       : HikariPool-1 - Shutdown completed.
2023-12-17T00:27:26.708+05:00  INFO 18952 --- [main] com.example.SecurityApplication          : Starting SecurityApplication using Java 19.0.2 with PID 18952 (C:\Users\Ma'ruf Raufov\Downloads\Telegram Desktop\Security\Security\target\classes started by Ma'ruf Raufov in C:\Users\Ma'ruf Raufov\Downloads\Telegram Desktop\Security\Security)
2023-12-17T00:27:26.727+05:00 DEBUG 18952 --- [main] com.example.SecurityApplication          : Running with Spring Boot v3.0.1, Spring v6.0.3
2023-12-17T00:27:26.728+05:00  INFO 18952 --- [main] com.example.SecurityApplication          : No active profile set, falling back to 1 default profile: "default"
2023-12-17T00:27:27.651+05:00  INFO 18952 --- [main] .s.d.r.c.RepositoryConfigurationDelegate : Bootstrapping Spring Data JPA repositories in DEFAULT mode.
2023-12-17T00:27:27.715+05:00  INFO 18952 --- [main] .s.d.r.c.RepositoryConfigurationDelegate : Finished Spring Data repository scanning in 58 ms. Found 5 JPA repository interfaces.
2023-12-17T00:27:28.210+05:00  INFO 18952 --- [main] o.s.b.w.embedded.tomcat.TomcatWebServer  : Tomcat initialized with port(s): 8081 (http)
2023-12-17T00:27:28.219+05:00  INFO 18952 --- [main] o.apache.catalina.core.StandardService   : Starting service [Tomcat]
2023-12-17T00:27:28.219+05:00  INFO 18952 --- [main] o.apache.catalina.core.StandardEngine    : Starting Servlet engine: [Apache Tomcat/10.1.4]
2023-12-17T00:27:28.300+05:00  INFO 18952 --- [main] o.a.c.c.C.[Tomcat].[localhost].[/]       : Initializing Spring embedded WebApplicationContext
2023-12-17T00:27:28.300+05:00  INFO 18952 --- [main] w.s.c.ServletWebServerApplicationContext : Root WebApplicationContext: initialization completed in 1517 ms
2023-12-17T00:27:28.408+05:00  INFO 18952 --- [main] o.hibernate.jpa.internal.util.LogHelper  : HHH000204: Processing PersistenceUnitInfo [name: default]
2023-12-17T00:27:28.459+05:00  INFO 18952 --- [main] org.hibernate.Version                    : HHH000412: Hibernate ORM core version 6.1.6.Final
2023-12-17T00:27:28.622+05:00  WARN 18952 --- [main] org.hibernate.orm.deprecation            : HHH90000021: Encountered deprecated setting [javax.persistence.sharedCache.mode], use [jakarta.persistence.sharedCache.mode] instead
2023-12-17T00:27:28.721+05:00  INFO 18952 --- [main] com.zaxxer.hikari.HikariDataSource       : HikariPool-1 - Starting...
2023-12-17T00:27:28.878+05:00  INFO 18952 --- [main] com.zaxxer.hikari.pool.HikariPool        : HikariPool-1 - Added connection org.postgresql.jdbc.PgConnection@79ad1774
2023-12-17T00:27:28.879+05:00  INFO 18952 --- [main] com.zaxxer.hikari.HikariDataSource       : HikariPool-1 - Start completed.
2023-12-17T00:27:28.923+05:00  INFO 18952 --- [main] SQL dialect                              : HHH000400: Using dialect: org.hibernate.dialect.PostgreSQLDialect
2023-12-17T00:27:29.861+05:00  INFO 18952 --- [main] o.h.e.t.j.p.i.JtaPlatformInitiator       : HHH000490: Using JtaPlatform implementation: [org.hibernate.engine.transaction.jta.platform.internal.NoJtaPlatform]
2023-12-17T00:27:29.869+05:00  INFO 18952 --- [main] j.LocalContainerEntityManagerFactoryBean : Initialized JPA EntityManagerFactory for persistence unit 'default'
2023-12-17T00:27:30.378+05:00 DEBUG 18952 --- [main] com.example.config.JwtTokenFilter        : Filter 'jwtTokenFilter' configured for use
2023-12-17T00:27:31.517+05:00  INFO 18952 --- [main] o.s.s.web.DefaultSecurityFilterChain     : Will secure any request with [org.springframework.security.web.session.DisableEncodeUrlFilter@6b6c882c, org.springframework.security.web.context.request.async.WebAsyncManagerIntegrationFilter@51a65f56, org.springframework.security.web.context.SecurityContextHolderFilter@4bc75792, org.springframework.security.web.header.HeaderWriterFilter@20e8286a, org.springframework.security.web.authentication.logout.LogoutFilter@6391d34f, com.example.config.JwtTokenFilter@6f986031, org.springframework.security.web.savedrequest.RequestCacheAwareFilter@63be4548, org.springframework.security.web.servletapi.SecurityContextHolderAwareRequestFilter@232899d1, org.springframework.security.web.authentication.AnonymousAuthenticationFilter@8d5b303, org.springframework.security.web.access.ExceptionTranslationFilter@2d4aadc, org.springframework.security.web.access.intercept.AuthorizationFilter@34e1c23d]
2023-12-17T00:27:31.991+05:00  INFO 18952 --- [main] o.s.b.w.embedded.tomcat.TomcatWebServer  : Tomcat started on port(s): 8081 (http) with context path ''
2023-12-17T00:27:32.003+05:00  INFO 18952 --- [main] com.example.SecurityApplication          : Started SecurityApplication in 5.785 seconds (process running for 6.481)
2023-12-17T00:27:32.046+05:00  INFO 18952 --- [main] o.f.c.internal.license.VersionPrinter    : Flyway Community Edition 9.5.1 by Redgate
2023-12-17T00:27:32.047+05:00  INFO 18952 --- [main] o.f.c.internal.license.VersionPrinter    : See what's new here: https://flywaydb.org/documentation/learnmore/releaseNotes#9.5.1
2023-12-17T00:27:32.047+05:00  INFO 18952 --- [main] o.f.c.internal.license.VersionPrinter    : 
2023-12-17T00:27:32.060+05:00  INFO 18952 --- [main] o.f.c.i.database.base.BaseDatabaseType   : Database: jdbc:postgresql://localhost:5432/kun_uz (PostgreSQL 14.8)
2023-12-17T00:27:32.094+05:00  INFO 18952 --- [main] o.f.core.internal.command.DbValidate     : Successfully validated 4 migrations (execution time 00:00.019s)
2023-12-17T00:27:32.106+05:00  INFO 18952 --- [main] o.f.core.internal.command.DbMigrate      : Current version of schema "public": 3
2023-12-17T00:27:32.107+05:00  INFO 18952 --- [main] o.f.core.internal.command.DbMigrate      : Schema "public" is up to date. No migration necessary.
2023-12-17T00:27:41.053+05:00  INFO 18952 --- [http-nio-8081-exec-1] o.a.c.c.C.[Tomcat].[localhost].[/]       : Initializing Spring DispatcherServlet 'dispatcherServlet'
2023-12-17T00:27:41.053+05:00  INFO 18952 --- [http-nio-8081-exec-1] o.s.web.servlet.DispatcherServlet        : Initializing Servlet 'dispatcherServlet'
2023-12-17T00:27:41.055+05:00  INFO 18952 --- [http-nio-8081-exec-1] o.s.web.servlet.DispatcherServlet        : Completed initialization in 1 ms
2023-12-17T00:27:41.306+05:00  INFO 18952 --- [http-nio-8081-exec-1] c.example.controller.CategoryController  : create category ==> com.example.dto.CategoryDTO@4fd9269c
2023-12-17T00:28:39.386+05:00  WARN 18952 --- [http-nio-8081-exec-6] o.s.web.servlet.PageNotFound             : Request method 'DELETE' is not supported
2023-12-17T00:29:55.795+05:00  INFO 18952 --- [SpringApplicationShutdownHook] j.LocalContainerEntityManagerFactoryBean : Closing JPA EntityManagerFactory for persistence unit 'default'
2023-12-17T00:29:55.797+05:00  INFO 18952 --- [SpringApplicationShutdownHook] com.zaxxer.hikari.HikariDataSource       : HikariPool-1 - Shutdown initiated...
2023-12-17T00:29:55.805+05:00  INFO 18952 --- [SpringApplicationShutdownHook] com.zaxxer.hikari.HikariDataSource       : HikariPool-1 - Shutdown completed.
2023-12-17T00:30:00.925+05:00  INFO 9108 --- [main] com.example.SecurityApplication          : Starting SecurityApplication using Java 19.0.2 with PID 9108 (C:\Users\Ma'ruf Raufov\Downloads\Telegram Desktop\Security\Security\target\classes started by Ma'ruf Raufov in C:\Users\Ma'ruf Raufov\Downloads\Telegram Desktop\Security\Security)
2023-12-17T00:30:00.942+05:00 DEBUG 9108 --- [main] com.example.SecurityApplication          : Running with Spring Boot v3.0.1, Spring v6.0.3
2023-12-17T00:30:00.943+05:00  INFO 9108 --- [main] com.example.SecurityApplication          : No active profile set, falling back to 1 default profile: "default"
2023-12-17T00:30:01.866+05:00  INFO 9108 --- [main] .s.d.r.c.RepositoryConfigurationDelegate : Bootstrapping Spring Data JPA repositories in DEFAULT mode.
2023-12-17T00:30:01.934+05:00  INFO 9108 --- [main] .s.d.r.c.RepositoryConfigurationDelegate : Finished Spring Data repository scanning in 61 ms. Found 5 JPA repository interfaces.
2023-12-17T00:30:02.444+05:00  INFO 9108 --- [main] o.s.b.w.embedded.tomcat.TomcatWebServer  : Tomcat initialized with port(s): 8081 (http)
2023-12-17T00:30:02.451+05:00  INFO 9108 --- [main] o.apache.catalina.core.StandardService   : Starting service [Tomcat]
2023-12-17T00:30:02.452+05:00  INFO 9108 --- [main] o.apache.catalina.core.StandardEngine    : Starting Servlet engine: [Apache Tomcat/10.1.4]
2023-12-17T00:30:02.542+05:00  INFO 9108 --- [main] o.a.c.c.C.[Tomcat].[localhost].[/]       : Initializing Spring embedded WebApplicationContext
2023-12-17T00:30:02.542+05:00  INFO 9108 --- [main] w.s.c.ServletWebServerApplicationContext : Root WebApplicationContext: initialization completed in 1528 ms
2023-12-17T00:30:02.673+05:00  INFO 9108 --- [main] o.hibernate.jpa.internal.util.LogHelper  : HHH000204: Processing PersistenceUnitInfo [name: default]
2023-12-17T00:30:02.722+05:00  INFO 9108 --- [main] org.hibernate.Version                    : HHH000412: Hibernate ORM core version 6.1.6.Final
2023-12-17T00:30:02.863+05:00  WARN 9108 --- [main] org.hibernate.orm.deprecation            : HHH90000021: Encountered deprecated setting [javax.persistence.sharedCache.mode], use [jakarta.persistence.sharedCache.mode] instead
2023-12-17T00:30:02.983+05:00  INFO 9108 --- [main] com.zaxxer.hikari.HikariDataSource       : HikariPool-1 - Starting...
2023-12-17T00:30:03.298+05:00  INFO 9108 --- [main] com.zaxxer.hikari.pool.HikariPool        : HikariPool-1 - Added connection org.postgresql.jdbc.PgConnection@2a19a0fe
2023-12-17T00:30:03.300+05:00  INFO 9108 --- [main] com.zaxxer.hikari.HikariDataSource       : HikariPool-1 - Start completed.
2023-12-17T00:30:03.363+05:00  INFO 9108 --- [main] SQL dialect                              : HHH000400: Using dialect: org.hibernate.dialect.PostgreSQLDialect
2023-12-17T00:30:04.288+05:00  INFO 9108 --- [main] o.h.e.t.j.p.i.JtaPlatformInitiator       : HHH000490: Using JtaPlatform implementation: [org.hibernate.engine.transaction.jta.platform.internal.NoJtaPlatform]
2023-12-17T00:30:04.296+05:00  INFO 9108 --- [main] j.LocalContainerEntityManagerFactoryBean : Initialized JPA EntityManagerFactory for persistence unit 'default'
2023-12-17T00:30:04.798+05:00 DEBUG 9108 --- [main] com.example.config.JwtTokenFilter        : Filter 'jwtTokenFilter' configured for use
2023-12-17T00:30:05.758+05:00  INFO 9108 --- [main] o.s.s.web.DefaultSecurityFilterChain     : Will secure any request with [org.springframework.security.web.session.DisableEncodeUrlFilter@549b26d7, org.springframework.security.web.context.request.async.WebAsyncManagerIntegrationFilter@2c9430c6, org.springframework.security.web.context.SecurityContextHolderFilter@2943e61c, org.springframework.security.web.header.HeaderWriterFilter@cd9ce76, org.springframework.security.web.authentication.logout.LogoutFilter@216c6825, com.example.config.JwtTokenFilter@55465bfc, org.springframework.security.web.savedrequest.RequestCacheAwareFilter@493ed8e6, org.springframework.security.web.servletapi.SecurityContextHolderAwareRequestFilter@7b897456, org.springframework.security.web.authentication.AnonymousAuthenticationFilter@66978c15, org.springframework.security.web.access.ExceptionTranslationFilter@7104b117, org.springframework.security.web.access.intercept.AuthorizationFilter@1deca369]
2023-12-17T00:30:06.098+05:00  INFO 9108 --- [main] o.s.b.w.embedded.tomcat.TomcatWebServer  : Tomcat started on port(s): 8081 (http) with context path ''
2023-12-17T00:30:06.108+05:00  INFO 9108 --- [main] com.example.SecurityApplication          : Started SecurityApplication in 5.753 seconds (process running for 6.486)
2023-12-17T00:30:06.148+05:00  INFO 9108 --- [main] o.f.c.internal.license.VersionPrinter    : Flyway Community Edition 9.5.1 by Redgate
2023-12-17T00:30:06.148+05:00  INFO 9108 --- [main] o.f.c.internal.license.VersionPrinter    : See what's new here: https://flywaydb.org/documentation/learnmore/releaseNotes#9.5.1
2023-12-17T00:30:06.148+05:00  INFO 9108 --- [main] o.f.c.internal.license.VersionPrinter    : 
2023-12-17T00:30:06.163+05:00  INFO 9108 --- [main] o.f.c.i.database.base.BaseDatabaseType   : Database: jdbc:postgresql://localhost:5432/kun_uz (PostgreSQL 14.8)
2023-12-17T00:30:06.196+05:00  INFO 9108 --- [main] o.f.core.internal.command.DbValidate     : Successfully validated 4 migrations (execution time 00:00.018s)
2023-12-17T00:30:06.206+05:00  INFO 9108 --- [main] o.f.core.internal.command.DbMigrate      : Current version of schema "public": 3
2023-12-17T00:30:06.206+05:00  INFO 9108 --- [main] o.f.core.internal.command.DbMigrate      : Schema "public" is up to date. No migration necessary.
2023-12-17T00:30:26.216+05:00  INFO 9108 --- [http-nio-8081-exec-1] o.a.c.c.C.[Tomcat].[localhost].[/]       : Initializing Spring DispatcherServlet 'dispatcherServlet'
2023-12-17T00:30:26.217+05:00  INFO 9108 --- [http-nio-8081-exec-1] o.s.web.servlet.DispatcherServlet        : Initializing Servlet 'dispatcherServlet'
2023-12-17T00:30:26.219+05:00  INFO 9108 --- [http-nio-8081-exec-1] o.s.web.servlet.DispatcherServlet        : Completed initialization in 2 ms
2023-12-17T00:31:44.829+05:00  INFO 9108 --- [SpringApplicationShutdownHook] j.LocalContainerEntityManagerFactoryBean : Closing JPA EntityManagerFactory for persistence unit 'default'
2023-12-17T00:31:44.831+05:00  INFO 9108 --- [SpringApplicationShutdownHook] com.zaxxer.hikari.HikariDataSource       : HikariPool-1 - Shutdown initiated...
2023-12-17T00:31:44.835+05:00  INFO 9108 --- [SpringApplicationShutdownHook] com.zaxxer.hikari.HikariDataSource       : HikariPool-1 - Shutdown completed.
2023-12-17T00:31:50.384+05:00  INFO 6412 --- [main] com.example.SecurityApplication          : Starting SecurityApplication using Java 19.0.2 with PID 6412 (C:\Users\Ma'ruf Raufov\Downloads\Telegram Desktop\Security\Security\target\classes started by Ma'ruf Raufov in C:\Users\Ma'ruf Raufov\Downloads\Telegram Desktop\Security\Security)
2023-12-17T00:31:50.400+05:00 DEBUG 6412 --- [main] com.example.SecurityApplication          : Running with Spring Boot v3.0.1, Spring v6.0.3
2023-12-17T00:31:50.402+05:00  INFO 6412 --- [main] com.example.SecurityApplication          : No active profile set, falling back to 1 default profile: "default"
2023-12-17T00:31:51.226+05:00  INFO 6412 --- [main] .s.d.r.c.RepositoryConfigurationDelegate : Bootstrapping Spring Data JPA repositories in DEFAULT mode.
2023-12-17T00:31:51.288+05:00  INFO 6412 --- [main] .s.d.r.c.RepositoryConfigurationDelegate : Finished Spring Data repository scanning in 56 ms. Found 5 JPA repository interfaces.
2023-12-17T00:31:51.819+05:00  INFO 6412 --- [main] o.s.b.w.embedded.tomcat.TomcatWebServer  : Tomcat initialized with port(s): 8081 (http)
2023-12-17T00:31:51.827+05:00  INFO 6412 --- [main] o.apache.catalina.core.StandardService   : Starting service [Tomcat]
2023-12-17T00:31:51.827+05:00  INFO 6412 --- [main] o.apache.catalina.core.StandardEngine    : Starting Servlet engine: [Apache Tomcat/10.1.4]
2023-12-17T00:31:51.910+05:00  INFO 6412 --- [main] o.a.c.c.C.[Tomcat].[localhost].[/]       : Initializing Spring embedded WebApplicationContext
2023-12-17T00:31:51.910+05:00  INFO 6412 --- [main] w.s.c.ServletWebServerApplicationContext : Root WebApplicationContext: initialization completed in 1452 ms
2023-12-17T00:31:52.019+05:00  INFO 6412 --- [main] o.hibernate.jpa.internal.util.LogHelper  : HHH000204: Processing PersistenceUnitInfo [name: default]
2023-12-17T00:31:52.077+05:00  INFO 6412 --- [main] org.hibernate.Version                    : HHH000412: Hibernate ORM core version 6.1.6.Final
2023-12-17T00:31:52.236+05:00  WARN 6412 --- [main] org.hibernate.orm.deprecation            : HHH90000021: Encountered deprecated setting [javax.persistence.sharedCache.mode], use [jakarta.persistence.sharedCache.mode] instead
2023-12-17T00:31:52.353+05:00  INFO 6412 --- [main] com.zaxxer.hikari.HikariDataSource       : HikariPool-1 - Starting...
2023-12-17T00:31:52.519+05:00  INFO 6412 --- [main] com.zaxxer.hikari.pool.HikariPool        : HikariPool-1 - Added connection org.postgresql.jdbc.PgConnection@44bbb7c6
2023-12-17T00:31:52.520+05:00  INFO 6412 --- [main] com.zaxxer.hikari.HikariDataSource       : HikariPool-1 - Start completed.
2023-12-17T00:31:52.570+05:00  INFO 6412 --- [main] SQL dialect                              : HHH000400: Using dialect: org.hibernate.dialect.PostgreSQLDialect
2023-12-17T00:31:53.491+05:00  INFO 6412 --- [main] o.h.e.t.j.p.i.JtaPlatformInitiator       : HHH000490: Using JtaPlatform implementation: [org.hibernate.engine.transaction.jta.platform.internal.NoJtaPlatform]
2023-12-17T00:31:53.499+05:00  INFO 6412 --- [main] j.LocalContainerEntityManagerFactoryBean : Initialized JPA EntityManagerFactory for persistence unit 'default'
2023-12-17T00:31:53.974+05:00 DEBUG 6412 --- [main] com.example.config.JwtTokenFilter        : Filter 'jwtTokenFilter' configured for use
2023-12-17T00:31:54.970+05:00  INFO 6412 --- [main] o.s.s.web.DefaultSecurityFilterChain     : Will secure any request with [org.springframework.security.web.session.DisableEncodeUrlFilter@77c1a7ce, org.springframework.security.web.context.request.async.WebAsyncManagerIntegrationFilter@14a488ed, org.springframework.security.web.context.SecurityContextHolderFilter@6d3c80bf, org.springframework.security.web.header.HeaderWriterFilter@216c6825, org.springframework.security.web.authentication.logout.LogoutFilter@51a65f56, com.example.config.JwtTokenFilter@47bbf44d, org.springframework.security.web.savedrequest.RequestCacheAwareFilter@5c3ad125, org.springframework.security.web.servletapi.SecurityContextHolderAwareRequestFilter@145ce025, org.springframework.security.web.authentication.AnonymousAuthenticationFilter@433d5536, org.springframework.security.web.access.ExceptionTranslationFilter@58397dd, org.springframework.security.web.access.intercept.AuthorizationFilter@9bd477c]
2023-12-17T00:31:55.337+05:00  INFO 6412 --- [main] o.s.b.w.embedded.tomcat.TomcatWebServer  : Tomcat started on port(s): 8081 (http) with context path ''
2023-12-17T00:31:55.346+05:00  INFO 6412 --- [main] com.example.SecurityApplication          : Started SecurityApplication in 5.491 seconds (process running for 6.537)
2023-12-17T00:31:55.391+05:00  INFO 6412 --- [main] o.f.c.internal.license.VersionPrinter    : Flyway Community Edition 9.5.1 by Redgate
2023-12-17T00:31:55.392+05:00  INFO 6412 --- [main] o.f.c.internal.license.VersionPrinter    : See what's new here: https://flywaydb.org/documentation/learnmore/releaseNotes#9.5.1
2023-12-17T00:31:55.392+05:00  INFO 6412 --- [main] o.f.c.internal.license.VersionPrinter    : 
2023-12-17T00:31:55.413+05:00  INFO 6412 --- [main] o.f.c.i.database.base.BaseDatabaseType   : Database: jdbc:postgresql://localhost:5432/kun_uz (PostgreSQL 14.8)
2023-12-17T00:31:55.468+05:00  INFO 6412 --- [main] o.f.core.internal.command.DbValidate     : Successfully validated 4 migrations (execution time 00:00.031s)
2023-12-17T00:31:55.479+05:00  INFO 6412 --- [main] o.f.core.internal.command.DbMigrate      : Current version of schema "public": 3
2023-12-17T00:31:55.479+05:00  INFO 6412 --- [main] o.f.core.internal.command.DbMigrate      : Schema "public" is up to date. No migration necessary.
2023-12-17T00:32:23.946+05:00  INFO 6412 --- [http-nio-8081-exec-1] o.a.c.c.C.[Tomcat].[localhost].[/]       : Initializing Spring DispatcherServlet 'dispatcherServlet'
2023-12-17T00:32:23.947+05:00  INFO 6412 --- [http-nio-8081-exec-1] o.s.web.servlet.DispatcherServlet        : Initializing Servlet 'dispatcherServlet'
2023-12-17T00:32:23.949+05:00  INFO 6412 --- [http-nio-8081-exec-1] o.s.web.servlet.DispatcherServlet        : Completed initialization in 2 ms
2023-12-17T00:33:27.967+05:00  INFO 6412 --- [SpringApplicationShutdownHook] j.LocalContainerEntityManagerFactoryBean : Closing JPA EntityManagerFactory for persistence unit 'default'
2023-12-17T00:33:27.969+05:00  INFO 6412 --- [SpringApplicationShutdownHook] com.zaxxer.hikari.HikariDataSource       : HikariPool-1 - Shutdown initiated...
2023-12-17T00:33:27.973+05:00  INFO 6412 --- [SpringApplicationShutdownHook] com.zaxxer.hikari.HikariDataSource       : HikariPool-1 - Shutdown completed.
2023-12-17T00:33:32.710+05:00  INFO 12456 --- [main] com.example.SecurityApplication          : Starting SecurityApplication using Java 19.0.2 with PID 12456 (C:\Users\Ma'ruf Raufov\Downloads\Telegram Desktop\Security\Security\target\classes started by Ma'ruf Raufov in C:\Users\Ma'ruf Raufov\Downloads\Telegram Desktop\Security\Security)
2023-12-17T00:33:32.726+05:00 DEBUG 12456 --- [main] com.example.SecurityApplication          : Running with Spring Boot v3.0.1, Spring v6.0.3
2023-12-17T00:33:32.727+05:00  INFO 12456 --- [main] com.example.SecurityApplication          : No active profile set, falling back to 1 default profile: "default"
2023-12-17T00:33:33.535+05:00  INFO 12456 --- [main] .s.d.r.c.RepositoryConfigurationDelegate : Bootstrapping Spring Data JPA repositories in DEFAULT mode.
2023-12-17T00:33:33.600+05:00  INFO 12456 --- [main] .s.d.r.c.RepositoryConfigurationDelegate : Finished Spring Data repository scanning in 56 ms. Found 5 JPA repository interfaces.
2023-12-17T00:33:34.101+05:00  INFO 12456 --- [main] o.s.b.w.embedded.tomcat.TomcatWebServer  : Tomcat initialized with port(s): 8081 (http)
2023-12-17T00:33:34.109+05:00  INFO 12456 --- [main] o.apache.catalina.core.StandardService   : Starting service [Tomcat]
2023-12-17T00:33:34.110+05:00  INFO 12456 --- [main] o.apache.catalina.core.StandardEngine    : Starting Servlet engine: [Apache Tomcat/10.1.4]
2023-12-17T00:33:34.189+05:00  INFO 12456 --- [main] o.a.c.c.C.[Tomcat].[localhost].[/]       : Initializing Spring embedded WebApplicationContext
2023-12-17T00:33:34.189+05:00  INFO 12456 --- [main] w.s.c.ServletWebServerApplicationContext : Root WebApplicationContext: initialization completed in 1400 ms
2023-12-17T00:33:34.292+05:00  INFO 12456 --- [main] o.hibernate.jpa.internal.util.LogHelper  : HHH000204: Processing PersistenceUnitInfo [name: default]
2023-12-17T00:33:34.342+05:00  INFO 12456 --- [main] org.hibernate.Version                    : HHH000412: Hibernate ORM core version 6.1.6.Final
2023-12-17T00:33:34.492+05:00  WARN 12456 --- [main] org.hibernate.orm.deprecation            : HHH90000021: Encountered deprecated setting [javax.persistence.sharedCache.mode], use [jakarta.persistence.sharedCache.mode] instead
2023-12-17T00:33:34.589+05:00  INFO 12456 --- [main] com.zaxxer.hikari.HikariDataSource       : HikariPool-1 - Starting...
2023-12-17T00:33:34.847+05:00  INFO 12456 --- [main] com.zaxxer.hikari.pool.HikariPool        : HikariPool-1 - Added connection org.postgresql.jdbc.PgConnection@30517a57
2023-12-17T00:33:34.849+05:00  INFO 12456 --- [main] com.zaxxer.hikari.HikariDataSource       : HikariPool-1 - Start completed.
2023-12-17T00:33:34.894+05:00  INFO 12456 --- [main] SQL dialect                              : HHH000400: Using dialect: org.hibernate.dialect.PostgreSQLDialect
2023-12-17T00:33:35.768+05:00  INFO 12456 --- [main] o.h.e.t.j.p.i.JtaPlatformInitiator       : HHH000490: Using JtaPlatform implementation: [org.hibernate.engine.transaction.jta.platform.internal.NoJtaPlatform]
2023-12-17T00:33:35.775+05:00  INFO 12456 --- [main] j.LocalContainerEntityManagerFactoryBean : Initialized JPA EntityManagerFactory for persistence unit 'default'
2023-12-17T00:33:36.239+05:00 DEBUG 12456 --- [main] com.example.config.JwtTokenFilter        : Filter 'jwtTokenFilter' configured for use
2023-12-17T00:33:37.199+05:00  INFO 12456 --- [main] o.s.s.web.DefaultSecurityFilterChain     : Will secure any request with [org.springframework.security.web.session.DisableEncodeUrlFilter@3958e148, org.springframework.security.web.context.request.async.WebAsyncManagerIntegrationFilter@6391d34f, org.springframework.security.web.context.SecurityContextHolderFilter@76e4df53, org.springframework.security.web.header.HeaderWriterFilter@72ea5674, org.springframework.security.web.authentication.logout.LogoutFilter@193710c3, com.example.config.JwtTokenFilter@61627c9d, org.springframework.security.web.savedrequest.RequestCacheAwareFilter@43069adf, org.springframework.security.web.servletapi.SecurityContextHolderAwareRequestFilter@18edbed9, org.springframework.security.web.authentication.AnonymousAuthenticationFilter@23f9d0ce, org.springframework.security.web.access.ExceptionTranslationFilter@2cd6fae8, org.springframework.security.web.access.intercept.AuthorizationFilter@6527f68a]
2023-12-17T00:33:37.531+05:00  INFO 12456 --- [main] o.s.b.w.embedded.tomcat.TomcatWebServer  : Tomcat started on port(s): 8081 (http) with context path ''
2023-12-17T00:33:37.541+05:00  INFO 12456 --- [main] com.example.SecurityApplication          : Started SecurityApplication in 5.324 seconds (process running for 6.023)
2023-12-17T00:33:37.611+05:00  INFO 12456 --- [main] o.f.c.internal.license.VersionPrinter    : Flyway Community Edition 9.5.1 by Redgate
2023-12-17T00:33:37.611+05:00  INFO 12456 --- [main] o.f.c.internal.license.VersionPrinter    : See what's new here: https://flywaydb.org/documentation/learnmore/releaseNotes#9.5.1
2023-12-17T00:33:37.611+05:00  INFO 12456 --- [main] o.f.c.internal.license.VersionPrinter    : 
2023-12-17T00:33:37.626+05:00  INFO 12456 --- [main] o.f.c.i.database.base.BaseDatabaseType   : Database: jdbc:postgresql://localhost:5432/kun_uz (PostgreSQL 14.8)
2023-12-17T00:33:37.658+05:00  INFO 12456 --- [main] o.f.core.internal.command.DbValidate     : Successfully validated 4 migrations (execution time 00:00.018s)
2023-12-17T00:33:37.668+05:00  INFO 12456 --- [main] o.f.core.internal.command.DbMigrate      : Current version of schema "public": 3
2023-12-17T00:33:37.668+05:00  INFO 12456 --- [main] o.f.core.internal.command.DbMigrate      : Schema "public" is up to date. No migration necessary.
2023-12-17T00:33:55.100+05:00  INFO 12456 --- [http-nio-8081-exec-1] o.a.c.c.C.[Tomcat].[localhost].[/]       : Initializing Spring DispatcherServlet 'dispatcherServlet'
2023-12-17T00:33:55.100+05:00  INFO 12456 --- [http-nio-8081-exec-1] o.s.web.servlet.DispatcherServlet        : Initializing Servlet 'dispatcherServlet'
2023-12-17T00:33:55.102+05:00  INFO 12456 --- [http-nio-8081-exec-1] o.s.web.servlet.DispatcherServlet        : Completed initialization in 2 ms
2023-12-17T00:57:32.289+05:00  WARN 12456 --- [http-nio-8081-exec-8] c.e.e.h.ExceptionHandlerController       : Attach not found
2023-12-17T00:57:32.308+05:00  WARN 12456 --- [http-nio-8081-exec-9] c.e.e.h.ExceptionHandlerController       : Attach not found
2023-12-17T00:57:32.314+05:00  WARN 12456 --- [http-nio-8081-exec-6] c.e.e.h.ExceptionHandlerController       : Attach not found
2023-12-17T02:36:23.140+05:00  INFO 12456 --- [SpringApplicationShutdownHook] j.LocalContainerEntityManagerFactoryBean : Closing JPA EntityManagerFactory for persistence unit 'default'
2023-12-17T02:36:23.155+05:00  INFO 12456 --- [SpringApplicationShutdownHook] com.zaxxer.hikari.HikariDataSource       : HikariPool-1 - Shutdown initiated...
2023-12-17T02:36:23.162+05:00  INFO 12456 --- [SpringApplicationShutdownHook] com.zaxxer.hikari.HikariDataSource       : HikariPool-1 - Shutdown completed.
2023-12-17T23:38:31.964+05:00  INFO 2340 --- [main] com.example.SecurityApplication          : Starting SecurityApplication using Java 19.0.2 with PID 2340 (C:\Users\Ma'ruf Raufov\Downloads\Telegram Desktop\Security\Security\target\classes started by Ma'ruf Raufov in C:\Users\Ma'ruf Raufov\Downloads\Telegram Desktop\Security\Security)
2023-12-17T23:38:31.985+05:00 DEBUG 2340 --- [main] com.example.SecurityApplication          : Running with Spring Boot v3.0.1, Spring v6.0.3
2023-12-17T23:38:31.986+05:00  INFO 2340 --- [main] com.example.SecurityApplication          : No active profile set, falling back to 1 default profile: "default"
2023-12-17T23:38:33.658+05:00  INFO 2340 --- [main] .s.d.r.c.RepositoryConfigurationDelegate : Bootstrapping Spring Data JPA repositories in DEFAULT mode.
2023-12-17T23:38:33.745+05:00  INFO 2340 --- [main] .s.d.r.c.RepositoryConfigurationDelegate : Finished Spring Data repository scanning in 80 ms. Found 5 JPA repository interfaces.
2023-12-17T23:38:34.417+05:00  INFO 2340 --- [main] o.s.b.w.embedded.tomcat.TomcatWebServer  : Tomcat initialized with port(s): 8081 (http)
2023-12-17T23:38:34.439+05:00  INFO 2340 --- [main] o.apache.catalina.core.StandardService   : Starting service [Tomcat]
2023-12-17T23:38:34.439+05:00  INFO 2340 --- [main] o.apache.catalina.core.StandardEngine    : Starting Servlet engine: [Apache Tomcat/10.1.4]
2023-12-17T23:38:34.601+05:00  INFO 2340 --- [main] o.a.c.c.C.[Tomcat].[localhost].[/]       : Initializing Spring embedded WebApplicationContext
2023-12-17T23:38:34.601+05:00  INFO 2340 --- [main] w.s.c.ServletWebServerApplicationContext : Root WebApplicationContext: initialization completed in 2534 ms
2023-12-17T23:38:34.878+05:00  INFO 2340 --- [main] o.hibernate.jpa.internal.util.LogHelper  : HHH000204: Processing PersistenceUnitInfo [name: default]
2023-12-17T23:38:34.986+05:00  INFO 2340 --- [main] org.hibernate.Version                    : HHH000412: Hibernate ORM core version 6.1.6.Final
2023-12-17T23:38:35.331+05:00  WARN 2340 --- [main] org.hibernate.orm.deprecation            : HHH90000021: Encountered deprecated setting [javax.persistence.sharedCache.mode], use [jakarta.persistence.sharedCache.mode] instead
2023-12-17T23:38:35.606+05:00  INFO 2340 --- [main] com.zaxxer.hikari.HikariDataSource       : HikariPool-1 - Starting...
2023-12-17T23:38:35.932+05:00  INFO 2340 --- [main] com.zaxxer.hikari.pool.HikariPool        : HikariPool-1 - Added connection org.postgresql.jdbc.PgConnection@27896d3b
2023-12-17T23:38:35.935+05:00  INFO 2340 --- [main] com.zaxxer.hikari.HikariDataSource       : HikariPool-1 - Start completed.
2023-12-17T23:38:36.091+05:00  INFO 2340 --- [main] SQL dialect                              : HHH000400: Using dialect: org.hibernate.dialect.PostgreSQLDialect
2023-12-17T23:38:37.697+05:00  INFO 2340 --- [main] o.h.e.t.j.p.i.JtaPlatformInitiator       : HHH000490: Using JtaPlatform implementation: [org.hibernate.engine.transaction.jta.platform.internal.NoJtaPlatform]
2023-12-17T23:38:37.717+05:00  INFO 2340 --- [main] j.LocalContainerEntityManagerFactoryBean : Initialized JPA EntityManagerFactory for persistence unit 'default'
2023-12-17T23:38:38.490+05:00 DEBUG 2340 --- [main] com.example.config.JwtTokenFilter        : Filter 'jwtTokenFilter' configured for use
2023-12-17T23:38:40.134+05:00  INFO 2340 --- [main] o.s.s.web.DefaultSecurityFilterChain     : Will secure any request with [org.springframework.security.web.session.DisableEncodeUrlFilter@741687d4, org.springframework.security.web.context.request.async.WebAsyncManagerIntegrationFilter@77b0ff24, org.springframework.security.web.context.SecurityContextHolderFilter@7ecd6861, org.springframework.security.web.header.HeaderWriterFilter@2cd6fae8, org.springframework.security.web.authentication.logout.LogoutFilter@6c2a7c73, com.example.config.JwtTokenFilter@4202bfe8, org.springframework.security.web.savedrequest.RequestCacheAwareFilter@76e4df53, org.springframework.security.web.servletapi.SecurityContextHolderAwareRequestFilter@569d6e0d, org.springframework.security.web.authentication.AnonymousAuthenticationFilter@3958e148, org.springframework.security.web.access.ExceptionTranslationFilter@7d0e46dd, org.springframework.security.web.access.intercept.AuthorizationFilter@41f84bb1]
2023-12-17T23:38:40.803+05:00  INFO 2340 --- [main] o.s.b.w.embedded.tomcat.TomcatWebServer  : Tomcat started on port(s): 8081 (http) with context path ''
2023-12-17T23:38:40.824+05:00  INFO 2340 --- [main] com.example.SecurityApplication          : Started SecurityApplication in 9.431 seconds (process running for 14.404)
2023-12-17T23:38:40.905+05:00  INFO 2340 --- [main] o.f.c.internal.license.VersionPrinter    : Flyway Community Edition 9.5.1 by Redgate
2023-12-17T23:38:40.906+05:00  INFO 2340 --- [main] o.f.c.internal.license.VersionPrinter    : See what's new here: https://flywaydb.org/documentation/learnmore/releaseNotes#9.5.1
2023-12-17T23:38:40.907+05:00  INFO 2340 --- [main] o.f.c.internal.license.VersionPrinter    : 
2023-12-17T23:38:40.934+05:00  INFO 2340 --- [main] o.f.c.i.database.base.BaseDatabaseType   : Database: jdbc:postgresql://localhost:5432/kun_uz (PostgreSQL 14.8)
2023-12-17T23:38:41.032+05:00  INFO 2340 --- [main] .s.b.a.l.ConditionEvaluationReportLogger : 

Error starting ApplicationContext. To display the condition evaluation report re-run your application with 'debug' enabled.
2023-12-17T23:38:41.070+05:00 ERROR 2340 --- [main] o.s.boot.SpringApplication               : Application run failed

java.lang.IllegalStateException: Failed to execute CommandLineRunner
	at org.springframework.boot.SpringApplication.callRunner(SpringApplication.java:770) ~[spring-boot-3.0.1.jar:3.0.1]
	at org.springframework.boot.SpringApplication.callRunners(SpringApplication.java:751) ~[spring-boot-3.0.1.jar:3.0.1]
	at org.springframework.boot.SpringApplication.run(SpringApplication.java:315) ~[spring-boot-3.0.1.jar:3.0.1]
	at org.springframework.boot.SpringApplication.run(SpringApplication.java:1302) ~[spring-boot-3.0.1.jar:3.0.1]
	at org.springframework.boot.SpringApplication.run(SpringApplication.java:1291) ~[spring-boot-3.0.1.jar:3.0.1]
	at com.example.SecurityApplication.main(SecurityApplication.java:9) ~[classes/:na]
Caused by: org.flywaydb.core.api.exception.FlywayValidateException: Validate failed: Migrations have failed validation
Migration checksum mismatch for migration version 2
-> Applied to database : 437528817
-> Resolved locally    : -1244507732
Either revert the changes to the migration, or run repair to update the schema history.
Need more flexibility with validation rules? Learn more: https://rd.gt/3AbJUZE
	at org.flywaydb.core.Flyway.lambda$migrate$0(Flyway.java:134) ~[flyway-core-9.5.1.jar:na]
	at org.flywaydb.core.FlywayExecutor.execute(FlywayExecutor.java:204) ~[flyway-core-9.5.1.jar:na]
	at org.flywaydb.core.Flyway.migrate(Flyway.java:128) ~[flyway-core-9.5.1.jar:na]
	at com.example.config.runner.CommandLineAppStartupRunner.run(CommandLineAppStartupRunner.java:16) ~[classes/:na]
	at org.springframework.boot.SpringApplication.callRunner(SpringApplication.java:767) ~[spring-boot-3.0.1.jar:3.0.1]
	... 5 common frames omitted

2023-12-17T23:38:41.110+05:00  INFO 2340 --- [main] j.LocalContainerEntityManagerFactoryBean : Closing JPA EntityManagerFactory for persistence unit 'default'
2023-12-17T23:38:41.114+05:00  INFO 2340 --- [main] com.zaxxer.hikari.HikariDataSource       : HikariPool-1 - Shutdown initiated...
2023-12-17T23:38:41.120+05:00  INFO 2340 --- [main] com.zaxxer.hikari.HikariDataSource       : HikariPool-1 - Shutdown completed.
2023-12-17T23:39:50.819+05:00  INFO 9776 --- [main] com.example.SecurityApplication          : Starting SecurityApplication using Java 19.0.2 with PID 9776 (C:\Users\Ma'ruf Raufov\Downloads\Telegram Desktop\Security\Security\target\classes started by Ma'ruf Raufov in C:\Users\Ma'ruf Raufov\Downloads\Telegram Desktop\Security\Security)
2023-12-17T23:39:50.835+05:00 DEBUG 9776 --- [main] com.example.SecurityApplication          : Running with Spring Boot v3.0.1, Spring v6.0.3
2023-12-17T23:39:50.837+05:00  INFO 9776 --- [main] com.example.SecurityApplication          : No active profile set, falling back to 1 default profile: "default"
2023-12-17T23:39:51.896+05:00  INFO 9776 --- [main] .s.d.r.c.RepositoryConfigurationDelegate : Bootstrapping Spring Data JPA repositories in DEFAULT mode.
2023-12-17T23:39:51.970+05:00  INFO 9776 --- [main] .s.d.r.c.RepositoryConfigurationDelegate : Finished Spring Data repository scanning in 68 ms. Found 5 JPA repository interfaces.
2023-12-17T23:39:52.617+05:00  INFO 9776 --- [main] o.s.b.w.embedded.tomcat.TomcatWebServer  : Tomcat initialized with port(s): 8081 (http)
2023-12-17T23:39:52.626+05:00  INFO 9776 --- [main] o.apache.catalina.core.StandardService   : Starting service [Tomcat]
2023-12-17T23:39:52.626+05:00  INFO 9776 --- [main] o.apache.catalina.core.StandardEngine    : Starting Servlet engine: [Apache Tomcat/10.1.4]
2023-12-17T23:39:52.717+05:00  INFO 9776 --- [main] o.a.c.c.C.[Tomcat].[localhost].[/]       : Initializing Spring embedded WebApplicationContext
2023-12-17T23:39:52.717+05:00  INFO 9776 --- [main] w.s.c.ServletWebServerApplicationContext : Root WebApplicationContext: initialization completed in 1814 ms
2023-12-17T23:39:52.939+05:00  INFO 9776 --- [main] o.hibernate.jpa.internal.util.LogHelper  : HHH000204: Processing PersistenceUnitInfo [name: default]
2023-12-17T23:39:53.027+05:00  INFO 9776 --- [main] org.hibernate.Version                    : HHH000412: Hibernate ORM core version 6.1.6.Final
2023-12-17T23:39:53.240+05:00  WARN 9776 --- [main] org.hibernate.orm.deprecation            : HHH90000021: Encountered deprecated setting [javax.persistence.sharedCache.mode], use [jakarta.persistence.sharedCache.mode] instead
2023-12-17T23:39:53.330+05:00  INFO 9776 --- [main] com.zaxxer.hikari.HikariDataSource       : HikariPool-1 - Starting...
2023-12-17T23:39:53.509+05:00  INFO 9776 --- [main] com.zaxxer.hikari.pool.HikariPool        : HikariPool-1 - Added connection org.postgresql.jdbc.PgConnection@579846cc
2023-12-17T23:39:53.511+05:00  INFO 9776 --- [main] com.zaxxer.hikari.HikariDataSource       : HikariPool-1 - Start completed.
2023-12-17T23:39:53.559+05:00  INFO 9776 --- [main] SQL dialect                              : HHH000400: Using dialect: org.hibernate.dialect.PostgreSQLDialect
2023-12-17T23:39:54.612+05:00  INFO 9776 --- [main] o.h.e.t.j.p.i.JtaPlatformInitiator       : HHH000490: Using JtaPlatform implementation: [org.hibernate.engine.transaction.jta.platform.internal.NoJtaPlatform]
2023-12-17T23:39:54.622+05:00  INFO 9776 --- [main] j.LocalContainerEntityManagerFactoryBean : Initialized JPA EntityManagerFactory for persistence unit 'default'
2023-12-17T23:39:55.129+05:00 DEBUG 9776 --- [main] com.example.config.JwtTokenFilter        : Filter 'jwtTokenFilter' configured for use
2023-12-17T23:39:56.390+05:00  INFO 9776 --- [main] o.s.s.web.DefaultSecurityFilterChain     : Will secure any request with [org.springframework.security.web.session.DisableEncodeUrlFilter@7f19430f, org.springframework.security.web.context.request.async.WebAsyncManagerIntegrationFilter@5e89e527, org.springframework.security.web.context.SecurityContextHolderFilter@7d0e46dd, org.springframework.security.web.header.HeaderWriterFilter@444720b7, org.springframework.security.web.authentication.logout.LogoutFilter@66978c15, com.example.config.JwtTokenFilter@408980aa, org.springframework.security.web.savedrequest.RequestCacheAwareFilter@2cd6fae8, org.springframework.security.web.servletapi.SecurityContextHolderAwareRequestFilter@7d5ddfac, org.springframework.security.web.authentication.AnonymousAuthenticationFilter@41f84bb1, org.springframework.security.web.access.ExceptionTranslationFilter@70313b0b, org.springframework.security.web.access.intercept.AuthorizationFilter@193710c3]
2023-12-17T23:39:56.796+05:00  INFO 9776 --- [main] o.s.b.w.embedded.tomcat.TomcatWebServer  : Tomcat started on port(s): 8081 (http) with context path ''
2023-12-17T23:39:56.806+05:00  INFO 9776 --- [main] com.example.SecurityApplication          : Started SecurityApplication in 6.515 seconds (process running for 7.31)
2023-12-17T23:39:56.846+05:00  INFO 9776 --- [main] o.f.c.internal.license.VersionPrinter    : Flyway Community Edition 9.5.1 by Redgate
2023-12-17T23:39:56.847+05:00  INFO 9776 --- [main] o.f.c.internal.license.VersionPrinter    : See what's new here: https://flywaydb.org/documentation/learnmore/releaseNotes#9.5.1
2023-12-17T23:39:56.847+05:00  INFO 9776 --- [main] o.f.c.internal.license.VersionPrinter    : 
2023-12-17T23:39:56.861+05:00  INFO 9776 --- [main] o.f.c.i.database.base.BaseDatabaseType   : Database: jdbc:postgresql://localhost:5432/kun_uz (PostgreSQL 14.8)
2023-12-17T23:39:56.905+05:00  INFO 9776 --- [main] .s.b.a.l.ConditionEvaluationReportLogger : 

Error starting ApplicationContext. To display the condition evaluation report re-run your application with 'debug' enabled.
2023-12-17T23:39:56.920+05:00 ERROR 9776 --- [main] o.s.boot.SpringApplication               : Application run failed

java.lang.IllegalStateException: Failed to execute CommandLineRunner
	at org.springframework.boot.SpringApplication.callRunner(SpringApplication.java:770) ~[spring-boot-3.0.1.jar:3.0.1]
	at org.springframework.boot.SpringApplication.callRunners(SpringApplication.java:751) ~[spring-boot-3.0.1.jar:3.0.1]
	at org.springframework.boot.SpringApplication.run(SpringApplication.java:315) ~[spring-boot-3.0.1.jar:3.0.1]
	at org.springframework.boot.SpringApplication.run(SpringApplication.java:1302) ~[spring-boot-3.0.1.jar:3.0.1]
	at org.springframework.boot.SpringApplication.run(SpringApplication.java:1291) ~[spring-boot-3.0.1.jar:3.0.1]
	at com.example.SecurityApplication.main(SecurityApplication.java:9) ~[classes/:na]
Caused by: org.flywaydb.core.api.exception.FlywayValidateException: Validate failed: Migrations have failed validation
Migration checksum mismatch for migration version 2
-> Applied to database : 437528817
-> Resolved locally    : -1244507732
Either revert the changes to the migration, or run repair to update the schema history.
Need more flexibility with validation rules? Learn more: https://rd.gt/3AbJUZE
	at org.flywaydb.core.Flyway.lambda$migrate$0(Flyway.java:134) ~[flyway-core-9.5.1.jar:na]
	at org.flywaydb.core.FlywayExecutor.execute(FlywayExecutor.java:204) ~[flyway-core-9.5.1.jar:na]
	at org.flywaydb.core.Flyway.migrate(Flyway.java:128) ~[flyway-core-9.5.1.jar:na]
	at com.example.config.runner.CommandLineAppStartupRunner.run(CommandLineAppStartupRunner.java:16) ~[classes/:na]
	at org.springframework.boot.SpringApplication.callRunner(SpringApplication.java:767) ~[spring-boot-3.0.1.jar:3.0.1]
	... 5 common frames omitted

2023-12-17T23:39:56.963+05:00  INFO 9776 --- [main] j.LocalContainerEntityManagerFactoryBean : Closing JPA EntityManagerFactory for persistence unit 'default'
2023-12-17T23:39:56.964+05:00  INFO 9776 --- [main] com.zaxxer.hikari.HikariDataSource       : HikariPool-1 - Shutdown initiated...
2023-12-17T23:39:56.968+05:00  INFO 9776 --- [main] com.zaxxer.hikari.HikariDataSource       : HikariPool-1 - Shutdown completed.
2023-12-17T23:44:01.490+05:00  INFO 292 --- [main] com.example.SecurityApplication          : Starting SecurityApplication using Java 19.0.2 with PID 292 (C:\Users\Ma'ruf Raufov\Downloads\Telegram Desktop\Security\Security\target\classes started by Ma'ruf Raufov in C:\Users\Ma'ruf Raufov\Downloads\Telegram Desktop\Security\Security)
2023-12-17T23:44:01.516+05:00 DEBUG 292 --- [main] com.example.SecurityApplication          : Running with Spring Boot v3.0.1, Spring v6.0.3
2023-12-17T23:44:01.518+05:00  INFO 292 --- [main] com.example.SecurityApplication          : No active profile set, falling back to 1 default profile: "default"
2023-12-17T23:44:02.682+05:00  INFO 292 --- [main] .s.d.r.c.RepositoryConfigurationDelegate : Bootstrapping Spring Data JPA repositories in DEFAULT mode.
2023-12-17T23:44:02.784+05:00  INFO 292 --- [main] .s.d.r.c.RepositoryConfigurationDelegate : Finished Spring Data repository scanning in 92 ms. Found 5 JPA repository interfaces.
2023-12-17T23:44:03.419+05:00  INFO 292 --- [main] o.s.b.w.embedded.tomcat.TomcatWebServer  : Tomcat initialized with port(s): 8081 (http)
2023-12-17T23:44:03.430+05:00  INFO 292 --- [main] o.apache.catalina.core.StandardService   : Starting service [Tomcat]
2023-12-17T23:44:03.430+05:00  INFO 292 --- [main] o.apache.catalina.core.StandardEngine    : Starting Servlet engine: [Apache Tomcat/10.1.4]
2023-12-17T23:44:03.527+05:00  INFO 292 --- [main] o.a.c.c.C.[Tomcat].[localhost].[/]       : Initializing Spring embedded WebApplicationContext
2023-12-17T23:44:03.527+05:00  INFO 292 --- [main] w.s.c.ServletWebServerApplicationContext : Root WebApplicationContext: initialization completed in 1929 ms
2023-12-17T23:44:03.657+05:00  INFO 292 --- [main] o.hibernate.jpa.internal.util.LogHelper  : HHH000204: Processing PersistenceUnitInfo [name: default]
2023-12-17T23:44:03.721+05:00  INFO 292 --- [main] org.hibernate.Version                    : HHH000412: Hibernate ORM core version 6.1.6.Final
2023-12-17T23:44:03.924+05:00  WARN 292 --- [main] org.hibernate.orm.deprecation            : HHH90000021: Encountered deprecated setting [javax.persistence.sharedCache.mode], use [jakarta.persistence.sharedCache.mode] instead
2023-12-17T23:44:04.038+05:00  INFO 292 --- [main] com.zaxxer.hikari.HikariDataSource       : HikariPool-1 - Starting...
2023-12-17T23:44:04.259+05:00  INFO 292 --- [main] com.zaxxer.hikari.pool.HikariPool        : HikariPool-1 - Added connection org.postgresql.jdbc.PgConnection@21090c88
2023-12-17T23:44:04.260+05:00  INFO 292 --- [main] com.zaxxer.hikari.HikariDataSource       : HikariPool-1 - Start completed.
2023-12-17T23:44:04.323+05:00  INFO 292 --- [main] SQL dialect                              : HHH000400: Using dialect: org.hibernate.dialect.PostgreSQLDialect
2023-12-17T23:44:05.359+05:00  INFO 292 --- [main] o.h.e.t.j.p.i.JtaPlatformInitiator       : HHH000490: Using JtaPlatform implementation: [org.hibernate.engine.transaction.jta.platform.internal.NoJtaPlatform]
2023-12-17T23:44:05.371+05:00  INFO 292 --- [main] j.LocalContainerEntityManagerFactoryBean : Initialized JPA EntityManagerFactory for persistence unit 'default'
2023-12-17T23:44:05.944+05:00 DEBUG 292 --- [main] com.example.config.JwtTokenFilter        : Filter 'jwtTokenFilter' configured for use
2023-12-17T23:44:07.012+05:00  INFO 292 --- [main] o.s.s.web.DefaultSecurityFilterChain     : Will secure any request with [org.springframework.security.web.session.DisableEncodeUrlFilter@2d0ce8a1, org.springframework.security.web.context.request.async.WebAsyncManagerIntegrationFilter@2735a7dc, org.springframework.security.web.context.SecurityContextHolderFilter@421c057a, org.springframework.security.web.header.HeaderWriterFilter@7104b117, org.springframework.security.web.authentication.logout.LogoutFilter@58397dd, com.example.config.JwtTokenFilter@2784145d, org.springframework.security.web.savedrequest.RequestCacheAwareFilter@2943e61c, org.springframework.security.web.servletapi.SecurityContextHolderAwareRequestFilter@6bab373c, org.springframework.security.web.authentication.AnonymousAuthenticationFilter@549b26d7, org.springframework.security.web.access.ExceptionTranslationFilter@3dd8b40e, org.springframework.security.web.access.intercept.AuthorizationFilter@5c3ad125]
2023-12-17T23:44:07.404+05:00  INFO 292 --- [main] o.s.b.w.embedded.tomcat.TomcatWebServer  : Tomcat started on port(s): 8081 (http) with context path ''
2023-12-17T23:44:07.414+05:00  INFO 292 --- [main] com.example.SecurityApplication          : Started SecurityApplication in 6.522 seconds (process running for 7.637)
2023-12-17T23:44:07.459+05:00  INFO 292 --- [main] o.f.c.internal.license.VersionPrinter    : Flyway Community Edition 9.5.1 by Redgate
2023-12-17T23:44:07.459+05:00  INFO 292 --- [main] o.f.c.internal.license.VersionPrinter    : See what's new here: https://flywaydb.org/documentation/learnmore/releaseNotes#9.5.1
2023-12-17T23:44:07.459+05:00  INFO 292 --- [main] o.f.c.internal.license.VersionPrinter    : 
2023-12-17T23:44:07.474+05:00  INFO 292 --- [main] o.f.c.i.database.base.BaseDatabaseType   : Database: jdbc:postgresql://localhost:5432/kun_uz (PostgreSQL 14.8)
2023-12-17T23:44:07.505+05:00  INFO 292 --- [main] o.f.core.internal.command.DbValidate     : Successfully validated 3 migrations (execution time 00:00.016s)
2023-12-17T23:44:07.525+05:00  INFO 292 --- [main] o.f.c.i.s.JdbcTableSchemaHistory         : Creating Schema History table "public"."flyway_schema_history" with baseline ...
2023-12-17T23:44:07.574+05:00  INFO 292 --- [main] o.f.core.internal.command.DbBaseline     : Successfully baselined schema with version: 1
2023-12-17T23:44:07.588+05:00  INFO 292 --- [main] o.f.core.internal.command.DbMigrate      : Current version of schema "public": 1
2023-12-17T23:44:07.593+05:00  INFO 292 --- [main] o.f.core.internal.command.DbMigrate      : Migrating schema "public" to version "2 - initAdmin"
2023-12-17T23:44:07.609+05:00 ERROR 292 --- [main] o.f.core.internal.command.DbMigrate      : Migration of schema "public" to version "2 - initAdmin" failed! Changes successfully rolled back.
2023-12-17T23:44:07.615+05:00  INFO 292 --- [main] .s.b.a.l.ConditionEvaluationReportLogger : 

Error starting ApplicationContext. To display the condition evaluation report re-run your application with 'debug' enabled.
2023-12-17T23:44:07.637+05:00 ERROR 292 --- [main] o.s.boot.SpringApplication               : Application run failed

java.lang.IllegalStateException: Failed to execute CommandLineRunner
	at org.springframework.boot.SpringApplication.callRunner(SpringApplication.java:770) ~[spring-boot-3.0.1.jar:3.0.1]
	at org.springframework.boot.SpringApplication.callRunners(SpringApplication.java:751) ~[spring-boot-3.0.1.jar:3.0.1]
	at org.springframework.boot.SpringApplication.run(SpringApplication.java:315) ~[spring-boot-3.0.1.jar:3.0.1]
	at org.springframework.boot.SpringApplication.run(SpringApplication.java:1302) ~[spring-boot-3.0.1.jar:3.0.1]
	at org.springframework.boot.SpringApplication.run(SpringApplication.java:1291) ~[spring-boot-3.0.1.jar:3.0.1]
	at com.example.SecurityApplication.main(SecurityApplication.java:9) ~[classes/:na]
Caused by: org.flywaydb.core.internal.command.DbMigrate$FlywayMigrateException: Migration V2__initAdmin.sql failed
----------------------------------
SQL State  : 23505
Error Code : 0
Message    : ERROR: duplicate key value violates unique constraint "profile_pkey"
  Detail: Key (id)=(1) already exists.
Location   : db/migration/V2__initAdmin.sql (C:\Users\Ma'ruf Raufov\Downloads\Telegram Desktop\Security\Security\target\classes\db\migration\V2__initAdmin.sql)
Line       : 1
Statement  : INSERT INTO profile(id, created_date, email, name, surname, password, phone, photo_id, role, status)
VALUES (1,
        '2023-12-07 23:55:11.160562',
        'raufovmaruf777@gmail.com',
        'Raufov',
        'Maruf',
        'f9919e52ce90b0e41d0f9ced7fb8b3bd', -- Added comma here
        '+998932222077',
        '643d5efc-a7ad-4374-a8b0-af5c13a707f1',
        'ROLE_ADMIN',
        'ACTIVE')

	at org.flywaydb.core.internal.command.DbMigrate.doMigrateGroup(DbMigrate.java:384) ~[flyway-core-9.5.1.jar:na]
	at org.flywaydb.core.internal.command.DbMigrate.lambda$applyMigrations$1(DbMigrate.java:274) ~[flyway-core-9.5.1.jar:na]
	at org.flywaydb.core.internal.jdbc.TransactionalExecutionTemplate.execute(TransactionalExecutionTemplate.java:55) ~[flyway-core-9.5.1.jar:na]
	at org.flywaydb.core.internal.command.DbMigrate.applyMigrations(DbMigrate.java:273) ~[flyway-core-9.5.1.jar:na]
	at org.flywaydb.core.internal.command.DbMigrate.migrateGroup(DbMigrate.java:246) ~[flyway-core-9.5.1.jar:na]
	at org.flywaydb.core.internal.command.DbMigrate.lambda$migrateAll$0(DbMigrate.java:141) ~[flyway-core-9.5.1.jar:na]
	at org.flywaydb.core.internal.database.postgresql.PostgreSQLAdvisoryLockTemplate.execute(PostgreSQLAdvisoryLockTemplate.java:73) ~[flyway-core-9.5.1.jar:na]
	at org.flywaydb.core.internal.database.postgresql.PostgreSQLAdvisoryLockTemplate.lambda$execute$0(PostgreSQLAdvisoryLockTemplate.java:56) ~[flyway-core-9.5.1.jar:na]
	at org.flywaydb.core.internal.jdbc.TransactionalExecutionTemplate.execute(TransactionalExecutionTemplate.java:55) ~[flyway-core-9.5.1.jar:na]
	at org.flywaydb.core.internal.database.postgresql.PostgreSQLAdvisoryLockTemplate.execute(PostgreSQLAdvisoryLockTemplate.java:56) ~[flyway-core-9.5.1.jar:na]
	at org.flywaydb.core.internal.database.postgresql.PostgreSQLConnection.lock(PostgreSQLConnection.java:96) ~[flyway-core-9.5.1.jar:na]
	at org.flywaydb.core.internal.schemahistory.JdbcTableSchemaHistory.lock(JdbcTableSchemaHistory.java:143) ~[flyway-core-9.5.1.jar:na]
	at org.flywaydb.core.internal.command.DbMigrate.migrateAll(DbMigrate.java:141) ~[flyway-core-9.5.1.jar:na]
	at org.flywaydb.core.internal.command.DbMigrate.migrate(DbMigrate.java:98) ~[flyway-core-9.5.1.jar:na]
	at org.flywaydb.core.Flyway.lambda$migrate$0(Flyway.java:176) ~[flyway-core-9.5.1.jar:na]
	at org.flywaydb.core.FlywayExecutor.execute(FlywayExecutor.java:204) ~[flyway-core-9.5.1.jar:na]
	at org.flywaydb.core.Flyway.migrate(Flyway.java:128) ~[flyway-core-9.5.1.jar:na]
	at com.example.config.runner.CommandLineAppStartupRunner.run(CommandLineAppStartupRunner.java:16) ~[classes/:na]
	at org.springframework.boot.SpringApplication.callRunner(SpringApplication.java:767) ~[spring-boot-3.0.1.jar:3.0.1]
	... 5 common frames omitted
Caused by: org.flywaydb.core.internal.sqlscript.FlywaySqlScriptException: Migration V2__initAdmin.sql failed
----------------------------------
SQL State  : 23505
Error Code : 0
Message    : ERROR: duplicate key value violates unique constraint "profile_pkey"
  Detail: Key (id)=(1) already exists.
Location   : db/migration/V2__initAdmin.sql (C:\Users\Ma'ruf Raufov\Downloads\Telegram Desktop\Security\Security\target\classes\db\migration\V2__initAdmin.sql)
Line       : 1
Statement  : INSERT INTO profile(id, created_date, email, name, surname, password, phone, photo_id, role, status)
VALUES (1,
        '2023-12-07 23:55:11.160562',
        'raufovmaruf777@gmail.com',
        'Raufov',
        'Maruf',
        'f9919e52ce90b0e41d0f9ced7fb8b3bd', -- Added comma here
        '+998932222077',
        '643d5efc-a7ad-4374-a8b0-af5c13a707f1',
        'ROLE_ADMIN',
        'ACTIVE')

	at org.flywaydb.core.internal.sqlscript.DefaultSqlScriptExecutor.handleException(DefaultSqlScriptExecutor.java:275) ~[flyway-core-9.5.1.jar:na]
	at org.flywaydb.core.internal.sqlscript.DefaultSqlScriptExecutor.executeStatement(DefaultSqlScriptExecutor.java:222) ~[flyway-core-9.5.1.jar:na]
	at org.flywaydb.core.internal.sqlscript.DefaultSqlScriptExecutor.execute(DefaultSqlScriptExecutor.java:126) ~[flyway-core-9.5.1.jar:na]
	at org.flywaydb.core.internal.resolver.sql.SqlMigrationExecutor.executeOnce(SqlMigrationExecutor.java:68) ~[flyway-core-9.5.1.jar:na]
	at org.flywaydb.core.internal.resolver.sql.SqlMigrationExecutor.lambda$execute$0(SqlMigrationExecutor.java:57) ~[flyway-core-9.5.1.jar:na]
	at org.flywaydb.core.internal.database.DefaultExecutionStrategy.execute(DefaultExecutionStrategy.java:27) ~[flyway-core-9.5.1.jar:na]
	at org.flywaydb.core.internal.resolver.sql.SqlMigrationExecutor.execute(SqlMigrationExecutor.java:56) ~[flyway-core-9.5.1.jar:na]
	at org.flywaydb.core.internal.command.DbMigrate.doMigrateGroup(DbMigrate.java:376) ~[flyway-core-9.5.1.jar:na]
	... 23 common frames omitted
Caused by: org.postgresql.util.PSQLException: ERROR: duplicate key value violates unique constraint "profile_pkey"
  Detail: Key (id)=(1) already exists.
	at org.postgresql.core.v3.QueryExecutorImpl.receiveErrorResponse(QueryExecutorImpl.java:2676) ~[postgresql-42.5.1.jar:42.5.1]
	at org.postgresql.core.v3.QueryExecutorImpl.processResults(QueryExecutorImpl.java:2366) ~[postgresql-42.5.1.jar:42.5.1]
	at org.postgresql.core.v3.QueryExecutorImpl.execute(QueryExecutorImpl.java:356) ~[postgresql-42.5.1.jar:42.5.1]
	at org.postgresql.jdbc.PgStatement.executeInternal(PgStatement.java:496) ~[postgresql-42.5.1.jar:42.5.1]
	at org.postgresql.jdbc.PgStatement.execute(PgStatement.java:413) ~[postgresql-42.5.1.jar:42.5.1]
	at org.postgresql.jdbc.PgStatement.executeWithFlags(PgStatement.java:333) ~[postgresql-42.5.1.jar:42.5.1]
	at org.postgresql.jdbc.PgStatement.executeCachedSql(PgStatement.java:319) ~[postgresql-42.5.1.jar:42.5.1]
	at org.postgresql.jdbc.PgStatement.executeWithFlags(PgStatement.java:295) ~[postgresql-42.5.1.jar:42.5.1]
	at org.postgresql.jdbc.PgStatement.execute(PgStatement.java:290) ~[postgresql-42.5.1.jar:42.5.1]
	at com.zaxxer.hikari.pool.ProxyStatement.execute(ProxyStatement.java:94) ~[HikariCP-5.0.1.jar:na]
	at com.zaxxer.hikari.pool.HikariProxyStatement.execute(HikariProxyStatement.java) ~[HikariCP-5.0.1.jar:na]
	at org.flywaydb.core.internal.jdbc.JdbcTemplate.executeStatement(JdbcTemplate.java:201) ~[flyway-core-9.5.1.jar:na]
	at org.flywaydb.core.internal.sqlscript.ParsedSqlStatement.execute(ParsedSqlStatement.java:95) ~[flyway-core-9.5.1.jar:na]
	at org.flywaydb.core.internal.sqlscript.DefaultSqlScriptExecutor.executeStatement(DefaultSqlScriptExecutor.java:210) ~[flyway-core-9.5.1.jar:na]
	... 29 common frames omitted

2023-12-17T23:44:07.674+05:00  INFO 292 --- [main] j.LocalContainerEntityManagerFactoryBean : Closing JPA EntityManagerFactory for persistence unit 'default'
2023-12-17T23:44:07.676+05:00  INFO 292 --- [main] com.zaxxer.hikari.HikariDataSource       : HikariPool-1 - Shutdown initiated...
2023-12-17T23:44:07.681+05:00  INFO 292 --- [main] com.zaxxer.hikari.HikariDataSource       : HikariPool-1 - Shutdown completed.
2023-12-17T23:48:24.239+05:00  INFO 17092 --- [main] com.example.SecurityApplication          : Starting SecurityApplication using Java 19.0.2 with PID 17092 (C:\Users\Ma'ruf Raufov\Downloads\Telegram Desktop\Security\Security\target\classes started by Ma'ruf Raufov in C:\Users\Ma'ruf Raufov\Downloads\Telegram Desktop\Security\Security)
2023-12-17T23:48:24.282+05:00 DEBUG 17092 --- [main] com.example.SecurityApplication          : Running with Spring Boot v3.0.1, Spring v6.0.3
2023-12-17T23:48:24.284+05:00  INFO 17092 --- [main] com.example.SecurityApplication          : No active profile set, falling back to 1 default profile: "default"
2023-12-17T23:48:25.275+05:00  INFO 17092 --- [main] .s.d.r.c.RepositoryConfigurationDelegate : Bootstrapping Spring Data JPA repositories in DEFAULT mode.
2023-12-17T23:48:25.364+05:00  INFO 17092 --- [main] .s.d.r.c.RepositoryConfigurationDelegate : Finished Spring Data repository scanning in 80 ms. Found 5 JPA repository interfaces.
2023-12-17T23:48:25.983+05:00  INFO 17092 --- [main] o.s.b.w.embedded.tomcat.TomcatWebServer  : Tomcat initialized with port(s): 8081 (http)
2023-12-17T23:48:25.998+05:00  INFO 17092 --- [main] o.apache.catalina.core.StandardService   : Starting service [Tomcat]
2023-12-17T23:48:25.998+05:00  INFO 17092 --- [main] o.apache.catalina.core.StandardEngine    : Starting Servlet engine: [Apache Tomcat/10.1.4]
2023-12-17T23:48:26.127+05:00  INFO 17092 --- [main] o.a.c.c.C.[Tomcat].[localhost].[/]       : Initializing Spring embedded WebApplicationContext
2023-12-17T23:48:26.127+05:00  INFO 17092 --- [main] w.s.c.ServletWebServerApplicationContext : Root WebApplicationContext: initialization completed in 1736 ms
2023-12-17T23:48:26.333+05:00  INFO 17092 --- [main] o.hibernate.jpa.internal.util.LogHelper  : HHH000204: Processing PersistenceUnitInfo [name: default]
2023-12-17T23:48:26.388+05:00  INFO 17092 --- [main] org.hibernate.Version                    : HHH000412: Hibernate ORM core version 6.1.6.Final
2023-12-17T23:48:26.615+05:00  WARN 17092 --- [main] org.hibernate.orm.deprecation            : HHH90000021: Encountered deprecated setting [javax.persistence.sharedCache.mode], use [jakarta.persistence.sharedCache.mode] instead
2023-12-17T23:48:26.725+05:00  INFO 17092 --- [main] com.zaxxer.hikari.HikariDataSource       : HikariPool-1 - Starting...
2023-12-17T23:48:26.930+05:00  INFO 17092 --- [main] com.zaxxer.hikari.pool.HikariPool        : HikariPool-1 - Added connection org.postgresql.jdbc.PgConnection@456aa471
2023-12-17T23:48:26.932+05:00  INFO 17092 --- [main] com.zaxxer.hikari.HikariDataSource       : HikariPool-1 - Start completed.
2023-12-17T23:48:26.986+05:00  INFO 17092 --- [main] SQL dialect                              : HHH000400: Using dialect: org.hibernate.dialect.PostgreSQLDialect
2023-12-17T23:48:27.920+05:00  INFO 17092 --- [main] o.h.e.t.j.p.i.JtaPlatformInitiator       : HHH000490: Using JtaPlatform implementation: [org.hibernate.engine.transaction.jta.platform.internal.NoJtaPlatform]
2023-12-17T23:48:27.929+05:00  INFO 17092 --- [main] j.LocalContainerEntityManagerFactoryBean : Initialized JPA EntityManagerFactory for persistence unit 'default'
2023-12-17T23:48:28.442+05:00 DEBUG 17092 --- [main] com.example.config.JwtTokenFilter        : Filter 'jwtTokenFilter' configured for use
2023-12-17T23:48:29.733+05:00  INFO 17092 --- [main] o.s.s.web.DefaultSecurityFilterChain     : Will secure any request with [org.springframework.security.web.session.DisableEncodeUrlFilter@53c0424a, org.springframework.security.web.context.request.async.WebAsyncManagerIntegrationFilter@2d6cbbdb, org.springframework.security.web.context.SecurityContextHolderFilter@18edbed9, org.springframework.security.web.header.HeaderWriterFilter@76e4df53, org.springframework.security.web.authentication.logout.LogoutFilter@7f19430f, com.example.config.JwtTokenFilter@1cb73a92, org.springframework.security.web.savedrequest.RequestCacheAwareFilter@75f316df, org.springframework.security.web.servletapi.SecurityContextHolderAwareRequestFilter@2d4aadc, org.springframework.security.web.authentication.AnonymousAuthenticationFilter@408a0e92, org.springframework.security.web.access.ExceptionTranslationFilter@7ecd6861, org.springframework.security.web.access.intercept.AuthorizationFilter@3958e148]
2023-12-17T23:48:30.126+05:00  INFO 17092 --- [main] o.s.b.w.embedded.tomcat.TomcatWebServer  : Tomcat started on port(s): 8081 (http) with context path ''
2023-12-17T23:48:30.137+05:00  INFO 17092 --- [main] com.example.SecurityApplication          : Started SecurityApplication in 6.66 seconds (process running for 8.05)
2023-12-17T23:48:30.179+05:00  INFO 17092 --- [main] o.f.c.internal.license.VersionPrinter    : Flyway Community Edition 9.5.1 by Redgate
2023-12-17T23:48:30.179+05:00  INFO 17092 --- [main] o.f.c.internal.license.VersionPrinter    : See what's new here: https://flywaydb.org/documentation/learnmore/releaseNotes#9.5.1
2023-12-17T23:48:30.179+05:00  INFO 17092 --- [main] o.f.c.internal.license.VersionPrinter    : 
2023-12-17T23:48:30.193+05:00  INFO 17092 --- [main] o.f.c.i.database.base.BaseDatabaseType   : Database: jdbc:postgresql://localhost:5432/kun_uz (PostgreSQL 14.8)
2023-12-17T23:48:30.249+05:00  INFO 17092 --- [main] o.f.core.internal.command.DbValidate     : Successfully validated 4 migrations (execution time 00:00.039s)
2023-12-17T23:48:30.262+05:00  INFO 17092 --- [main] o.f.core.internal.command.DbMigrate      : Current version of schema "public": 1
2023-12-17T23:48:30.275+05:00  INFO 17092 --- [main] o.f.core.internal.command.DbMigrate      : Migrating schema "public" to version "2 - initAdmin"
2023-12-17T23:48:30.287+05:00 ERROR 17092 --- [main] o.f.core.internal.command.DbMigrate      : Migration of schema "public" to version "2 - initAdmin" failed! Changes successfully rolled back.
2023-12-17T23:48:30.292+05:00  INFO 17092 --- [main] .s.b.a.l.ConditionEvaluationReportLogger : 

Error starting ApplicationContext. To display the condition evaluation report re-run your application with 'debug' enabled.
2023-12-17T23:48:30.306+05:00 ERROR 17092 --- [main] o.s.boot.SpringApplication               : Application run failed

java.lang.IllegalStateException: Failed to execute CommandLineRunner
	at org.springframework.boot.SpringApplication.callRunner(SpringApplication.java:770) ~[spring-boot-3.0.1.jar:3.0.1]
	at org.springframework.boot.SpringApplication.callRunners(SpringApplication.java:751) ~[spring-boot-3.0.1.jar:3.0.1]
	at org.springframework.boot.SpringApplication.run(SpringApplication.java:315) ~[spring-boot-3.0.1.jar:3.0.1]
	at org.springframework.boot.SpringApplication.run(SpringApplication.java:1302) ~[spring-boot-3.0.1.jar:3.0.1]
	at org.springframework.boot.SpringApplication.run(SpringApplication.java:1291) ~[spring-boot-3.0.1.jar:3.0.1]
	at com.example.SecurityApplication.main(SecurityApplication.java:9) ~[classes/:na]
Caused by: org.flywaydb.core.internal.command.DbMigrate$FlywayMigrateException: Migration V2__initAdmin.sql failed
----------------------------------
SQL State  : 23505
Error Code : 0
Message    : ERROR: duplicate key value violates unique constraint "profile_pkey"
  Detail: Key (id)=(1) already exists.
Location   : db/migration/V2__initAdmin.sql (C:\Users\Ma'ruf Raufov\Downloads\Telegram Desktop\Security\Security\target\classes\db\migration\V2__initAdmin.sql)
Line       : 1
Statement  : INSERT INTO profile(id, created_date, email, name, surname, password, phone, photo_id, role, status)
VALUES (1,
        '2023-12-07 23:55:11.160562',
        'raufovmaruf777@gmail.com',
        'Raufov',
        'Maruf',
        'f9919e52ce90b0e41d0f9ced7fb8b3bd', -- Added comma here
        '+998932222077',
        '643d5efc-a7ad-4374-a8b0-af5c13a707f1',
        'ROLE_ADMIN',
        'ACTIVE')

	at org.flywaydb.core.internal.command.DbMigrate.doMigrateGroup(DbMigrate.java:384) ~[flyway-core-9.5.1.jar:na]
	at org.flywaydb.core.internal.command.DbMigrate.lambda$applyMigrations$1(DbMigrate.java:274) ~[flyway-core-9.5.1.jar:na]
	at org.flywaydb.core.internal.jdbc.TransactionalExecutionTemplate.execute(TransactionalExecutionTemplate.java:55) ~[flyway-core-9.5.1.jar:na]
	at org.flywaydb.core.internal.command.DbMigrate.applyMigrations(DbMigrate.java:273) ~[flyway-core-9.5.1.jar:na]
	at org.flywaydb.core.internal.command.DbMigrate.migrateGroup(DbMigrate.java:246) ~[flyway-core-9.5.1.jar:na]
	at org.flywaydb.core.internal.command.DbMigrate.lambda$migrateAll$0(DbMigrate.java:141) ~[flyway-core-9.5.1.jar:na]
	at org.flywaydb.core.internal.database.postgresql.PostgreSQLAdvisoryLockTemplate.execute(PostgreSQLAdvisoryLockTemplate.java:73) ~[flyway-core-9.5.1.jar:na]
	at org.flywaydb.core.internal.database.postgresql.PostgreSQLAdvisoryLockTemplate.lambda$execute$0(PostgreSQLAdvisoryLockTemplate.java:56) ~[flyway-core-9.5.1.jar:na]
	at org.flywaydb.core.internal.jdbc.TransactionalExecutionTemplate.execute(TransactionalExecutionTemplate.java:55) ~[flyway-core-9.5.1.jar:na]
	at org.flywaydb.core.internal.database.postgresql.PostgreSQLAdvisoryLockTemplate.execute(PostgreSQLAdvisoryLockTemplate.java:56) ~[flyway-core-9.5.1.jar:na]
	at org.flywaydb.core.internal.database.postgresql.PostgreSQLConnection.lock(PostgreSQLConnection.java:96) ~[flyway-core-9.5.1.jar:na]
	at org.flywaydb.core.internal.schemahistory.JdbcTableSchemaHistory.lock(JdbcTableSchemaHistory.java:143) ~[flyway-core-9.5.1.jar:na]
	at org.flywaydb.core.internal.command.DbMigrate.migrateAll(DbMigrate.java:141) ~[flyway-core-9.5.1.jar:na]
	at org.flywaydb.core.internal.command.DbMigrate.migrate(DbMigrate.java:98) ~[flyway-core-9.5.1.jar:na]
	at org.flywaydb.core.Flyway.lambda$migrate$0(Flyway.java:176) ~[flyway-core-9.5.1.jar:na]
	at org.flywaydb.core.FlywayExecutor.execute(FlywayExecutor.java:204) ~[flyway-core-9.5.1.jar:na]
	at org.flywaydb.core.Flyway.migrate(Flyway.java:128) ~[flyway-core-9.5.1.jar:na]
	at com.example.config.runner.CommandLineAppStartupRunner.run(CommandLineAppStartupRunner.java:16) ~[classes/:na]
	at org.springframework.boot.SpringApplication.callRunner(SpringApplication.java:767) ~[spring-boot-3.0.1.jar:3.0.1]
	... 5 common frames omitted
Caused by: org.flywaydb.core.internal.sqlscript.FlywaySqlScriptException: Migration V2__initAdmin.sql failed
----------------------------------
SQL State  : 23505
Error Code : 0
Message    : ERROR: duplicate key value violates unique constraint "profile_pkey"
  Detail: Key (id)=(1) already exists.
Location   : db/migration/V2__initAdmin.sql (C:\Users\Ma'ruf Raufov\Downloads\Telegram Desktop\Security\Security\target\classes\db\migration\V2__initAdmin.sql)
Line       : 1
Statement  : INSERT INTO profile(id, created_date, email, name, surname, password, phone, photo_id, role, status)
VALUES (1,
        '2023-12-07 23:55:11.160562',
        'raufovmaruf777@gmail.com',
        'Raufov',
        'Maruf',
        'f9919e52ce90b0e41d0f9ced7fb8b3bd', -- Added comma here
        '+998932222077',
        '643d5efc-a7ad-4374-a8b0-af5c13a707f1',
        'ROLE_ADMIN',
        'ACTIVE')

	at org.flywaydb.core.internal.sqlscript.DefaultSqlScriptExecutor.handleException(DefaultSqlScriptExecutor.java:275) ~[flyway-core-9.5.1.jar:na]
	at org.flywaydb.core.internal.sqlscript.DefaultSqlScriptExecutor.executeStatement(DefaultSqlScriptExecutor.java:222) ~[flyway-core-9.5.1.jar:na]
	at org.flywaydb.core.internal.sqlscript.DefaultSqlScriptExecutor.execute(DefaultSqlScriptExecutor.java:126) ~[flyway-core-9.5.1.jar:na]
	at org.flywaydb.core.internal.resolver.sql.SqlMigrationExecutor.executeOnce(SqlMigrationExecutor.java:68) ~[flyway-core-9.5.1.jar:na]
	at org.flywaydb.core.internal.resolver.sql.SqlMigrationExecutor.lambda$execute$0(SqlMigrationExecutor.java:57) ~[flyway-core-9.5.1.jar:na]
	at org.flywaydb.core.internal.database.DefaultExecutionStrategy.execute(DefaultExecutionStrategy.java:27) ~[flyway-core-9.5.1.jar:na]
	at org.flywaydb.core.internal.resolver.sql.SqlMigrationExecutor.execute(SqlMigrationExecutor.java:56) ~[flyway-core-9.5.1.jar:na]
	at org.flywaydb.core.internal.command.DbMigrate.doMigrateGroup(DbMigrate.java:376) ~[flyway-core-9.5.1.jar:na]
	... 23 common frames omitted
Caused by: org.postgresql.util.PSQLException: ERROR: duplicate key value violates unique constraint "profile_pkey"
  Detail: Key (id)=(1) already exists.
	at org.postgresql.core.v3.QueryExecutorImpl.receiveErrorResponse(QueryExecutorImpl.java:2676) ~[postgresql-42.5.1.jar:42.5.1]
	at org.postgresql.core.v3.QueryExecutorImpl.processResults(QueryExecutorImpl.java:2366) ~[postgresql-42.5.1.jar:42.5.1]
	at org.postgresql.core.v3.QueryExecutorImpl.execute(QueryExecutorImpl.java:356) ~[postgresql-42.5.1.jar:42.5.1]
	at org.postgresql.jdbc.PgStatement.executeInternal(PgStatement.java:496) ~[postgresql-42.5.1.jar:42.5.1]
	at org.postgresql.jdbc.PgStatement.execute(PgStatement.java:413) ~[postgresql-42.5.1.jar:42.5.1]
	at org.postgresql.jdbc.PgStatement.executeWithFlags(PgStatement.java:333) ~[postgresql-42.5.1.jar:42.5.1]
	at org.postgresql.jdbc.PgStatement.executeCachedSql(PgStatement.java:319) ~[postgresql-42.5.1.jar:42.5.1]
	at org.postgresql.jdbc.PgStatement.executeWithFlags(PgStatement.java:295) ~[postgresql-42.5.1.jar:42.5.1]
	at org.postgresql.jdbc.PgStatement.execute(PgStatement.java:290) ~[postgresql-42.5.1.jar:42.5.1]
	at com.zaxxer.hikari.pool.ProxyStatement.execute(ProxyStatement.java:94) ~[HikariCP-5.0.1.jar:na]
	at com.zaxxer.hikari.pool.HikariProxyStatement.execute(HikariProxyStatement.java) ~[HikariCP-5.0.1.jar:na]
	at org.flywaydb.core.internal.jdbc.JdbcTemplate.executeStatement(JdbcTemplate.java:201) ~[flyway-core-9.5.1.jar:na]
	at org.flywaydb.core.internal.sqlscript.ParsedSqlStatement.execute(ParsedSqlStatement.java:95) ~[flyway-core-9.5.1.jar:na]
	at org.flywaydb.core.internal.sqlscript.DefaultSqlScriptExecutor.executeStatement(DefaultSqlScriptExecutor.java:210) ~[flyway-core-9.5.1.jar:na]
	... 29 common frames omitted

2023-12-17T23:48:30.342+05:00  INFO 17092 --- [main] j.LocalContainerEntityManagerFactoryBean : Closing JPA EntityManagerFactory for persistence unit 'default'
2023-12-17T23:48:30.346+05:00  INFO 17092 --- [main] com.zaxxer.hikari.HikariDataSource       : HikariPool-1 - Shutdown initiated...
2023-12-17T23:48:30.355+05:00  INFO 17092 --- [main] com.zaxxer.hikari.HikariDataSource       : HikariPool-1 - Shutdown completed.
