2024-01-08T07:33:49.739+05:00  INFO 2412 --- [main] com.example.SecurityApplication          : Starting SecurityApplication using Java 19.0.2 with PID 2412 (C:\Users\Ma'ruf Raufov\Downloads\Telegram Desktop\Security\Security\target\classes started by Ma'ruf Raufov in C:\Users\Ma'ruf Raufov\Downloads\Telegram Desktop\Security\Security)
2024-01-08T07:33:49.763+05:00 DEBUG 2412 --- [main] com.example.SecurityApplication          : Running with Spring Boot v3.0.1, Spring v6.0.3
2024-01-08T07:33:49.764+05:00  INFO 2412 --- [main] com.example.SecurityApplication          : No active profile set, falling back to 1 default profile: "default"
2024-01-08T07:33:51.569+05:00  INFO 2412 --- [main] .s.d.r.c.RepositoryConfigurationDelegate : Bootstrapping Spring Data JPA repositories in DEFAULT mode.
2024-01-08T07:33:51.655+05:00  INFO 2412 --- [main] .s.d.r.c.RepositoryConfigurationDelegate : Finished Spring Data repository scanning in 76 ms. Found 7 JPA repository interfaces.
2024-01-08T07:33:52.327+05:00  INFO 2412 --- [main] o.s.b.w.embedded.tomcat.TomcatWebServer  : Tomcat initialized with port(s): 8081 (http)
2024-01-08T07:33:52.344+05:00  INFO 2412 --- [main] o.apache.catalina.core.StandardService   : Starting service [Tomcat]
2024-01-08T07:33:52.345+05:00  INFO 2412 --- [main] o.apache.catalina.core.StandardEngine    : Starting Servlet engine: [Apache Tomcat/10.1.4]
2024-01-08T07:33:52.455+05:00  INFO 2412 --- [main] o.a.c.c.C.[Tomcat].[localhost].[/]       : Initializing Spring embedded WebApplicationContext
2024-01-08T07:33:52.456+05:00  INFO 2412 --- [main] w.s.c.ServletWebServerApplicationContext : Root WebApplicationContext: initialization completed in 2615 ms
2024-01-08T07:33:52.657+05:00  INFO 2412 --- [main] o.hibernate.jpa.internal.util.LogHelper  : HHH000204: Processing PersistenceUnitInfo [name: default]
2024-01-08T07:33:52.732+05:00  INFO 2412 --- [main] org.hibernate.Version                    : HHH000412: Hibernate ORM core version 6.1.6.Final
2024-01-08T07:33:52.970+05:00  WARN 2412 --- [main] org.hibernate.orm.deprecation            : HHH90000021: Encountered deprecated setting [javax.persistence.sharedCache.mode], use [jakarta.persistence.sharedCache.mode] instead
2024-01-08T07:33:53.100+05:00  INFO 2412 --- [main] com.zaxxer.hikari.HikariDataSource       : HikariPool-1 - Starting...
2024-01-08T07:33:53.619+05:00  INFO 2412 --- [main] com.zaxxer.hikari.pool.HikariPool        : HikariPool-1 - Added connection org.postgresql.jdbc.PgConnection@26ffd2c0
2024-01-08T07:33:53.620+05:00  INFO 2412 --- [main] com.zaxxer.hikari.HikariDataSource       : HikariPool-1 - Start completed.
2024-01-08T07:33:53.741+05:00  INFO 2412 --- [main] SQL dialect                              : HHH000400: Using dialect: org.hibernate.dialect.PostgreSQLDialect
2024-01-08T07:33:54.955+05:00  WARN 2412 --- [main] o.h.engine.jdbc.spi.SqlExceptionHelper   : SQL Warning Code: 0, SQLState: 00000
2024-01-08T07:33:54.956+05:00  WARN 2412 --- [main] o.h.engine.jdbc.spi.SqlExceptionHelper   : constraint "uk75k4xmtyvofr380l9t5gh9fl7" of relation "article_like" does not exist, skipping
2024-01-08T07:33:55.054+05:00  INFO 2412 --- [main] o.h.e.t.j.p.i.JtaPlatformInitiator       : HHH000490: Using JtaPlatform implementation: [org.hibernate.engine.transaction.jta.platform.internal.NoJtaPlatform]
2024-01-08T07:33:55.064+05:00  INFO 2412 --- [main] j.LocalContainerEntityManagerFactoryBean : Initialized JPA EntityManagerFactory for persistence unit 'default'
2024-01-08T07:33:55.686+05:00 DEBUG 2412 --- [main] com.example.config.JwtTokenFilter        : Filter 'jwtTokenFilter' configured for use
2024-01-08T07:33:57.171+05:00  INFO 2412 --- [main] o.s.s.web.DefaultSecurityFilterChain     : Will secure any request with [org.springframework.security.web.session.DisableEncodeUrlFilter@63ee2891, org.springframework.security.web.context.request.async.WebAsyncManagerIntegrationFilter@9670873, org.springframework.security.web.context.SecurityContextHolderFilter@86abdbd, org.springframework.security.web.header.HeaderWriterFilter@149bdb4e, org.springframework.security.web.authentication.logout.LogoutFilter@42626e86, com.example.config.JwtTokenFilter@77e1b84c, org.springframework.security.web.savedrequest.RequestCacheAwareFilter@81198ed, org.springframework.security.web.servletapi.SecurityContextHolderAwareRequestFilter@2806fe58, org.springframework.security.web.authentication.AnonymousAuthenticationFilter@4ee41c66, org.springframework.security.web.access.ExceptionTranslationFilter@57596d71, org.springframework.security.web.access.intercept.AuthorizationFilter@41dcfd0]
2024-01-08T07:33:57.576+05:00  INFO 2412 --- [main] o.s.b.w.embedded.tomcat.TomcatWebServer  : Tomcat started on port(s): 8081 (http) with context path ''
2024-01-08T07:33:57.585+05:00  INFO 2412 --- [main] com.example.SecurityApplication          : Started SecurityApplication in 8.543 seconds (process running for 10.088)
2024-01-08T07:33:57.642+05:00  INFO 2412 --- [main] o.f.c.internal.license.VersionPrinter    : Flyway Community Edition 9.5.1 by Redgate
2024-01-08T07:33:57.643+05:00  INFO 2412 --- [main] o.f.c.internal.license.VersionPrinter    : See what's new here: https://flywaydb.org/documentation/learnmore/releaseNotes#9.5.1
2024-01-08T07:33:57.643+05:00  INFO 2412 --- [main] o.f.c.internal.license.VersionPrinter    : 
2024-01-08T07:33:57.660+05:00  INFO 2412 --- [main] o.f.c.i.database.base.BaseDatabaseType   : Database: jdbc:postgresql://localhost:5432/kun_uz (PostgreSQL 14.8)
2024-01-08T07:33:57.715+05:00  INFO 2412 --- [main] o.f.core.internal.command.DbValidate     : Successfully validated 4 migrations (execution time 00:00.038s)
2024-01-08T07:33:57.731+05:00  INFO 2412 --- [main] o.f.core.internal.command.DbMigrate      : Current version of schema "public": 3
2024-01-08T07:33:57.732+05:00  INFO 2412 --- [main] o.f.core.internal.command.DbMigrate      : Schema "public" is up to date. No migration necessary.
2024-01-08T14:18:19.970+05:00  WARN 2412 --- [HikariPool-1 housekeeper] com.zaxxer.hikari.pool.HikariPool        : HikariPool-1 - Thread starvation or clock leap detected (housekeeper delta=5h9m26s705ms211µs400ns).
2024-01-08T17:37:06.410+05:00  WARN 2412 --- [HikariPool-1 housekeeper] com.zaxxer.hikari.pool.HikariPool        : HikariPool-1 - Thread starvation or clock leap detected (housekeeper delta=10m34s890ms498µs800ns).
2024-01-08T22:40:23.341+05:00  WARN 2412 --- [HikariPool-1 housekeeper] com.zaxxer.hikari.pool.HikariPool        : HikariPool-1 - Thread starvation or clock leap detected (housekeeper delta=4h18m46s296ms179µs600ns).
