2024-01-05T16:28:35.465+05:00  INFO 13876 --- [main] com.example.SecurityApplication          : Starting SecurityApplication using Java 19.0.2 with PID 13876 (C:\Users\Ma'ruf Raufov\Downloads\Telegram Desktop\Security\Security\target\classes started by Ma'ruf Raufov in C:\Users\Ma'ruf Raufov\Downloads\Telegram Desktop\Security\Security)
2024-01-05T16:28:35.486+05:00 DEBUG 13876 --- [main] com.example.SecurityApplication          : Running with Spring Boot v3.0.1, Spring v6.0.3
2024-01-05T16:28:35.487+05:00  INFO 13876 --- [main] com.example.SecurityApplication          : No active profile set, falling back to 1 default profile: "default"
2024-01-05T16:28:37.001+05:00  INFO 13876 --- [main] .s.d.r.c.RepositoryConfigurationDelegate : Bootstrapping Spring Data JPA repositories in DEFAULT mode.
2024-01-05T16:28:37.082+05:00  INFO 13876 --- [main] .s.d.r.c.RepositoryConfigurationDelegate : Finished Spring Data repository scanning in 71 ms. Found 6 JPA repository interfaces.
2024-01-05T16:28:37.664+05:00  INFO 13876 --- [main] o.s.b.w.embedded.tomcat.TomcatWebServer  : Tomcat initialized with port(s): 8081 (http)
2024-01-05T16:28:37.674+05:00  INFO 13876 --- [main] o.apache.catalina.core.StandardService   : Starting service [Tomcat]
2024-01-05T16:28:37.674+05:00  INFO 13876 --- [main] o.apache.catalina.core.StandardEngine    : Starting Servlet engine: [Apache Tomcat/10.1.4]
2024-01-05T16:28:37.771+05:00  INFO 13876 --- [main] o.a.c.c.C.[Tomcat].[localhost].[/]       : Initializing Spring embedded WebApplicationContext
2024-01-05T16:28:37.772+05:00  INFO 13876 --- [main] w.s.c.ServletWebServerApplicationContext : Root WebApplicationContext: initialization completed in 2235 ms
2024-01-05T16:28:37.925+05:00  INFO 13876 --- [main] o.hibernate.jpa.internal.util.LogHelper  : HHH000204: Processing PersistenceUnitInfo [name: default]
2024-01-05T16:28:37.985+05:00  INFO 13876 --- [main] org.hibernate.Version                    : HHH000412: Hibernate ORM core version 6.1.6.Final
2024-01-05T16:28:38.165+05:00  WARN 13876 --- [main] org.hibernate.orm.deprecation            : HHH90000021: Encountered deprecated setting [javax.persistence.sharedCache.mode], use [jakarta.persistence.sharedCache.mode] instead
2024-01-05T16:28:38.270+05:00  INFO 13876 --- [main] com.zaxxer.hikari.HikariDataSource       : HikariPool-1 - Starting...
2024-01-05T16:28:38.483+05:00  INFO 13876 --- [main] com.zaxxer.hikari.pool.HikariPool        : HikariPool-1 - Added connection org.postgresql.jdbc.PgConnection@300bb303
2024-01-05T16:28:38.485+05:00  INFO 13876 --- [main] com.zaxxer.hikari.HikariDataSource       : HikariPool-1 - Start completed.
2024-01-05T16:28:38.545+05:00  INFO 13876 --- [main] SQL dialect                              : HHH000400: Using dialect: org.hibernate.dialect.PostgreSQLDialect
2024-01-05T16:28:39.621+05:00  INFO 13876 --- [main] o.h.e.t.j.p.i.JtaPlatformInitiator       : HHH000490: Using JtaPlatform implementation: [org.hibernate.engine.transaction.jta.platform.internal.NoJtaPlatform]
2024-01-05T16:28:39.629+05:00  INFO 13876 --- [main] j.LocalContainerEntityManagerFactoryBean : Initialized JPA EntityManagerFactory for persistence unit 'default'
2024-01-05T16:28:40.149+05:00 DEBUG 13876 --- [main] com.example.config.JwtTokenFilter        : Filter 'jwtTokenFilter' configured for use
2024-01-05T16:28:41.580+05:00  INFO 13876 --- [main] o.s.s.web.DefaultSecurityFilterChain     : Will secure any request with [org.springframework.security.web.session.DisableEncodeUrlFilter@5016934, org.springframework.security.web.context.request.async.WebAsyncManagerIntegrationFilter@e10809f, org.springframework.security.web.context.SecurityContextHolderFilter@76d4e1af, org.springframework.security.web.header.HeaderWriterFilter@72499396, org.springframework.security.web.authentication.logout.LogoutFilter@7f5b0926, com.example.config.JwtTokenFilter@13e5c53c, org.springframework.security.web.savedrequest.RequestCacheAwareFilter@f111e97, org.springframework.security.web.servletapi.SecurityContextHolderAwareRequestFilter@35d44cd3, org.springframework.security.web.authentication.AnonymousAuthenticationFilter@470c2a7a, org.springframework.security.web.access.ExceptionTranslationFilter@724e483f, org.springframework.security.web.access.intercept.AuthorizationFilter@2812368]
2024-01-05T16:28:42.074+05:00  INFO 13876 --- [main] o.s.b.w.embedded.tomcat.TomcatWebServer  : Tomcat started on port(s): 8081 (http) with context path ''
2024-01-05T16:28:42.084+05:00  INFO 13876 --- [main] com.example.SecurityApplication          : Started SecurityApplication in 7.2 seconds (process running for 9.152)
2024-01-05T16:28:42.136+05:00  INFO 13876 --- [main] o.f.c.internal.license.VersionPrinter    : Flyway Community Edition 9.5.1 by Redgate
2024-01-05T16:28:42.136+05:00  INFO 13876 --- [main] o.f.c.internal.license.VersionPrinter    : See what's new here: https://flywaydb.org/documentation/learnmore/releaseNotes#9.5.1
2024-01-05T16:28:42.136+05:00  INFO 13876 --- [main] o.f.c.internal.license.VersionPrinter    : 
2024-01-05T16:28:42.153+05:00  INFO 13876 --- [main] o.f.c.i.database.base.BaseDatabaseType   : Database: jdbc:postgresql://localhost:5432/kun_uz (PostgreSQL 14.8)
2024-01-05T16:28:42.219+05:00  INFO 13876 --- [main] o.f.core.internal.command.DbValidate     : Successfully validated 4 migrations (execution time 00:00.045s)
2024-01-05T16:28:42.235+05:00  INFO 13876 --- [main] o.f.core.internal.command.DbMigrate      : Current version of schema "public": 3
2024-01-05T16:28:42.237+05:00  INFO 13876 --- [main] o.f.core.internal.command.DbMigrate      : Schema "public" is up to date. No migration necessary.
2024-01-05T16:29:27.487+05:00  INFO 13876 --- [http-nio-8081-exec-1] o.a.c.c.C.[Tomcat].[localhost].[/]       : Initializing Spring DispatcherServlet 'dispatcherServlet'
2024-01-05T16:29:27.488+05:00  INFO 13876 --- [http-nio-8081-exec-1] o.s.web.servlet.DispatcherServlet        : Initializing Servlet 'dispatcherServlet'
2024-01-05T16:29:27.491+05:00  INFO 13876 --- [http-nio-8081-exec-1] o.s.web.servlet.DispatcherServlet        : Completed initialization in 3 ms
2024-01-05T16:49:00.773+05:00  INFO 13876 --- [SpringApplicationShutdownHook] j.LocalContainerEntityManagerFactoryBean : Closing JPA EntityManagerFactory for persistence unit 'default'
2024-01-05T16:49:00.793+05:00  INFO 13876 --- [SpringApplicationShutdownHook] com.zaxxer.hikari.HikariDataSource       : HikariPool-1 - Shutdown initiated...
2024-01-05T16:49:00.802+05:00  INFO 13876 --- [SpringApplicationShutdownHook] com.zaxxer.hikari.HikariDataSource       : HikariPool-1 - Shutdown completed.
2024-01-05T16:49:10.835+05:00  INFO 17204 --- [main] com.example.SecurityApplication          : Starting SecurityApplication using Java 19.0.2 with PID 17204 (C:\Users\Ma'ruf Raufov\Downloads\Telegram Desktop\Security\Security\target\classes started by Ma'ruf Raufov in C:\Users\Ma'ruf Raufov\Downloads\Telegram Desktop\Security\Security)
2024-01-05T16:49:10.851+05:00 DEBUG 17204 --- [main] com.example.SecurityApplication          : Running with Spring Boot v3.0.1, Spring v6.0.3
2024-01-05T16:49:10.851+05:00  INFO 17204 --- [main] com.example.SecurityApplication          : No active profile set, falling back to 1 default profile: "default"
2024-01-05T16:49:12.168+05:00  INFO 17204 --- [main] .s.d.r.c.RepositoryConfigurationDelegate : Bootstrapping Spring Data JPA repositories in DEFAULT mode.
2024-01-05T16:49:12.262+05:00  INFO 17204 --- [main] .s.d.r.c.RepositoryConfigurationDelegate : Finished Spring Data repository scanning in 87 ms. Found 6 JPA repository interfaces.
2024-01-05T16:49:12.989+05:00  INFO 17204 --- [main] o.s.b.w.embedded.tomcat.TomcatWebServer  : Tomcat initialized with port(s): 8081 (http)
2024-01-05T16:49:13.003+05:00  INFO 17204 --- [main] o.apache.catalina.core.StandardService   : Starting service [Tomcat]
2024-01-05T16:49:13.003+05:00  INFO 17204 --- [main] o.apache.catalina.core.StandardEngine    : Starting Servlet engine: [Apache Tomcat/10.1.4]
2024-01-05T16:49:13.113+05:00  INFO 17204 --- [main] o.a.c.c.C.[Tomcat].[localhost].[/]       : Initializing Spring embedded WebApplicationContext
2024-01-05T16:49:13.114+05:00  INFO 17204 --- [main] w.s.c.ServletWebServerApplicationContext : Root WebApplicationContext: initialization completed in 2203 ms
2024-01-05T16:49:13.287+05:00  INFO 17204 --- [main] o.hibernate.jpa.internal.util.LogHelper  : HHH000204: Processing PersistenceUnitInfo [name: default]
2024-01-05T16:49:13.353+05:00  INFO 17204 --- [main] org.hibernate.Version                    : HHH000412: Hibernate ORM core version 6.1.6.Final
2024-01-05T16:49:13.666+05:00  WARN 17204 --- [main] org.hibernate.orm.deprecation            : HHH90000021: Encountered deprecated setting [javax.persistence.sharedCache.mode], use [jakarta.persistence.sharedCache.mode] instead
2024-01-05T16:49:13.800+05:00  INFO 17204 --- [main] com.zaxxer.hikari.HikariDataSource       : HikariPool-1 - Starting...
2024-01-05T16:49:14.013+05:00  INFO 17204 --- [main] com.zaxxer.hikari.pool.HikariPool        : HikariPool-1 - Added connection org.postgresql.jdbc.PgConnection@71f0806b
2024-01-05T16:49:14.014+05:00  INFO 17204 --- [main] com.zaxxer.hikari.HikariDataSource       : HikariPool-1 - Start completed.
2024-01-05T16:49:14.074+05:00  INFO 17204 --- [main] SQL dialect                              : HHH000400: Using dialect: org.hibernate.dialect.PostgreSQLDialect
2024-01-05T16:49:15.355+05:00  INFO 17204 --- [main] o.h.e.t.j.p.i.JtaPlatformInitiator       : HHH000490: Using JtaPlatform implementation: [org.hibernate.engine.transaction.jta.platform.internal.NoJtaPlatform]
2024-01-05T16:49:15.365+05:00  INFO 17204 --- [main] j.LocalContainerEntityManagerFactoryBean : Initialized JPA EntityManagerFactory for persistence unit 'default'
2024-01-05T16:49:15.941+05:00 DEBUG 17204 --- [main] com.example.config.JwtTokenFilter        : Filter 'jwtTokenFilter' configured for use
2024-01-05T16:49:17.217+05:00  INFO 17204 --- [main] o.s.s.web.DefaultSecurityFilterChain     : Will secure any request with [org.springframework.security.web.session.DisableEncodeUrlFilter@57e9cd2, org.springframework.security.web.context.request.async.WebAsyncManagerIntegrationFilter@2298d741, org.springframework.security.web.context.SecurityContextHolderFilter@8c54f48, org.springframework.security.web.header.HeaderWriterFilter@627f678d, org.springframework.security.web.authentication.logout.LogoutFilter@4dfe5727, com.example.config.JwtTokenFilter@294ab038, org.springframework.security.web.savedrequest.RequestCacheAwareFilter@48c584c, org.springframework.security.web.servletapi.SecurityContextHolderAwareRequestFilter@641001c2, org.springframework.security.web.authentication.AnonymousAuthenticationFilter@34a48013, org.springframework.security.web.access.ExceptionTranslationFilter@56d4481f, org.springframework.security.web.access.intercept.AuthorizationFilter@294aaa6]
2024-01-05T16:49:17.948+05:00  INFO 17204 --- [main] o.s.b.w.embedded.tomcat.TomcatWebServer  : Tomcat started on port(s): 8081 (http) with context path ''
2024-01-05T16:49:17.978+05:00  INFO 17204 --- [main] com.example.SecurityApplication          : Started SecurityApplication in 7.675 seconds (process running for 9.022)
2024-01-05T16:49:18.090+05:00  INFO 17204 --- [main] o.f.c.internal.license.VersionPrinter    : Flyway Community Edition 9.5.1 by Redgate
2024-01-05T16:49:18.091+05:00  INFO 17204 --- [main] o.f.c.internal.license.VersionPrinter    : See what's new here: https://flywaydb.org/documentation/learnmore/releaseNotes#9.5.1
2024-01-05T16:49:18.091+05:00  INFO 17204 --- [main] o.f.c.internal.license.VersionPrinter    : 
2024-01-05T16:49:18.129+05:00  INFO 17204 --- [main] o.f.c.i.database.base.BaseDatabaseType   : Database: jdbc:postgresql://localhost:5432/kun_uz (PostgreSQL 14.8)
2024-01-05T16:49:18.237+05:00  INFO 17204 --- [main] o.f.core.internal.command.DbValidate     : Successfully validated 4 migrations (execution time 00:00.066s)
2024-01-05T16:49:18.264+05:00  INFO 17204 --- [main] o.f.core.internal.command.DbMigrate      : Current version of schema "public": 3
2024-01-05T16:49:18.266+05:00  INFO 17204 --- [main] o.f.core.internal.command.DbMigrate      : Schema "public" is up to date. No migration necessary.
2024-01-05T16:49:31.584+05:00  INFO 17204 --- [http-nio-8081-exec-1] o.a.c.c.C.[Tomcat].[localhost].[/]       : Initializing Spring DispatcherServlet 'dispatcherServlet'
2024-01-05T16:49:31.585+05:00  INFO 17204 --- [http-nio-8081-exec-1] o.s.web.servlet.DispatcherServlet        : Initializing Servlet 'dispatcherServlet'
2024-01-05T16:49:31.590+05:00  INFO 17204 --- [http-nio-8081-exec-1] o.s.web.servlet.DispatcherServlet        : Completed initialization in 4 ms
