2023-12-16T00:03:42.128+05:00  INFO 8852 --- [SpringApplicationShutdownHook] j.LocalContainerEntityManagerFactoryBean : Closing JPA EntityManagerFactory for persistence unit 'default'
2023-12-16T00:03:42.150+05:00  INFO 8852 --- [SpringApplicationShutdownHook] com.zaxxer.hikari.HikariDataSource       : HikariPool-1 - Shutdown initiated...
2023-12-16T00:03:42.162+05:00  INFO 8852 --- [SpringApplicationShutdownHook] com.zaxxer.hikari.HikariDataSource       : HikariPool-1 - Shutdown completed.
2023-12-16T23:04:31.711+05:00  INFO 18128 --- [main] com.example.SecurityApplication          : Starting SecurityApplication using Java 19.0.2 with PID 18128 (C:\Users\Ma'ruf Raufov\Downloads\Telegram Desktop\Security\Security\target\classes started by Ma'ruf Raufov in C:\Users\Ma'ruf Raufov\Downloads\Telegram Desktop\Security\Security)
2023-12-16T23:04:31.788+05:00 DEBUG 18128 --- [main] com.example.SecurityApplication          : Running with Spring Boot v3.0.1, Spring v6.0.3
2023-12-16T23:04:31.792+05:00  INFO 18128 --- [main] com.example.SecurityApplication          : No active profile set, falling back to 1 default profile: "default"
2023-12-16T23:04:35.026+05:00  INFO 18128 --- [main] .s.d.r.c.RepositoryConfigurationDelegate : Bootstrapping Spring Data JPA repositories in DEFAULT mode.
2023-12-16T23:04:35.153+05:00  INFO 18128 --- [main] .s.d.r.c.RepositoryConfigurationDelegate : Finished Spring Data repository scanning in 113 ms. Found 5 JPA repository interfaces.
2023-12-16T23:04:36.077+05:00  INFO 18128 --- [main] o.s.b.w.embedded.tomcat.TomcatWebServer  : Tomcat initialized with port(s): 8081 (http)
2023-12-16T23:04:36.091+05:00  INFO 18128 --- [main] o.apache.catalina.core.StandardService   : Starting service [Tomcat]
2023-12-16T23:04:36.092+05:00  INFO 18128 --- [main] o.apache.catalina.core.StandardEngine    : Starting Servlet engine: [Apache Tomcat/10.1.4]
2023-12-16T23:04:36.244+05:00  INFO 18128 --- [main] o.a.c.c.C.[Tomcat].[localhost].[/]       : Initializing Spring embedded WebApplicationContext
2023-12-16T23:04:36.245+05:00  INFO 18128 --- [main] w.s.c.ServletWebServerApplicationContext : Root WebApplicationContext: initialization completed in 4302 ms
2023-12-16T23:04:36.459+05:00  INFO 18128 --- [main] o.hibernate.jpa.internal.util.LogHelper  : HHH000204: Processing PersistenceUnitInfo [name: default]
2023-12-16T23:04:36.546+05:00  INFO 18128 --- [main] org.hibernate.Version                    : HHH000412: Hibernate ORM core version 6.1.6.Final
2023-12-16T23:04:36.912+05:00  WARN 18128 --- [main] org.hibernate.orm.deprecation            : HHH90000021: Encountered deprecated setting [javax.persistence.sharedCache.mode], use [jakarta.persistence.sharedCache.mode] instead
2023-12-16T23:04:37.089+05:00  INFO 18128 --- [main] com.zaxxer.hikari.HikariDataSource       : HikariPool-1 - Starting...
2023-12-16T23:04:37.640+05:00  INFO 18128 --- [main] com.zaxxer.hikari.pool.HikariPool        : HikariPool-1 - Added connection org.postgresql.jdbc.PgConnection@bd4ee01
2023-12-16T23:04:37.642+05:00  INFO 18128 --- [main] com.zaxxer.hikari.HikariDataSource       : HikariPool-1 - Start completed.
2023-12-16T23:04:37.807+05:00  INFO 18128 --- [main] SQL dialect                              : HHH000400: Using dialect: org.hibernate.dialect.PostgreSQLDialect
2023-12-16T23:04:42.056+05:00  WARN 18128 --- [main] o.h.engine.jdbc.spi.SqlExceptionHelper   : SQL Warning Code: 0, SQLState: 00000
2023-12-16T23:04:42.057+05:00  WARN 18128 --- [main] o.h.engine.jdbc.spi.SqlExceptionHelper   : constraint "uk_2eg0kp0p6jl591y6kxa5rin4k" of relation "category" does not exist, skipping
2023-12-16T23:04:42.160+05:00  INFO 18128 --- [main] o.h.e.t.j.p.i.JtaPlatformInitiator       : HHH000490: Using JtaPlatform implementation: [org.hibernate.engine.transaction.jta.platform.internal.NoJtaPlatform]
2023-12-16T23:04:42.179+05:00  INFO 18128 --- [main] j.LocalContainerEntityManagerFactoryBean : Initialized JPA EntityManagerFactory for persistence unit 'default'
2023-12-16T23:04:43.025+05:00 DEBUG 18128 --- [main] com.example.config.JwtTokenFilter        : Filter 'jwtTokenFilter' configured for use
2023-12-16T23:04:44.383+05:00  INFO 18128 --- [main] o.s.s.web.DefaultSecurityFilterChain     : Will secure any request with [org.springframework.security.web.session.DisableEncodeUrlFilter@193710c3, org.springframework.security.web.context.request.async.WebAsyncManagerIntegrationFilter@eb23b9c, org.springframework.security.web.context.SecurityContextHolderFilter@444720b7, org.springframework.security.web.header.HeaderWriterFilter@402adc9c, org.springframework.security.web.authentication.logout.LogoutFilter@2735a7dc, com.example.config.JwtTokenFilter@799557c8, org.springframework.security.web.savedrequest.RequestCacheAwareFilter@2b8f5aa4, org.springframework.security.web.servletapi.SecurityContextHolderAwareRequestFilter@7d0e46dd, org.springframework.security.web.authentication.AnonymousAuthenticationFilter@314407dd, org.springframework.security.web.access.ExceptionTranslationFilter@4dcc0e3d, org.springframework.security.web.access.intercept.AuthorizationFilter@360432d3]
2023-12-16T23:04:44.902+05:00  INFO 18128 --- [main] o.s.b.w.embedded.tomcat.TomcatWebServer  : Tomcat started on port(s): 8081 (http) with context path ''
2023-12-16T23:04:44.926+05:00  INFO 18128 --- [main] com.example.SecurityApplication          : Started SecurityApplication in 14.964 seconds (process running for 18.9)
2023-12-16T23:04:44.996+05:00  INFO 18128 --- [main] o.f.c.internal.license.VersionPrinter    : Flyway Community Edition 9.5.1 by Redgate
2023-12-16T23:04:44.997+05:00  INFO 18128 --- [main] o.f.c.internal.license.VersionPrinter    : See what's new here: https://flywaydb.org/documentation/learnmore/releaseNotes#9.5.1
2023-12-16T23:04:44.997+05:00  INFO 18128 --- [main] o.f.c.internal.license.VersionPrinter    : 
2023-12-16T23:04:45.012+05:00  INFO 18128 --- [main] o.f.c.i.database.base.BaseDatabaseType   : Database: jdbc:postgresql://localhost:5432/kun_uz (PostgreSQL 14.8)
2023-12-16T23:04:45.107+05:00  INFO 18128 --- [main] o.f.core.internal.command.DbValidate     : Successfully validated 4 migrations (execution time 00:00.077s)
2023-12-16T23:04:45.127+05:00  INFO 18128 --- [main] o.f.core.internal.command.DbMigrate      : Current version of schema "public": 3
2023-12-16T23:04:45.128+05:00  INFO 18128 --- [main] o.f.core.internal.command.DbMigrate      : Schema "public" is up to date. No migration necessary.
2023-12-16T23:06:10.698+05:00  INFO 18128 --- [http-nio-8081-exec-1] o.a.c.c.C.[Tomcat].[localhost].[/]       : Initializing Spring DispatcherServlet 'dispatcherServlet'
2023-12-16T23:06:10.699+05:00  INFO 18128 --- [http-nio-8081-exec-1] o.s.web.servlet.DispatcherServlet        : Initializing Servlet 'dispatcherServlet'
2023-12-16T23:06:10.701+05:00  INFO 18128 --- [http-nio-8081-exec-1] o.s.web.servlet.DispatcherServlet        : Completed initialization in 1 ms
2023-12-16T23:06:18.221+05:00  INFO 18128 --- [http-nio-8081-exec-6] com.example.controller.AuthController    : Authorization --> com.example.dto.auth.AuthRequestDTO@65ceccf0
2023-12-16T23:09:04.935+05:00  INFO 18128 --- [SpringApplicationShutdownHook] j.LocalContainerEntityManagerFactoryBean : Closing JPA EntityManagerFactory for persistence unit 'default'
2023-12-16T23:09:04.939+05:00  INFO 18128 --- [SpringApplicationShutdownHook] com.zaxxer.hikari.HikariDataSource       : HikariPool-1 - Shutdown initiated...
2023-12-16T23:09:04.949+05:00  INFO 18128 --- [SpringApplicationShutdownHook] com.zaxxer.hikari.HikariDataSource       : HikariPool-1 - Shutdown completed.
2023-12-16T23:09:11.949+05:00  INFO 17044 --- [main] com.example.SecurityApplication          : Starting SecurityApplication using Java 19.0.2 with PID 17044 (C:\Users\Ma'ruf Raufov\Downloads\Telegram Desktop\Security\Security\target\classes started by Ma'ruf Raufov in C:\Users\Ma'ruf Raufov\Downloads\Telegram Desktop\Security\Security)
2023-12-16T23:09:11.974+05:00 DEBUG 17044 --- [main] com.example.SecurityApplication          : Running with Spring Boot v3.0.1, Spring v6.0.3
2023-12-16T23:09:11.978+05:00  INFO 17044 --- [main] com.example.SecurityApplication          : No active profile set, falling back to 1 default profile: "default"
2023-12-16T23:09:13.093+05:00  INFO 17044 --- [main] .s.d.r.c.RepositoryConfigurationDelegate : Bootstrapping Spring Data JPA repositories in DEFAULT mode.
2023-12-16T23:09:13.213+05:00  INFO 17044 --- [main] .s.d.r.c.RepositoryConfigurationDelegate : Finished Spring Data repository scanning in 108 ms. Found 5 JPA repository interfaces.
2023-12-16T23:09:13.880+05:00  INFO 17044 --- [main] o.s.b.w.embedded.tomcat.TomcatWebServer  : Tomcat initialized with port(s): 8081 (http)
2023-12-16T23:09:13.890+05:00  INFO 17044 --- [main] o.apache.catalina.core.StandardService   : Starting service [Tomcat]
2023-12-16T23:09:13.890+05:00  INFO 17044 --- [main] o.apache.catalina.core.StandardEngine    : Starting Servlet engine: [Apache Tomcat/10.1.4]
2023-12-16T23:09:14.015+05:00  INFO 17044 --- [main] o.a.c.c.C.[Tomcat].[localhost].[/]       : Initializing Spring embedded WebApplicationContext
2023-12-16T23:09:14.015+05:00  INFO 17044 --- [main] w.s.c.ServletWebServerApplicationContext : Root WebApplicationContext: initialization completed in 1950 ms
2023-12-16T23:09:14.172+05:00  INFO 17044 --- [main] o.hibernate.jpa.internal.util.LogHelper  : HHH000204: Processing PersistenceUnitInfo [name: default]
2023-12-16T23:09:14.274+05:00  INFO 17044 --- [main] org.hibernate.Version                    : HHH000412: Hibernate ORM core version 6.1.6.Final
2023-12-16T23:09:14.506+05:00  WARN 17044 --- [main] org.hibernate.orm.deprecation            : HHH90000021: Encountered deprecated setting [javax.persistence.sharedCache.mode], use [jakarta.persistence.sharedCache.mode] instead
2023-12-16T23:09:14.636+05:00  INFO 17044 --- [main] com.zaxxer.hikari.HikariDataSource       : HikariPool-1 - Starting...
2023-12-16T23:09:14.825+05:00  INFO 17044 --- [main] com.zaxxer.hikari.pool.HikariPool        : HikariPool-1 - Added connection org.postgresql.jdbc.PgConnection@7845b21a
2023-12-16T23:09:14.827+05:00  INFO 17044 --- [main] com.zaxxer.hikari.HikariDataSource       : HikariPool-1 - Start completed.
2023-12-16T23:09:14.895+05:00  INFO 17044 --- [main] SQL dialect                              : HHH000400: Using dialect: org.hibernate.dialect.PostgreSQLDialect
2023-12-16T23:09:16.105+05:00  INFO 17044 --- [main] o.h.e.t.j.p.i.JtaPlatformInitiator       : HHH000490: Using JtaPlatform implementation: [org.hibernate.engine.transaction.jta.platform.internal.NoJtaPlatform]
2023-12-16T23:09:16.117+05:00  INFO 17044 --- [main] j.LocalContainerEntityManagerFactoryBean : Initialized JPA EntityManagerFactory for persistence unit 'default'
2023-12-16T23:09:16.730+05:00 DEBUG 17044 --- [main] com.example.config.JwtTokenFilter        : Filter 'jwtTokenFilter' configured for use
2023-12-16T23:09:18.129+05:00  INFO 17044 --- [main] o.s.s.web.DefaultSecurityFilterChain     : Will secure any request with [org.springframework.security.web.session.DisableEncodeUrlFilter@318353, org.springframework.security.web.context.request.async.WebAsyncManagerIntegrationFilter@2cd6fae8, org.springframework.security.web.context.SecurityContextHolderFilter@24facb47, org.springframework.security.web.header.HeaderWriterFilter@157a2c86, org.springframework.security.web.authentication.logout.LogoutFilter@7b897456, com.example.config.JwtTokenFilter@7207f3c2, org.springframework.security.web.savedrequest.RequestCacheAwareFilter@2b68c59b, org.springframework.security.web.servletapi.SecurityContextHolderAwareRequestFilter@326d39fd, org.springframework.security.web.authentication.AnonymousAuthenticationFilter@7d5ddfac, org.springframework.security.web.access.ExceptionTranslationFilter@648c80cb, org.springframework.security.web.access.intercept.AuthorizationFilter@529fda9f]
2023-12-16T23:09:18.610+05:00  INFO 17044 --- [main] o.s.b.w.embedded.tomcat.TomcatWebServer  : Tomcat started on port(s): 8081 (http) with context path ''
2023-12-16T23:09:18.621+05:00  INFO 17044 --- [main] com.example.SecurityApplication          : Started SecurityApplication in 7.308 seconds (process running for 8.153)
2023-12-16T23:09:18.680+05:00  INFO 17044 --- [main] o.f.c.internal.license.VersionPrinter    : Flyway Community Edition 9.5.1 by Redgate
2023-12-16T23:09:18.681+05:00  INFO 17044 --- [main] o.f.c.internal.license.VersionPrinter    : See what's new here: https://flywaydb.org/documentation/learnmore/releaseNotes#9.5.1
2023-12-16T23:09:18.681+05:00  INFO 17044 --- [main] o.f.c.internal.license.VersionPrinter    : 
2023-12-16T23:09:18.696+05:00  INFO 17044 --- [main] o.f.c.i.database.base.BaseDatabaseType   : Database: jdbc:postgresql://localhost:5432/kun_uz (PostgreSQL 14.8)
2023-12-16T23:09:18.730+05:00  INFO 17044 --- [main] o.f.core.internal.command.DbValidate     : Successfully validated 4 migrations (execution time 00:00.020s)
2023-12-16T23:09:18.742+05:00  INFO 17044 --- [main] o.f.core.internal.command.DbMigrate      : Current version of schema "public": 3
2023-12-16T23:09:18.743+05:00  INFO 17044 --- [main] o.f.core.internal.command.DbMigrate      : Schema "public" is up to date. No migration necessary.
2023-12-16T23:09:24.000+05:00  INFO 17044 --- [http-nio-8081-exec-1] o.a.c.c.C.[Tomcat].[localhost].[/]       : Initializing Spring DispatcherServlet 'dispatcherServlet'
2023-12-16T23:09:24.002+05:00  INFO 17044 --- [http-nio-8081-exec-1] o.s.web.servlet.DispatcherServlet        : Initializing Servlet 'dispatcherServlet'
2023-12-16T23:09:24.003+05:00  INFO 17044 --- [http-nio-8081-exec-1] o.s.web.servlet.DispatcherServlet        : Completed initialization in 1 ms
2023-12-16T23:12:41.281+05:00  INFO 17044 --- [SpringApplicationShutdownHook] j.LocalContainerEntityManagerFactoryBean : Closing JPA EntityManagerFactory for persistence unit 'default'
2023-12-16T23:12:41.284+05:00  INFO 17044 --- [SpringApplicationShutdownHook] com.zaxxer.hikari.HikariDataSource       : HikariPool-1 - Shutdown initiated...
2023-12-16T23:12:41.291+05:00  INFO 17044 --- [SpringApplicationShutdownHook] com.zaxxer.hikari.HikariDataSource       : HikariPool-1 - Shutdown completed.
2023-12-16T23:12:49.158+05:00  INFO 17656 --- [main] com.example.SecurityApplication          : Starting SecurityApplication using Java 19.0.2 with PID 17656 (C:\Users\Ma'ruf Raufov\Downloads\Telegram Desktop\Security\Security\target\classes started by Ma'ruf Raufov in C:\Users\Ma'ruf Raufov\Downloads\Telegram Desktop\Security\Security)
2023-12-16T23:12:49.175+05:00 DEBUG 17656 --- [main] com.example.SecurityApplication          : Running with Spring Boot v3.0.1, Spring v6.0.3
2023-12-16T23:12:49.176+05:00  INFO 17656 --- [main] com.example.SecurityApplication          : No active profile set, falling back to 1 default profile: "default"
2023-12-16T23:12:50.406+05:00  INFO 17656 --- [main] .s.d.r.c.RepositoryConfigurationDelegate : Bootstrapping Spring Data JPA repositories in DEFAULT mode.
2023-12-16T23:12:50.495+05:00  INFO 17656 --- [main] .s.d.r.c.RepositoryConfigurationDelegate : Finished Spring Data repository scanning in 79 ms. Found 5 JPA repository interfaces.
2023-12-16T23:12:51.241+05:00  INFO 17656 --- [main] o.s.b.w.embedded.tomcat.TomcatWebServer  : Tomcat initialized with port(s): 8081 (http)
2023-12-16T23:12:51.256+05:00  INFO 17656 --- [main] o.apache.catalina.core.StandardService   : Starting service [Tomcat]
2023-12-16T23:12:51.257+05:00  INFO 17656 --- [main] o.apache.catalina.core.StandardEngine    : Starting Servlet engine: [Apache Tomcat/10.1.4]
2023-12-16T23:12:51.412+05:00  INFO 17656 --- [main] o.a.c.c.C.[Tomcat].[localhost].[/]       : Initializing Spring embedded WebApplicationContext
2023-12-16T23:12:51.412+05:00  INFO 17656 --- [main] w.s.c.ServletWebServerApplicationContext : Root WebApplicationContext: initialization completed in 2170 ms
2023-12-16T23:12:51.621+05:00  INFO 17656 --- [main] o.hibernate.jpa.internal.util.LogHelper  : HHH000204: Processing PersistenceUnitInfo [name: default]
2023-12-16T23:12:51.691+05:00  INFO 17656 --- [main] org.hibernate.Version                    : HHH000412: Hibernate ORM core version 6.1.6.Final
2023-12-16T23:12:51.931+05:00  WARN 17656 --- [main] org.hibernate.orm.deprecation            : HHH90000021: Encountered deprecated setting [javax.persistence.sharedCache.mode], use [jakarta.persistence.sharedCache.mode] instead
2023-12-16T23:12:52.058+05:00  INFO 17656 --- [main] com.zaxxer.hikari.HikariDataSource       : HikariPool-1 - Starting...
2023-12-16T23:12:52.268+05:00  INFO 17656 --- [main] com.zaxxer.hikari.pool.HikariPool        : HikariPool-1 - Added connection org.postgresql.jdbc.PgConnection@7f93f4c
2023-12-16T23:12:52.269+05:00  INFO 17656 --- [main] com.zaxxer.hikari.HikariDataSource       : HikariPool-1 - Start completed.
2023-12-16T23:12:52.336+05:00  INFO 17656 --- [main] SQL dialect                              : HHH000400: Using dialect: org.hibernate.dialect.PostgreSQLDialect
2023-12-16T23:12:53.513+05:00  INFO 17656 --- [main] o.h.e.t.j.p.i.JtaPlatformInitiator       : HHH000490: Using JtaPlatform implementation: [org.hibernate.engine.transaction.jta.platform.internal.NoJtaPlatform]
2023-12-16T23:12:53.522+05:00  INFO 17656 --- [main] j.LocalContainerEntityManagerFactoryBean : Initialized JPA EntityManagerFactory for persistence unit 'default'
2023-12-16T23:12:54.272+05:00 DEBUG 17656 --- [main] com.example.config.JwtTokenFilter        : Filter 'jwtTokenFilter' configured for use
2023-12-16T23:12:55.571+05:00  INFO 17656 --- [main] o.s.s.web.DefaultSecurityFilterChain     : Will secure any request with [org.springframework.security.web.session.DisableEncodeUrlFilter@6557dcea, org.springframework.security.web.context.request.async.WebAsyncManagerIntegrationFilter@76e4df53, org.springframework.security.web.context.SecurityContextHolderFilter@2693e39c, org.springframework.security.web.header.HeaderWriterFilter@2b68c59b, org.springframework.security.web.authentication.logout.LogoutFilter@5da16ed6, com.example.config.JwtTokenFilter@79a92277, org.springframework.security.web.savedrequest.RequestCacheAwareFilter@1043c493, org.springframework.security.web.servletapi.SecurityContextHolderAwareRequestFilter@2b27d5d3, org.springframework.security.web.authentication.AnonymousAuthenticationFilter@569d6e0d, org.springframework.security.web.access.ExceptionTranslationFilter@24facb47, org.springframework.security.web.access.intercept.AuthorizationFilter@7d5ddfac]
2023-12-16T23:12:56.247+05:00  INFO 17656 --- [main] o.s.b.w.embedded.tomcat.TomcatWebServer  : Tomcat started on port(s): 8081 (http) with context path ''
2023-12-16T23:12:56.267+05:00  INFO 17656 --- [main] com.example.SecurityApplication          : Started SecurityApplication in 7.789 seconds (process running for 8.684)
2023-12-16T23:12:56.349+05:00  INFO 17656 --- [main] o.f.c.internal.license.VersionPrinter    : Flyway Community Edition 9.5.1 by Redgate
2023-12-16T23:12:56.350+05:00  INFO 17656 --- [main] o.f.c.internal.license.VersionPrinter    : See what's new here: https://flywaydb.org/documentation/learnmore/releaseNotes#9.5.1
2023-12-16T23:12:56.351+05:00  INFO 17656 --- [main] o.f.c.internal.license.VersionPrinter    : 
2023-12-16T23:12:56.390+05:00  INFO 17656 --- [main] o.f.c.i.database.base.BaseDatabaseType   : Database: jdbc:postgresql://localhost:5432/kun_uz (PostgreSQL 14.8)
2023-12-16T23:12:56.486+05:00  INFO 17656 --- [main] o.f.core.internal.command.DbValidate     : Successfully validated 4 migrations (execution time 00:00.034s)
2023-12-16T23:12:56.509+05:00  INFO 17656 --- [main] o.f.core.internal.command.DbMigrate      : Current version of schema "public": 3
2023-12-16T23:12:56.510+05:00  INFO 17656 --- [main] o.f.core.internal.command.DbMigrate      : Schema "public" is up to date. No migration necessary.
2023-12-16T23:13:06.965+05:00  INFO 17656 --- [http-nio-8081-exec-1] o.a.c.c.C.[Tomcat].[localhost].[/]       : Initializing Spring DispatcherServlet 'dispatcherServlet'
2023-12-16T23:13:06.965+05:00  INFO 17656 --- [http-nio-8081-exec-1] o.s.web.servlet.DispatcherServlet        : Initializing Servlet 'dispatcherServlet'
2023-12-16T23:13:06.967+05:00  INFO 17656 --- [http-nio-8081-exec-1] o.s.web.servlet.DispatcherServlet        : Completed initialization in 1 ms
2023-12-16T23:13:15.874+05:00  INFO 17656 --- [http-nio-8081-exec-3] com.example.controller.AuthController    : Authorization --> com.example.dto.auth.AuthRequestDTO@2185a1b7
2023-12-16T23:14:27.534+05:00  INFO 17656 --- [SpringApplicationShutdownHook] j.LocalContainerEntityManagerFactoryBean : Closing JPA EntityManagerFactory for persistence unit 'default'
2023-12-16T23:14:27.537+05:00  INFO 17656 --- [SpringApplicationShutdownHook] com.zaxxer.hikari.HikariDataSource       : HikariPool-1 - Shutdown initiated...
2023-12-16T23:14:27.546+05:00  INFO 17656 --- [SpringApplicationShutdownHook] com.zaxxer.hikari.HikariDataSource       : HikariPool-1 - Shutdown completed.
2023-12-16T23:14:33.658+05:00  INFO 18676 --- [main] com.example.SecurityApplication          : Starting SecurityApplication using Java 19.0.2 with PID 18676 (C:\Users\Ma'ruf Raufov\Downloads\Telegram Desktop\Security\Security\target\classes started by Ma'ruf Raufov in C:\Users\Ma'ruf Raufov\Downloads\Telegram Desktop\Security\Security)
2023-12-16T23:14:33.674+05:00 DEBUG 18676 --- [main] com.example.SecurityApplication          : Running with Spring Boot v3.0.1, Spring v6.0.3
2023-12-16T23:14:33.675+05:00  INFO 18676 --- [main] com.example.SecurityApplication          : No active profile set, falling back to 1 default profile: "default"
2023-12-16T23:14:34.762+05:00  INFO 18676 --- [main] .s.d.r.c.RepositoryConfigurationDelegate : Bootstrapping Spring Data JPA repositories in DEFAULT mode.
2023-12-16T23:14:34.851+05:00  INFO 18676 --- [main] .s.d.r.c.RepositoryConfigurationDelegate : Finished Spring Data repository scanning in 78 ms. Found 5 JPA repository interfaces.
2023-12-16T23:14:35.618+05:00  INFO 18676 --- [main] o.s.b.w.embedded.tomcat.TomcatWebServer  : Tomcat initialized with port(s): 8081 (http)
2023-12-16T23:14:35.637+05:00  INFO 18676 --- [main] o.apache.catalina.core.StandardService   : Starting service [Tomcat]
2023-12-16T23:14:35.638+05:00  INFO 18676 --- [main] o.apache.catalina.core.StandardEngine    : Starting Servlet engine: [Apache Tomcat/10.1.4]
2023-12-16T23:14:35.758+05:00  INFO 18676 --- [main] o.a.c.c.C.[Tomcat].[localhost].[/]       : Initializing Spring embedded WebApplicationContext
2023-12-16T23:14:35.759+05:00  INFO 18676 --- [main] w.s.c.ServletWebServerApplicationContext : Root WebApplicationContext: initialization completed in 2019 ms
2023-12-16T23:14:35.931+05:00  INFO 18676 --- [main] o.hibernate.jpa.internal.util.LogHelper  : HHH000204: Processing PersistenceUnitInfo [name: default]
2023-12-16T23:14:35.980+05:00  INFO 18676 --- [main] org.hibernate.Version                    : HHH000412: Hibernate ORM core version 6.1.6.Final
2023-12-16T23:14:36.173+05:00  WARN 18676 --- [main] org.hibernate.orm.deprecation            : HHH90000021: Encountered deprecated setting [javax.persistence.sharedCache.mode], use [jakarta.persistence.sharedCache.mode] instead
2023-12-16T23:14:36.269+05:00  INFO 18676 --- [main] com.zaxxer.hikari.HikariDataSource       : HikariPool-1 - Starting...
2023-12-16T23:14:36.441+05:00  INFO 18676 --- [main] com.zaxxer.hikari.pool.HikariPool        : HikariPool-1 - Added connection org.postgresql.jdbc.PgConnection@18715bb
2023-12-16T23:14:36.442+05:00  INFO 18676 --- [main] com.zaxxer.hikari.HikariDataSource       : HikariPool-1 - Start completed.
2023-12-16T23:14:36.492+05:00  INFO 18676 --- [main] SQL dialect                              : HHH000400: Using dialect: org.hibernate.dialect.PostgreSQLDialect
2023-12-16T23:14:37.524+05:00  INFO 18676 --- [main] o.h.e.t.j.p.i.JtaPlatformInitiator       : HHH000490: Using JtaPlatform implementation: [org.hibernate.engine.transaction.jta.platform.internal.NoJtaPlatform]
2023-12-16T23:14:37.533+05:00  INFO 18676 --- [main] j.LocalContainerEntityManagerFactoryBean : Initialized JPA EntityManagerFactory for persistence unit 'default'
2023-12-16T23:14:38.139+05:00 DEBUG 18676 --- [main] com.example.config.JwtTokenFilter        : Filter 'jwtTokenFilter' configured for use
2023-12-16T23:14:39.437+05:00  INFO 18676 --- [main] o.s.s.web.DefaultSecurityFilterChain     : Will secure any request with [org.springframework.security.web.session.DisableEncodeUrlFilter@2d4aadc, org.springframework.security.web.context.request.async.WebAsyncManagerIntegrationFilter@773ad729, org.springframework.security.web.context.SecurityContextHolderFilter@173602c0, org.springframework.security.web.header.HeaderWriterFilter@12115c28, org.springframework.security.web.authentication.logout.LogoutFilter@7d5ddfac, com.example.config.JwtTokenFilter@5625ba2, org.springframework.security.web.savedrequest.RequestCacheAwareFilter@1cecd0a9, org.springframework.security.web.servletapi.SecurityContextHolderAwareRequestFilter@4822d7a1, org.springframework.security.web.authentication.AnonymousAuthenticationFilter@20e8286a, org.springframework.security.web.access.ExceptionTranslationFilter@1043c493, org.springframework.security.web.access.intercept.AuthorizationFilter@18edbed9]
2023-12-16T23:14:39.883+05:00  INFO 18676 --- [main] o.s.b.w.embedded.tomcat.TomcatWebServer  : Tomcat started on port(s): 8081 (http) with context path ''
2023-12-16T23:14:39.895+05:00  INFO 18676 --- [main] com.example.SecurityApplication          : Started SecurityApplication in 6.751 seconds (process running for 7.54)
2023-12-16T23:14:39.936+05:00  INFO 18676 --- [main] o.f.c.internal.license.VersionPrinter    : Flyway Community Edition 9.5.1 by Redgate
2023-12-16T23:14:39.936+05:00  INFO 18676 --- [main] o.f.c.internal.license.VersionPrinter    : See what's new here: https://flywaydb.org/documentation/learnmore/releaseNotes#9.5.1
2023-12-16T23:14:39.937+05:00  INFO 18676 --- [main] o.f.c.internal.license.VersionPrinter    : 
2023-12-16T23:14:39.952+05:00  INFO 18676 --- [main] o.f.c.i.database.base.BaseDatabaseType   : Database: jdbc:postgresql://localhost:5432/kun_uz (PostgreSQL 14.8)
2023-12-16T23:14:39.985+05:00  INFO 18676 --- [main] o.f.core.internal.command.DbValidate     : Successfully validated 4 migrations (execution time 00:00.020s)
2023-12-16T23:14:39.995+05:00  INFO 18676 --- [main] o.f.core.internal.command.DbMigrate      : Current version of schema "public": 3
2023-12-16T23:14:39.995+05:00  INFO 18676 --- [main] o.f.core.internal.command.DbMigrate      : Schema "public" is up to date. No migration necessary.
2023-12-16T23:14:42.385+05:00  INFO 18676 --- [http-nio-8081-exec-1] o.a.c.c.C.[Tomcat].[localhost].[/]       : Initializing Spring DispatcherServlet 'dispatcherServlet'
2023-12-16T23:14:42.385+05:00  INFO 18676 --- [http-nio-8081-exec-1] o.s.web.servlet.DispatcherServlet        : Initializing Servlet 'dispatcherServlet'
2023-12-16T23:14:42.387+05:00  INFO 18676 --- [http-nio-8081-exec-1] o.s.web.servlet.DispatcherServlet        : Completed initialization in 2 ms
2023-12-16T23:14:42.485+05:00  INFO 18676 --- [http-nio-8081-exec-1] com.example.controller.AuthController    : Authorization --> com.example.dto.auth.AuthRequestDTO@5e54eb66
2023-12-16T23:15:33.464+05:00  INFO 18676 --- [http-nio-8081-exec-8] c.example.controller.CategoryController  : create category ==> com.example.dto.CategoryDTO@3465e4df
2023-12-16T23:15:55.569+05:00  INFO 18676 --- [http-nio-8081-exec-9] c.example.controller.CategoryController  : create category ==> com.example.dto.CategoryDTO@561bbd5f
2023-12-16T23:16:58.476+05:00  INFO 18676 --- [SpringApplicationShutdownHook] j.LocalContainerEntityManagerFactoryBean : Closing JPA EntityManagerFactory for persistence unit 'default'
2023-12-16T23:16:58.481+05:00  INFO 18676 --- [SpringApplicationShutdownHook] com.zaxxer.hikari.HikariDataSource       : HikariPool-1 - Shutdown initiated...
2023-12-16T23:16:58.487+05:00  INFO 18676 --- [SpringApplicationShutdownHook] com.zaxxer.hikari.HikariDataSource       : HikariPool-1 - Shutdown completed.
2023-12-16T23:17:01.981+05:00  INFO 6420 --- [main] com.example.SecurityApplication          : Starting SecurityApplication using Java 19.0.2 with PID 6420 (C:\Users\Ma'ruf Raufov\Downloads\Telegram Desktop\Security\Security\target\classes started by Ma'ruf Raufov in C:\Users\Ma'ruf Raufov\Downloads\Telegram Desktop\Security\Security)
2023-12-16T23:17:02.000+05:00 DEBUG 6420 --- [main] com.example.SecurityApplication          : Running with Spring Boot v3.0.1, Spring v6.0.3
2023-12-16T23:17:02.001+05:00  INFO 6420 --- [main] com.example.SecurityApplication          : No active profile set, falling back to 1 default profile: "default"
2023-12-16T23:17:02.964+05:00  INFO 6420 --- [main] .s.d.r.c.RepositoryConfigurationDelegate : Bootstrapping Spring Data JPA repositories in DEFAULT mode.
2023-12-16T23:17:03.039+05:00  INFO 6420 --- [main] .s.d.r.c.RepositoryConfigurationDelegate : Finished Spring Data repository scanning in 67 ms. Found 5 JPA repository interfaces.
2023-12-16T23:17:03.652+05:00  INFO 6420 --- [main] o.s.b.w.embedded.tomcat.TomcatWebServer  : Tomcat initialized with port(s): 8081 (http)
2023-12-16T23:17:03.661+05:00  INFO 6420 --- [main] o.apache.catalina.core.StandardService   : Starting service [Tomcat]
2023-12-16T23:17:03.661+05:00  INFO 6420 --- [main] o.apache.catalina.core.StandardEngine    : Starting Servlet engine: [Apache Tomcat/10.1.4]
2023-12-16T23:17:03.756+05:00  INFO 6420 --- [main] o.a.c.c.C.[Tomcat].[localhost].[/]       : Initializing Spring embedded WebApplicationContext
2023-12-16T23:17:03.756+05:00  INFO 6420 --- [main] w.s.c.ServletWebServerApplicationContext : Root WebApplicationContext: initialization completed in 1687 ms
2023-12-16T23:17:03.895+05:00  INFO 6420 --- [main] o.hibernate.jpa.internal.util.LogHelper  : HHH000204: Processing PersistenceUnitInfo [name: default]
2023-12-16T23:17:03.944+05:00  INFO 6420 --- [main] org.hibernate.Version                    : HHH000412: Hibernate ORM core version 6.1.6.Final
2023-12-16T23:17:04.172+05:00  WARN 6420 --- [main] org.hibernate.orm.deprecation            : HHH90000021: Encountered deprecated setting [javax.persistence.sharedCache.mode], use [jakarta.persistence.sharedCache.mode] instead
2023-12-16T23:17:04.292+05:00  INFO 6420 --- [main] com.zaxxer.hikari.HikariDataSource       : HikariPool-1 - Starting...
2023-12-16T23:17:04.471+05:00  INFO 6420 --- [main] com.zaxxer.hikari.pool.HikariPool        : HikariPool-1 - Added connection org.postgresql.jdbc.PgConnection@27afbf14
2023-12-16T23:17:04.473+05:00  INFO 6420 --- [main] com.zaxxer.hikari.HikariDataSource       : HikariPool-1 - Start completed.
2023-12-16T23:17:04.524+05:00  INFO 6420 --- [main] SQL dialect                              : HHH000400: Using dialect: org.hibernate.dialect.PostgreSQLDialect
2023-12-16T23:17:05.531+05:00  INFO 6420 --- [main] o.h.e.t.j.p.i.JtaPlatformInitiator       : HHH000490: Using JtaPlatform implementation: [org.hibernate.engine.transaction.jta.platform.internal.NoJtaPlatform]
2023-12-16T23:17:05.540+05:00  INFO 6420 --- [main] j.LocalContainerEntityManagerFactoryBean : Initialized JPA EntityManagerFactory for persistence unit 'default'
2023-12-16T23:17:06.096+05:00 DEBUG 6420 --- [main] com.example.config.JwtTokenFilter        : Filter 'jwtTokenFilter' configured for use
2023-12-16T23:17:07.419+05:00  INFO 6420 --- [main] o.s.s.web.DefaultSecurityFilterChain     : Will secure any request with [org.springframework.security.web.session.DisableEncodeUrlFilter@402adc9c, org.springframework.security.web.context.request.async.WebAsyncManagerIntegrationFilter@70313b0b, org.springframework.security.web.context.SecurityContextHolderFilter@7fe40b9f, org.springframework.security.web.header.HeaderWriterFilter@b1d7b09, org.springframework.security.web.authentication.logout.LogoutFilter@74597c37, com.example.config.JwtTokenFilter@7712df76, org.springframework.security.web.savedrequest.RequestCacheAwareFilter@648c80cb, org.springframework.security.web.servletapi.SecurityContextHolderAwareRequestFilter@4a9d6eb9, org.springframework.security.web.authentication.AnonymousAuthenticationFilter@5da16ed6, org.springframework.security.web.access.ExceptionTranslationFilter@797c67c, org.springframework.security.web.access.intercept.AuthorizationFilter@7b897456]
2023-12-16T23:17:07.890+05:00  INFO 6420 --- [main] o.s.b.w.embedded.tomcat.TomcatWebServer  : Tomcat started on port(s): 8081 (http) with context path ''
2023-12-16T23:17:07.903+05:00  INFO 6420 --- [main] com.example.SecurityApplication          : Started SecurityApplication in 6.426 seconds (process running for 7.334)
2023-12-16T23:17:07.948+05:00  INFO 6420 --- [main] o.f.c.internal.license.VersionPrinter    : Flyway Community Edition 9.5.1 by Redgate
2023-12-16T23:17:07.948+05:00  INFO 6420 --- [main] o.f.c.internal.license.VersionPrinter    : See what's new here: https://flywaydb.org/documentation/learnmore/releaseNotes#9.5.1
2023-12-16T23:17:07.948+05:00  INFO 6420 --- [main] o.f.c.internal.license.VersionPrinter    : 
2023-12-16T23:17:07.964+05:00  INFO 6420 --- [main] o.f.c.i.database.base.BaseDatabaseType   : Database: jdbc:postgresql://localhost:5432/kun_uz (PostgreSQL 14.8)
2023-12-16T23:17:08.005+05:00  INFO 6420 --- [main] o.f.core.internal.command.DbValidate     : Successfully validated 4 migrations (execution time 00:00.024s)
2023-12-16T23:17:08.016+05:00  INFO 6420 --- [main] o.f.core.internal.command.DbMigrate      : Current version of schema "public": 3
2023-12-16T23:17:08.017+05:00  INFO 6420 --- [main] o.f.core.internal.command.DbMigrate      : Schema "public" is up to date. No migration necessary.
2023-12-16T23:18:03.234+05:00  INFO 6420 --- [http-nio-8081-exec-1] o.a.c.c.C.[Tomcat].[localhost].[/]       : Initializing Spring DispatcherServlet 'dispatcherServlet'
2023-12-16T23:18:03.234+05:00  INFO 6420 --- [http-nio-8081-exec-1] o.s.web.servlet.DispatcherServlet        : Initializing Servlet 'dispatcherServlet'
2023-12-16T23:18:03.236+05:00  INFO 6420 --- [http-nio-8081-exec-1] o.s.web.servlet.DispatcherServlet        : Completed initialization in 1 ms
2023-12-16T23:18:03.556+05:00  INFO 6420 --- [http-nio-8081-exec-1] c.example.controller.CategoryController  : create category ==> com.example.dto.CategoryDTO@5ec09937
2023-12-16T23:20:41.250+05:00  INFO 6420 --- [SpringApplicationShutdownHook] j.LocalContainerEntityManagerFactoryBean : Closing JPA EntityManagerFactory for persistence unit 'default'
2023-12-16T23:20:41.255+05:00  INFO 6420 --- [SpringApplicationShutdownHook] com.zaxxer.hikari.HikariDataSource       : HikariPool-1 - Shutdown initiated...
2023-12-16T23:20:41.265+05:00  INFO 6420 --- [SpringApplicationShutdownHook] com.zaxxer.hikari.HikariDataSource       : HikariPool-1 - Shutdown completed.
2023-12-16T23:20:47.822+05:00  INFO 17116 --- [main] com.example.SecurityApplication          : Starting SecurityApplication using Java 19.0.2 with PID 17116 (C:\Users\Ma'ruf Raufov\Downloads\Telegram Desktop\Security\Security\target\classes started by Ma'ruf Raufov in C:\Users\Ma'ruf Raufov\Downloads\Telegram Desktop\Security\Security)
2023-12-16T23:20:47.837+05:00 DEBUG 17116 --- [main] com.example.SecurityApplication          : Running with Spring Boot v3.0.1, Spring v6.0.3
2023-12-16T23:20:47.838+05:00  INFO 17116 --- [main] com.example.SecurityApplication          : No active profile set, falling back to 1 default profile: "default"
2023-12-16T23:20:48.790+05:00  INFO 17116 --- [main] .s.d.r.c.RepositoryConfigurationDelegate : Bootstrapping Spring Data JPA repositories in DEFAULT mode.
2023-12-16T23:20:48.879+05:00  INFO 17116 --- [main] .s.d.r.c.RepositoryConfigurationDelegate : Finished Spring Data repository scanning in 79 ms. Found 5 JPA repository interfaces.
2023-12-16T23:20:49.539+05:00  INFO 17116 --- [main] o.s.b.w.embedded.tomcat.TomcatWebServer  : Tomcat initialized with port(s): 8081 (http)
2023-12-16T23:20:49.548+05:00  INFO 17116 --- [main] o.apache.catalina.core.StandardService   : Starting service [Tomcat]
2023-12-16T23:20:49.548+05:00  INFO 17116 --- [main] o.apache.catalina.core.StandardEngine    : Starting Servlet engine: [Apache Tomcat/10.1.4]
2023-12-16T23:20:49.671+05:00  INFO 17116 --- [main] o.a.c.c.C.[Tomcat].[localhost].[/]       : Initializing Spring embedded WebApplicationContext
2023-12-16T23:20:49.671+05:00  INFO 17116 --- [main] w.s.c.ServletWebServerApplicationContext : Root WebApplicationContext: initialization completed in 1777 ms
2023-12-16T23:20:49.818+05:00  INFO 17116 --- [main] o.hibernate.jpa.internal.util.LogHelper  : HHH000204: Processing PersistenceUnitInfo [name: default]
2023-12-16T23:20:49.885+05:00  INFO 17116 --- [main] org.hibernate.Version                    : HHH000412: Hibernate ORM core version 6.1.6.Final
2023-12-16T23:20:50.160+05:00  WARN 17116 --- [main] org.hibernate.orm.deprecation            : HHH90000021: Encountered deprecated setting [javax.persistence.sharedCache.mode], use [jakarta.persistence.sharedCache.mode] instead
2023-12-16T23:20:50.295+05:00  INFO 17116 --- [main] com.zaxxer.hikari.HikariDataSource       : HikariPool-1 - Starting...
2023-12-16T23:20:50.538+05:00  INFO 17116 --- [main] com.zaxxer.hikari.pool.HikariPool        : HikariPool-1 - Added connection org.postgresql.jdbc.PgConnection@3ed7dd70
2023-12-16T23:20:50.540+05:00  INFO 17116 --- [main] com.zaxxer.hikari.HikariDataSource       : HikariPool-1 - Start completed.
2023-12-16T23:20:50.608+05:00  INFO 17116 --- [main] SQL dialect                              : HHH000400: Using dialect: org.hibernate.dialect.PostgreSQLDialect
2023-12-16T23:20:51.649+05:00  INFO 17116 --- [main] o.h.e.t.j.p.i.JtaPlatformInitiator       : HHH000490: Using JtaPlatform implementation: [org.hibernate.engine.transaction.jta.platform.internal.NoJtaPlatform]
2023-12-16T23:20:51.658+05:00  INFO 17116 --- [main] j.LocalContainerEntityManagerFactoryBean : Initialized JPA EntityManagerFactory for persistence unit 'default'
2023-12-16T23:20:52.208+05:00 DEBUG 17116 --- [main] com.example.config.JwtTokenFilter        : Filter 'jwtTokenFilter' configured for use
2023-12-16T23:20:53.381+05:00  INFO 17116 --- [main] o.s.s.web.DefaultSecurityFilterChain     : Will secure any request with [org.springframework.security.web.session.DisableEncodeUrlFilter@5c3ad125, org.springframework.security.web.context.request.async.WebAsyncManagerIntegrationFilter@145ce025, org.springframework.security.web.context.SecurityContextHolderFilter@7104b117, org.springframework.security.web.header.HeaderWriterFilter@740530b, org.springframework.security.web.authentication.logout.LogoutFilter@232899d1, com.example.config.JwtTokenFilter@644c3590, org.springframework.security.web.savedrequest.RequestCacheAwareFilter@cd9ce76, org.springframework.security.web.servletapi.SecurityContextHolderAwareRequestFilter@421c057a, org.springframework.security.web.authentication.AnonymousAuthenticationFilter@1deca369, org.springframework.security.web.access.ExceptionTranslationFilter@36995784, org.springframework.security.web.access.intercept.AuthorizationFilter@1c4a8c93]
2023-12-16T23:20:53.778+05:00  INFO 17116 --- [main] o.s.b.w.embedded.tomcat.TomcatWebServer  : Tomcat started on port(s): 8081 (http) with context path ''
2023-12-16T23:20:53.788+05:00  INFO 17116 --- [main] com.example.SecurityApplication          : Started SecurityApplication in 6.495 seconds (process running for 7.3)
2023-12-16T23:20:53.832+05:00  INFO 17116 --- [main] o.f.c.internal.license.VersionPrinter    : Flyway Community Edition 9.5.1 by Redgate
2023-12-16T23:20:53.833+05:00  INFO 17116 --- [main] o.f.c.internal.license.VersionPrinter    : See what's new here: https://flywaydb.org/documentation/learnmore/releaseNotes#9.5.1
2023-12-16T23:20:53.833+05:00  INFO 17116 --- [main] o.f.c.internal.license.VersionPrinter    : 
2023-12-16T23:20:53.853+05:00  INFO 17116 --- [main] o.f.c.i.database.base.BaseDatabaseType   : Database: jdbc:postgresql://localhost:5432/kun_uz (PostgreSQL 14.8)
2023-12-16T23:20:53.890+05:00  INFO 17116 --- [main] o.f.core.internal.command.DbValidate     : Successfully validated 4 migrations (execution time 00:00.021s)
2023-12-16T23:20:53.902+05:00  INFO 17116 --- [main] o.f.core.internal.command.DbMigrate      : Current version of schema "public": 3
2023-12-16T23:20:53.902+05:00  INFO 17116 --- [main] o.f.core.internal.command.DbMigrate      : Schema "public" is up to date. No migration necessary.
2023-12-16T23:21:02.215+05:00  INFO 17116 --- [http-nio-8081-exec-1] o.a.c.c.C.[Tomcat].[localhost].[/]       : Initializing Spring DispatcherServlet 'dispatcherServlet'
2023-12-16T23:21:02.216+05:00  INFO 17116 --- [http-nio-8081-exec-1] o.s.web.servlet.DispatcherServlet        : Initializing Servlet 'dispatcherServlet'
2023-12-16T23:21:02.217+05:00  INFO 17116 --- [http-nio-8081-exec-1] o.s.web.servlet.DispatcherServlet        : Completed initialization in 1 ms
2023-12-16T23:22:50.300+05:00  INFO 17116 --- [http-nio-8081-exec-2] c.example.controller.CategoryController  : create category ==> com.example.dto.CategoryDTO@3ff3a5c
2023-12-16T23:25:57.497+05:00  INFO 17116 --- [SpringApplicationShutdownHook] j.LocalContainerEntityManagerFactoryBean : Closing JPA EntityManagerFactory for persistence unit 'default'
2023-12-16T23:25:57.499+05:00  INFO 17116 --- [SpringApplicationShutdownHook] com.zaxxer.hikari.HikariDataSource       : HikariPool-1 - Shutdown initiated...
2023-12-16T23:25:57.506+05:00  INFO 17116 --- [SpringApplicationShutdownHook] com.zaxxer.hikari.HikariDataSource       : HikariPool-1 - Shutdown completed.
2023-12-16T23:26:03.334+05:00  INFO 18248 --- [main] com.example.SecurityApplication          : Starting SecurityApplication using Java 19.0.2 with PID 18248 (C:\Users\Ma'ruf Raufov\Downloads\Telegram Desktop\Security\Security\target\classes started by Ma'ruf Raufov in C:\Users\Ma'ruf Raufov\Downloads\Telegram Desktop\Security\Security)
2023-12-16T23:26:03.350+05:00 DEBUG 18248 --- [main] com.example.SecurityApplication          : Running with Spring Boot v3.0.1, Spring v6.0.3
2023-12-16T23:26:03.351+05:00  INFO 18248 --- [main] com.example.SecurityApplication          : No active profile set, falling back to 1 default profile: "default"
2023-12-16T23:26:04.309+05:00  INFO 18248 --- [main] .s.d.r.c.RepositoryConfigurationDelegate : Bootstrapping Spring Data JPA repositories in DEFAULT mode.
2023-12-16T23:26:04.403+05:00  INFO 18248 --- [main] .s.d.r.c.RepositoryConfigurationDelegate : Finished Spring Data repository scanning in 86 ms. Found 5 JPA repository interfaces.
2023-12-16T23:26:05.007+05:00  INFO 18248 --- [main] o.s.b.w.embedded.tomcat.TomcatWebServer  : Tomcat initialized with port(s): 8081 (http)
2023-12-16T23:26:05.015+05:00  INFO 18248 --- [main] o.apache.catalina.core.StandardService   : Starting service [Tomcat]
2023-12-16T23:26:05.016+05:00  INFO 18248 --- [main] o.apache.catalina.core.StandardEngine    : Starting Servlet engine: [Apache Tomcat/10.1.4]
2023-12-16T23:26:05.116+05:00  INFO 18248 --- [main] o.a.c.c.C.[Tomcat].[localhost].[/]       : Initializing Spring embedded WebApplicationContext
2023-12-16T23:26:05.116+05:00  INFO 18248 --- [main] w.s.c.ServletWebServerApplicationContext : Root WebApplicationContext: initialization completed in 1709 ms
2023-12-16T23:26:05.261+05:00  INFO 18248 --- [main] o.hibernate.jpa.internal.util.LogHelper  : HHH000204: Processing PersistenceUnitInfo [name: default]
2023-12-16T23:26:05.314+05:00  INFO 18248 --- [main] org.hibernate.Version                    : HHH000412: Hibernate ORM core version 6.1.6.Final
2023-12-16T23:26:05.511+05:00  WARN 18248 --- [main] org.hibernate.orm.deprecation            : HHH90000021: Encountered deprecated setting [javax.persistence.sharedCache.mode], use [jakarta.persistence.sharedCache.mode] instead
2023-12-16T23:26:05.611+05:00  INFO 18248 --- [main] com.zaxxer.hikari.HikariDataSource       : HikariPool-1 - Starting...
2023-12-16T23:26:05.796+05:00  INFO 18248 --- [main] com.zaxxer.hikari.pool.HikariPool        : HikariPool-1 - Added connection org.postgresql.jdbc.PgConnection@65d73bd
2023-12-16T23:26:05.797+05:00  INFO 18248 --- [main] com.zaxxer.hikari.HikariDataSource       : HikariPool-1 - Start completed.
2023-12-16T23:26:05.853+05:00  INFO 18248 --- [main] SQL dialect                              : HHH000400: Using dialect: org.hibernate.dialect.PostgreSQLDialect
2023-12-16T23:26:06.868+05:00  INFO 18248 --- [main] o.h.e.t.j.p.i.JtaPlatformInitiator       : HHH000490: Using JtaPlatform implementation: [org.hibernate.engine.transaction.jta.platform.internal.NoJtaPlatform]
2023-12-16T23:26:06.878+05:00  INFO 18248 --- [main] j.LocalContainerEntityManagerFactoryBean : Initialized JPA EntityManagerFactory for persistence unit 'default'
2023-12-16T23:26:07.472+05:00 DEBUG 18248 --- [main] com.example.config.JwtTokenFilter        : Filter 'jwtTokenFilter' configured for use
2023-12-16T23:26:08.704+05:00  INFO 18248 --- [main] o.s.s.web.DefaultSecurityFilterChain     : Will secure any request with [org.springframework.security.web.session.DisableEncodeUrlFilter@359903b6, org.springframework.security.web.context.request.async.WebAsyncManagerIntegrationFilter@1071f3ad, org.springframework.security.web.context.SecurityContextHolderFilter@14060410, org.springframework.security.web.header.HeaderWriterFilter@63be4548, org.springframework.security.web.authentication.logout.LogoutFilter@2d18d9ed, com.example.config.JwtTokenFilter@233d2b76, org.springframework.security.web.savedrequest.RequestCacheAwareFilter@620260ad, org.springframework.security.web.servletapi.SecurityContextHolderAwareRequestFilter@216c6825, org.springframework.security.web.authentication.AnonymousAuthenticationFilter@6aaed880, org.springframework.security.web.access.ExceptionTranslationFilter@4bc75792, org.springframework.security.web.access.intercept.AuthorizationFilter@8d5b303]
2023-12-16T23:26:09.121+05:00  INFO 18248 --- [main] o.s.b.w.embedded.tomcat.TomcatWebServer  : Tomcat started on port(s): 8081 (http) with context path ''
2023-12-16T23:26:09.130+05:00  INFO 18248 --- [main] com.example.SecurityApplication          : Started SecurityApplication in 6.283 seconds (process running for 7.028)
2023-12-16T23:26:09.176+05:00  INFO 18248 --- [main] o.f.c.internal.license.VersionPrinter    : Flyway Community Edition 9.5.1 by Redgate
2023-12-16T23:26:09.177+05:00  INFO 18248 --- [main] o.f.c.internal.license.VersionPrinter    : See what's new here: https://flywaydb.org/documentation/learnmore/releaseNotes#9.5.1
2023-12-16T23:26:09.177+05:00  INFO 18248 --- [main] o.f.c.internal.license.VersionPrinter    : 
2023-12-16T23:26:09.192+05:00  INFO 18248 --- [main] o.f.c.i.database.base.BaseDatabaseType   : Database: jdbc:postgresql://localhost:5432/kun_uz (PostgreSQL 14.8)
2023-12-16T23:26:09.225+05:00  INFO 18248 --- [main] o.f.core.internal.command.DbValidate     : Successfully validated 4 migrations (execution time 00:00.019s)
2023-12-16T23:26:09.235+05:00  INFO 18248 --- [main] o.f.core.internal.command.DbMigrate      : Current version of schema "public": 3
2023-12-16T23:26:09.236+05:00  INFO 18248 --- [main] o.f.core.internal.command.DbMigrate      : Schema "public" is up to date. No migration necessary.
2023-12-16T23:26:15.667+05:00  INFO 18248 --- [http-nio-8081-exec-1] o.a.c.c.C.[Tomcat].[localhost].[/]       : Initializing Spring DispatcherServlet 'dispatcherServlet'
2023-12-16T23:26:15.668+05:00  INFO 18248 --- [http-nio-8081-exec-1] o.s.web.servlet.DispatcherServlet        : Initializing Servlet 'dispatcherServlet'
2023-12-16T23:26:15.669+05:00  INFO 18248 --- [http-nio-8081-exec-1] o.s.web.servlet.DispatcherServlet        : Completed initialization in 1 ms
2023-12-16T23:26:15.971+05:00  INFO 18248 --- [http-nio-8081-exec-1] c.example.controller.CategoryController  : create category ==> com.example.dto.CategoryDTO@68fb9145
2023-12-16T23:34:35.478+05:00  INFO 18248 --- [SpringApplicationShutdownHook] j.LocalContainerEntityManagerFactoryBean : Closing JPA EntityManagerFactory for persistence unit 'default'
2023-12-16T23:34:35.480+05:00  INFO 18248 --- [SpringApplicationShutdownHook] com.zaxxer.hikari.HikariDataSource       : HikariPool-1 - Shutdown initiated...
2023-12-16T23:34:35.486+05:00  INFO 18248 --- [SpringApplicationShutdownHook] com.zaxxer.hikari.HikariDataSource       : HikariPool-1 - Shutdown completed.
2023-12-16T23:34:42.309+05:00  INFO 8728 --- [main] com.example.SecurityApplication          : Starting SecurityApplication using Java 19.0.2 with PID 8728 (C:\Users\Ma'ruf Raufov\Downloads\Telegram Desktop\Security\Security\target\classes started by Ma'ruf Raufov in C:\Users\Ma'ruf Raufov\Downloads\Telegram Desktop\Security\Security)
2023-12-16T23:34:42.326+05:00 DEBUG 8728 --- [main] com.example.SecurityApplication          : Running with Spring Boot v3.0.1, Spring v6.0.3
2023-12-16T23:34:42.328+05:00  INFO 8728 --- [main] com.example.SecurityApplication          : No active profile set, falling back to 1 default profile: "default"
2023-12-16T23:34:43.592+05:00  INFO 8728 --- [main] .s.d.r.c.RepositoryConfigurationDelegate : Bootstrapping Spring Data JPA repositories in DEFAULT mode.
2023-12-16T23:34:43.709+05:00  INFO 8728 --- [main] .s.d.r.c.RepositoryConfigurationDelegate : Finished Spring Data repository scanning in 106 ms. Found 5 JPA repository interfaces.
2023-12-16T23:34:44.538+05:00  INFO 8728 --- [main] o.s.b.w.embedded.tomcat.TomcatWebServer  : Tomcat initialized with port(s): 8081 (http)
2023-12-16T23:34:44.546+05:00  INFO 8728 --- [main] o.apache.catalina.core.StandardService   : Starting service [Tomcat]
2023-12-16T23:34:44.547+05:00  INFO 8728 --- [main] o.apache.catalina.core.StandardEngine    : Starting Servlet engine: [Apache Tomcat/10.1.4]
2023-12-16T23:34:44.647+05:00  INFO 8728 --- [main] o.a.c.c.C.[Tomcat].[localhost].[/]       : Initializing Spring embedded WebApplicationContext
2023-12-16T23:34:44.648+05:00  INFO 8728 --- [main] w.s.c.ServletWebServerApplicationContext : Root WebApplicationContext: initialization completed in 2260 ms
2023-12-16T23:34:44.803+05:00  INFO 8728 --- [main] o.hibernate.jpa.internal.util.LogHelper  : HHH000204: Processing PersistenceUnitInfo [name: default]
2023-12-16T23:34:44.850+05:00  INFO 8728 --- [main] org.hibernate.Version                    : HHH000412: Hibernate ORM core version 6.1.6.Final
2023-12-16T23:34:45.068+05:00  WARN 8728 --- [main] org.hibernate.orm.deprecation            : HHH90000021: Encountered deprecated setting [javax.persistence.sharedCache.mode], use [jakarta.persistence.sharedCache.mode] instead
2023-12-16T23:34:45.199+05:00  INFO 8728 --- [main] com.zaxxer.hikari.HikariDataSource       : HikariPool-1 - Starting...
2023-12-16T23:34:45.504+05:00  INFO 8728 --- [main] com.zaxxer.hikari.pool.HikariPool        : HikariPool-1 - Added connection org.postgresql.jdbc.PgConnection@5c25d0d1
2023-12-16T23:34:45.505+05:00  INFO 8728 --- [main] com.zaxxer.hikari.HikariDataSource       : HikariPool-1 - Start completed.
2023-12-16T23:34:45.551+05:00  INFO 8728 --- [main] SQL dialect                              : HHH000400: Using dialect: org.hibernate.dialect.PostgreSQLDialect
2023-12-16T23:34:46.568+05:00  INFO 8728 --- [main] o.h.e.t.j.p.i.JtaPlatformInitiator       : HHH000490: Using JtaPlatform implementation: [org.hibernate.engine.transaction.jta.platform.internal.NoJtaPlatform]
2023-12-16T23:34:46.582+05:00  INFO 8728 --- [main] j.LocalContainerEntityManagerFactoryBean : Initialized JPA EntityManagerFactory for persistence unit 'default'
2023-12-16T23:34:47.169+05:00 DEBUG 8728 --- [main] com.example.config.JwtTokenFilter        : Filter 'jwtTokenFilter' configured for use
2023-12-16T23:34:48.509+05:00  INFO 8728 --- [main] o.s.s.web.DefaultSecurityFilterChain     : Will secure any request with [org.springframework.security.web.session.DisableEncodeUrlFilter@61b6f287, org.springframework.security.web.context.request.async.WebAsyncManagerIntegrationFilter@6ca9ec77, org.springframework.security.web.context.SecurityContextHolderFilter@4dcc0e3d, org.springframework.security.web.header.HeaderWriterFilter@6bab373c, org.springframework.security.web.authentication.logout.LogoutFilter@2f53e07d, com.example.config.JwtTokenFilter@7207f3c2, org.springframework.security.web.savedrequest.RequestCacheAwareFilter@402adc9c, org.springframework.security.web.servletapi.SecurityContextHolderAwareRequestFilter@70313b0b, org.springframework.security.web.authentication.AnonymousAuthenticationFilter@360432d3, org.springframework.security.web.access.ExceptionTranslationFilter@16448827, org.springframework.security.web.access.intercept.AuthorizationFilter@2c9430c6]
2023-12-16T23:34:48.952+05:00  INFO 8728 --- [main] o.s.b.w.embedded.tomcat.TomcatWebServer  : Tomcat started on port(s): 8081 (http) with context path ''
2023-12-16T23:34:48.963+05:00  INFO 8728 --- [main] com.example.SecurityApplication          : Started SecurityApplication in 7.191 seconds (process running for 8.104)
2023-12-16T23:34:49.008+05:00  INFO 8728 --- [main] o.f.c.internal.license.VersionPrinter    : Flyway Community Edition 9.5.1 by Redgate
2023-12-16T23:34:49.008+05:00  INFO 8728 --- [main] o.f.c.internal.license.VersionPrinter    : See what's new here: https://flywaydb.org/documentation/learnmore/releaseNotes#9.5.1
2023-12-16T23:34:49.008+05:00  INFO 8728 --- [main] o.f.c.internal.license.VersionPrinter    : 
2023-12-16T23:34:49.022+05:00  INFO 8728 --- [main] o.f.c.i.database.base.BaseDatabaseType   : Database: jdbc:postgresql://localhost:5432/kun_uz (PostgreSQL 14.8)
2023-12-16T23:34:49.062+05:00  INFO 8728 --- [main] o.f.core.internal.command.DbValidate     : Successfully validated 4 migrations (execution time 00:00.022s)
2023-12-16T23:34:49.072+05:00  INFO 8728 --- [main] o.f.core.internal.command.DbMigrate      : Current version of schema "public": 3
2023-12-16T23:34:49.073+05:00  INFO 8728 --- [main] o.f.core.internal.command.DbMigrate      : Schema "public" is up to date. No migration necessary.
2023-12-16T23:35:24.437+05:00  INFO 8728 --- [http-nio-8081-exec-1] o.a.c.c.C.[Tomcat].[localhost].[/]       : Initializing Spring DispatcherServlet 'dispatcherServlet'
2023-12-16T23:35:24.438+05:00  INFO 8728 --- [http-nio-8081-exec-1] o.s.web.servlet.DispatcherServlet        : Initializing Servlet 'dispatcherServlet'
2023-12-16T23:35:24.440+05:00  INFO 8728 --- [http-nio-8081-exec-1] o.s.web.servlet.DispatcherServlet        : Completed initialization in 2 ms
2023-12-16T23:40:45.650+05:00  INFO 8728 --- [SpringApplicationShutdownHook] j.LocalContainerEntityManagerFactoryBean : Closing JPA EntityManagerFactory for persistence unit 'default'
2023-12-16T23:40:45.653+05:00  INFO 8728 --- [SpringApplicationShutdownHook] com.zaxxer.hikari.HikariDataSource       : HikariPool-1 - Shutdown initiated...
2023-12-16T23:40:45.657+05:00  INFO 8728 --- [SpringApplicationShutdownHook] com.zaxxer.hikari.HikariDataSource       : HikariPool-1 - Shutdown completed.
2023-12-16T23:40:51.927+05:00  INFO 11708 --- [main] com.example.SecurityApplication          : Starting SecurityApplication using Java 19.0.2 with PID 11708 (C:\Users\Ma'ruf Raufov\Downloads\Telegram Desktop\Security\Security\target\classes started by Ma'ruf Raufov in C:\Users\Ma'ruf Raufov\Downloads\Telegram Desktop\Security\Security)
2023-12-16T23:40:51.942+05:00 DEBUG 11708 --- [main] com.example.SecurityApplication          : Running with Spring Boot v3.0.1, Spring v6.0.3
2023-12-16T23:40:51.943+05:00  INFO 11708 --- [main] com.example.SecurityApplication          : No active profile set, falling back to 1 default profile: "default"
2023-12-16T23:40:52.903+05:00  INFO 11708 --- [main] .s.d.r.c.RepositoryConfigurationDelegate : Bootstrapping Spring Data JPA repositories in DEFAULT mode.
2023-12-16T23:40:52.982+05:00  INFO 11708 --- [main] .s.d.r.c.RepositoryConfigurationDelegate : Finished Spring Data repository scanning in 69 ms. Found 5 JPA repository interfaces.
2023-12-16T23:40:53.546+05:00  INFO 11708 --- [main] o.s.b.w.embedded.tomcat.TomcatWebServer  : Tomcat initialized with port(s): 8081 (http)
2023-12-16T23:40:53.558+05:00  INFO 11708 --- [main] o.apache.catalina.core.StandardService   : Starting service [Tomcat]
2023-12-16T23:40:53.559+05:00  INFO 11708 --- [main] o.apache.catalina.core.StandardEngine    : Starting Servlet engine: [Apache Tomcat/10.1.4]
2023-12-16T23:40:53.654+05:00  INFO 11708 --- [main] o.a.c.c.C.[Tomcat].[localhost].[/]       : Initializing Spring embedded WebApplicationContext
2023-12-16T23:40:53.654+05:00  INFO 11708 --- [main] w.s.c.ServletWebServerApplicationContext : Root WebApplicationContext: initialization completed in 1648 ms
2023-12-16T23:40:53.792+05:00  INFO 11708 --- [main] o.hibernate.jpa.internal.util.LogHelper  : HHH000204: Processing PersistenceUnitInfo [name: default]
2023-12-16T23:40:53.839+05:00  INFO 11708 --- [main] org.hibernate.Version                    : HHH000412: Hibernate ORM core version 6.1.6.Final
2023-12-16T23:40:54.005+05:00  WARN 11708 --- [main] org.hibernate.orm.deprecation            : HHH90000021: Encountered deprecated setting [javax.persistence.sharedCache.mode], use [jakarta.persistence.sharedCache.mode] instead
2023-12-16T23:40:54.098+05:00  INFO 11708 --- [main] com.zaxxer.hikari.HikariDataSource       : HikariPool-1 - Starting...
2023-12-16T23:40:54.289+05:00  INFO 11708 --- [main] com.zaxxer.hikari.pool.HikariPool        : HikariPool-1 - Added connection org.postgresql.jdbc.PgConnection@5c25d0d1
2023-12-16T23:40:54.291+05:00  INFO 11708 --- [main] com.zaxxer.hikari.HikariDataSource       : HikariPool-1 - Start completed.
2023-12-16T23:40:54.360+05:00  INFO 11708 --- [main] SQL dialect                              : HHH000400: Using dialect: org.hibernate.dialect.PostgreSQLDialect
2023-12-16T23:40:55.328+05:00  INFO 11708 --- [main] o.h.e.t.j.p.i.JtaPlatformInitiator       : HHH000490: Using JtaPlatform implementation: [org.hibernate.engine.transaction.jta.platform.internal.NoJtaPlatform]
2023-12-16T23:40:55.336+05:00  INFO 11708 --- [main] j.LocalContainerEntityManagerFactoryBean : Initialized JPA EntityManagerFactory for persistence unit 'default'
2023-12-16T23:40:55.947+05:00 DEBUG 11708 --- [main] com.example.config.JwtTokenFilter        : Filter 'jwtTokenFilter' configured for use
2023-12-16T23:40:57.318+05:00  INFO 11708 --- [main] o.s.s.web.DefaultSecurityFilterChain     : Will secure any request with [org.springframework.security.web.session.DisableEncodeUrlFilter@20e8286a, org.springframework.security.web.context.request.async.WebAsyncManagerIntegrationFilter@4d408746, org.springframework.security.web.context.SecurityContextHolderFilter@1cecd0a9, org.springframework.security.web.header.HeaderWriterFilter@2aac60b, org.springframework.security.web.authentication.logout.LogoutFilter@7ecd6861, com.example.config.JwtTokenFilter@7207f3c2, org.springframework.security.web.savedrequest.RequestCacheAwareFilter@6fa5fc67, org.springframework.security.web.servletapi.SecurityContextHolderAwareRequestFilter@17e323fd, org.springframework.security.web.authentication.AnonymousAuthenticationFilter@6ae55678, org.springframework.security.web.access.ExceptionTranslationFilter@12115c28, org.springframework.security.web.access.intercept.AuthorizationFilter@75f316df]
2023-12-16T23:40:57.772+05:00  INFO 11708 --- [main] o.s.b.w.embedded.tomcat.TomcatWebServer  : Tomcat started on port(s): 8081 (http) with context path ''
2023-12-16T23:40:57.784+05:00  INFO 11708 --- [main] com.example.SecurityApplication          : Started SecurityApplication in 6.411 seconds (process running for 7.168)
2023-12-16T23:40:57.833+05:00  INFO 11708 --- [main] o.f.c.internal.license.VersionPrinter    : Flyway Community Edition 9.5.1 by Redgate
2023-12-16T23:40:57.835+05:00  INFO 11708 --- [main] o.f.c.internal.license.VersionPrinter    : See what's new here: https://flywaydb.org/documentation/learnmore/releaseNotes#9.5.1
2023-12-16T23:40:57.835+05:00  INFO 11708 --- [main] o.f.c.internal.license.VersionPrinter    : 
2023-12-16T23:40:57.852+05:00  INFO 11708 --- [main] o.f.c.i.database.base.BaseDatabaseType   : Database: jdbc:postgresql://localhost:5432/kun_uz (PostgreSQL 14.8)
2023-12-16T23:40:57.895+05:00  INFO 11708 --- [main] o.f.core.internal.command.DbValidate     : Successfully validated 4 migrations (execution time 00:00.026s)
2023-12-16T23:40:57.911+05:00  INFO 11708 --- [main] o.f.core.internal.command.DbMigrate      : Current version of schema "public": 3
2023-12-16T23:40:57.911+05:00  INFO 11708 --- [main] o.f.core.internal.command.DbMigrate      : Schema "public" is up to date. No migration necessary.
2023-12-16T23:41:12.751+05:00  INFO 11708 --- [http-nio-8081-exec-1] o.a.c.c.C.[Tomcat].[localhost].[/]       : Initializing Spring DispatcherServlet 'dispatcherServlet'
2023-12-16T23:41:12.752+05:00  INFO 11708 --- [http-nio-8081-exec-1] o.s.web.servlet.DispatcherServlet        : Initializing Servlet 'dispatcherServlet'
2023-12-16T23:41:12.754+05:00  INFO 11708 --- [http-nio-8081-exec-1] o.s.web.servlet.DispatcherServlet        : Completed initialization in 2 ms
2023-12-16T23:47:29.484+05:00  INFO 11708 --- [SpringApplicationShutdownHook] j.LocalContainerEntityManagerFactoryBean : Closing JPA EntityManagerFactory for persistence unit 'default'
2023-12-16T23:47:29.488+05:00  INFO 11708 --- [SpringApplicationShutdownHook] com.zaxxer.hikari.HikariDataSource       : HikariPool-1 - Shutdown initiated...
2023-12-16T23:47:29.493+05:00  INFO 11708 --- [SpringApplicationShutdownHook] com.zaxxer.hikari.HikariDataSource       : HikariPool-1 - Shutdown completed.
2023-12-16T23:47:36.210+05:00  INFO 20216 --- [main] com.example.SecurityApplication          : Starting SecurityApplication using Java 19.0.2 with PID 20216 (C:\Users\Ma'ruf Raufov\Downloads\Telegram Desktop\Security\Security\target\classes started by Ma'ruf Raufov in C:\Users\Ma'ruf Raufov\Downloads\Telegram Desktop\Security\Security)
2023-12-16T23:47:36.228+05:00 DEBUG 20216 --- [main] com.example.SecurityApplication          : Running with Spring Boot v3.0.1, Spring v6.0.3
2023-12-16T23:47:36.229+05:00  INFO 20216 --- [main] com.example.SecurityApplication          : No active profile set, falling back to 1 default profile: "default"
2023-12-16T23:47:37.298+05:00  INFO 20216 --- [main] .s.d.r.c.RepositoryConfigurationDelegate : Bootstrapping Spring Data JPA repositories in DEFAULT mode.
2023-12-16T23:47:37.404+05:00  INFO 20216 --- [main] .s.d.r.c.RepositoryConfigurationDelegate : Finished Spring Data repository scanning in 96 ms. Found 5 JPA repository interfaces.
2023-12-16T23:47:38.181+05:00  INFO 20216 --- [main] o.s.b.w.embedded.tomcat.TomcatWebServer  : Tomcat initialized with port(s): 8081 (http)
2023-12-16T23:47:38.193+05:00  INFO 20216 --- [main] o.apache.catalina.core.StandardService   : Starting service [Tomcat]
2023-12-16T23:47:38.193+05:00  INFO 20216 --- [main] o.apache.catalina.core.StandardEngine    : Starting Servlet engine: [Apache Tomcat/10.1.4]
2023-12-16T23:47:38.324+05:00  INFO 20216 --- [main] o.a.c.c.C.[Tomcat].[localhost].[/]       : Initializing Spring embedded WebApplicationContext
2023-12-16T23:47:38.325+05:00  INFO 20216 --- [main] w.s.c.ServletWebServerApplicationContext : Root WebApplicationContext: initialization completed in 2035 ms
2023-12-16T23:47:38.555+05:00  INFO 20216 --- [main] o.hibernate.jpa.internal.util.LogHelper  : HHH000204: Processing PersistenceUnitInfo [name: default]
2023-12-16T23:47:38.654+05:00  INFO 20216 --- [main] org.hibernate.Version                    : HHH000412: Hibernate ORM core version 6.1.6.Final
2023-12-16T23:47:38.942+05:00  WARN 20216 --- [main] org.hibernate.orm.deprecation            : HHH90000021: Encountered deprecated setting [javax.persistence.sharedCache.mode], use [jakarta.persistence.sharedCache.mode] instead
2023-12-16T23:47:39.068+05:00  INFO 20216 --- [main] com.zaxxer.hikari.HikariDataSource       : HikariPool-1 - Starting...
2023-12-16T23:47:39.255+05:00  INFO 20216 --- [main] com.zaxxer.hikari.pool.HikariPool        : HikariPool-1 - Added connection org.postgresql.jdbc.PgConnection@bd4ee01
2023-12-16T23:47:39.256+05:00  INFO 20216 --- [main] com.zaxxer.hikari.HikariDataSource       : HikariPool-1 - Start completed.
2023-12-16T23:47:39.312+05:00  INFO 20216 --- [main] SQL dialect                              : HHH000400: Using dialect: org.hibernate.dialect.PostgreSQLDialect
2023-12-16T23:47:40.545+05:00  INFO 20216 --- [main] o.h.e.t.j.p.i.JtaPlatformInitiator       : HHH000490: Using JtaPlatform implementation: [org.hibernate.engine.transaction.jta.platform.internal.NoJtaPlatform]
2023-12-16T23:47:40.556+05:00  INFO 20216 --- [main] j.LocalContainerEntityManagerFactoryBean : Initialized JPA EntityManagerFactory for persistence unit 'default'
2023-12-16T23:47:41.201+05:00 DEBUG 20216 --- [main] com.example.config.JwtTokenFilter        : Filter 'jwtTokenFilter' configured for use
2023-12-16T23:47:42.611+05:00  INFO 20216 --- [main] o.s.s.web.DefaultSecurityFilterChain     : Will secure any request with [org.springframework.security.web.session.DisableEncodeUrlFilter@773ad729, org.springframework.security.web.context.request.async.WebAsyncManagerIntegrationFilter@20e8286a, org.springframework.security.web.context.SecurityContextHolderFilter@fdeec12, org.springframework.security.web.header.HeaderWriterFilter@cc3fc5c, org.springframework.security.web.authentication.logout.LogoutFilter@72ea5674, com.example.config.JwtTokenFilter@10664c3d, org.springframework.security.web.savedrequest.RequestCacheAwareFilter@4822d7a1, org.springframework.security.web.servletapi.SecurityContextHolderAwareRequestFilter@6fa5fc67, org.springframework.security.web.authentication.AnonymousAuthenticationFilter@4d408746, org.springframework.security.web.access.ExceptionTranslationFilter@2b27d5d3, org.springframework.security.web.access.intercept.AuthorizationFilter@4823f4d0]
2023-12-16T23:47:43.088+05:00  INFO 20216 --- [main] o.s.b.w.embedded.tomcat.TomcatWebServer  : Tomcat started on port(s): 8081 (http) with context path ''
2023-12-16T23:47:43.099+05:00  INFO 20216 --- [main] com.example.SecurityApplication          : Started SecurityApplication in 7.465 seconds (process running for 8.231)
2023-12-16T23:47:43.152+05:00  INFO 20216 --- [main] o.f.c.internal.license.VersionPrinter    : Flyway Community Edition 9.5.1 by Redgate
2023-12-16T23:47:43.153+05:00  INFO 20216 --- [main] o.f.c.internal.license.VersionPrinter    : See what's new here: https://flywaydb.org/documentation/learnmore/releaseNotes#9.5.1
2023-12-16T23:47:43.153+05:00  INFO 20216 --- [main] o.f.c.internal.license.VersionPrinter    : 
2023-12-16T23:47:43.169+05:00  INFO 20216 --- [main] o.f.c.i.database.base.BaseDatabaseType   : Database: jdbc:postgresql://localhost:5432/kun_uz (PostgreSQL 14.8)
2023-12-16T23:47:43.233+05:00  INFO 20216 --- [main] o.f.core.internal.command.DbValidate     : Successfully validated 4 migrations (execution time 00:00.043s)
2023-12-16T23:47:43.248+05:00  INFO 20216 --- [main] o.f.core.internal.command.DbMigrate      : Current version of schema "public": 3
2023-12-16T23:47:43.248+05:00  INFO 20216 --- [main] o.f.core.internal.command.DbMigrate      : Schema "public" is up to date. No migration necessary.
2023-12-16T23:48:22.647+05:00  INFO 20216 --- [http-nio-8081-exec-1] o.a.c.c.C.[Tomcat].[localhost].[/]       : Initializing Spring DispatcherServlet 'dispatcherServlet'
2023-12-16T23:48:22.647+05:00  INFO 20216 --- [http-nio-8081-exec-1] o.s.web.servlet.DispatcherServlet        : Initializing Servlet 'dispatcherServlet'
2023-12-16T23:48:22.649+05:00  INFO 20216 --- [http-nio-8081-exec-1] o.s.web.servlet.DispatcherServlet        : Completed initialization in 1 ms
2023-12-16T23:58:24.214+05:00  INFO 20216 --- [http-nio-8081-exec-8] c.example.controller.CategoryController  : create category ==> com.example.dto.CategoryDTO@47d75746
