2023-12-14T12:15:51.283+05:00  INFO 13028 --- [main] com.example.SecurityApplication          : Starting SecurityApplication using Java 19.0.2 with PID 13028 (C:\Users\Ma'ruf Raufov\Downloads\Telegram Desktop\Security\Security\target\classes started by Ma'ruf Raufov in C:\Users\Ma'ruf Raufov\Downloads\Telegram Desktop\Security\Security)
2023-12-14T12:15:51.309+05:00 DEBUG 13028 --- [main] com.example.SecurityApplication          : Running with Spring Boot v3.0.1, Spring v6.0.3
2023-12-14T12:15:51.311+05:00  INFO 13028 --- [main] com.example.SecurityApplication          : No active profile set, falling back to 1 default profile: "default"
2023-12-14T12:15:53.223+05:00  INFO 13028 --- [main] .s.d.r.c.RepositoryConfigurationDelegate : Bootstrapping Spring Data JPA repositories in DEFAULT mode.
2023-12-14T12:15:53.302+05:00  INFO 13028 --- [main] .s.d.r.c.RepositoryConfigurationDelegate : Finished Spring Data repository scanning in 68 ms. Found 2 JPA repository interfaces.
2023-12-14T12:15:54.098+05:00  INFO 13028 --- [main] o.s.b.w.embedded.tomcat.TomcatWebServer  : Tomcat initialized with port(s): 8082 (http)
2023-12-14T12:15:54.114+05:00  INFO 13028 --- [main] o.apache.catalina.core.StandardService   : Starting service [Tomcat]
2023-12-14T12:15:54.115+05:00  INFO 13028 --- [main] o.apache.catalina.core.StandardEngine    : Starting Servlet engine: [Apache Tomcat/10.1.4]
2023-12-14T12:15:54.270+05:00  INFO 13028 --- [main] o.a.c.c.C.[Tomcat].[localhost].[/]       : Initializing Spring embedded WebApplicationContext
2023-12-14T12:15:54.270+05:00  INFO 13028 --- [main] w.s.c.ServletWebServerApplicationContext : Root WebApplicationContext: initialization completed in 2873 ms
2023-12-14T12:15:54.477+05:00  INFO 13028 --- [main] o.hibernate.jpa.internal.util.LogHelper  : HHH000204: Processing PersistenceUnitInfo [name: default]
2023-12-14T12:15:54.554+05:00  INFO 13028 --- [main] org.hibernate.Version                    : HHH000412: Hibernate ORM core version 6.1.6.Final
2023-12-14T12:15:54.799+05:00  WARN 13028 --- [main] org.hibernate.orm.deprecation            : HHH90000021: Encountered deprecated setting [javax.persistence.sharedCache.mode], use [jakarta.persistence.sharedCache.mode] instead
2023-12-14T12:15:54.950+05:00  INFO 13028 --- [main] com.zaxxer.hikari.HikariDataSource       : HikariPool-1 - Starting...
2023-12-14T12:15:55.235+05:00  INFO 13028 --- [main] com.zaxxer.hikari.pool.HikariPool        : HikariPool-1 - Added connection org.postgresql.jdbc.PgConnection@4afd65fd
2023-12-14T12:15:55.238+05:00  INFO 13028 --- [main] com.zaxxer.hikari.HikariDataSource       : HikariPool-1 - Start completed.
2023-12-14T12:15:55.342+05:00  INFO 13028 --- [main] SQL dialect                              : HHH000400: Using dialect: org.hibernate.dialect.PostgreSQLDialect
2023-12-14T12:15:56.522+05:00  INFO 13028 --- [main] o.h.e.t.j.p.i.JtaPlatformInitiator       : HHH000490: Using JtaPlatform implementation: [org.hibernate.engine.transaction.jta.platform.internal.NoJtaPlatform]
2023-12-14T12:15:56.532+05:00  INFO 13028 --- [main] j.LocalContainerEntityManagerFactoryBean : Initialized JPA EntityManagerFactory for persistence unit 'default'
2023-12-14T12:15:57.284+05:00 DEBUG 13028 --- [main] com.example.config.JwtTokenFilter        : Filter 'jwtTokenFilter' configured for use
2023-12-14T12:15:58.438+05:00  INFO 13028 --- [main] o.s.s.web.DefaultSecurityFilterChain     : Will secure any request with [org.springframework.security.web.session.DisableEncodeUrlFilter@10efb806, org.springframework.security.web.context.request.async.WebAsyncManagerIntegrationFilter@4dfe56dc, org.springframework.security.web.context.SecurityContextHolderFilter@765d67dd, org.springframework.security.web.header.HeaderWriterFilter@75a5a912, org.springframework.security.web.authentication.logout.LogoutFilter@f9919a2, com.example.config.JwtTokenFilter@3ad9fea, org.springframework.security.web.savedrequest.RequestCacheAwareFilter@2fda92e0, org.springframework.security.web.servletapi.SecurityContextHolderAwareRequestFilter@535adf36, org.springframework.security.web.authentication.AnonymousAuthenticationFilter@2a728076, org.springframework.security.web.access.ExceptionTranslationFilter@16ca4532, org.springframework.security.web.access.intercept.AuthorizationFilter@18b88f7]
2023-12-14T12:15:58.962+05:00  INFO 13028 --- [main] o.s.b.w.embedded.tomcat.TomcatWebServer  : Tomcat started on port(s): 8082 (http) with context path ''
2023-12-14T12:15:58.975+05:00  INFO 13028 --- [main] com.example.SecurityApplication          : Started SecurityApplication in 8.334 seconds (process running for 14.16)
2023-12-14T12:15:59.044+05:00  INFO 13028 --- [main] o.f.c.internal.license.VersionPrinter    : Flyway Community Edition 9.5.1 by Redgate
2023-12-14T12:15:59.044+05:00  INFO 13028 --- [main] o.f.c.internal.license.VersionPrinter    : See what's new here: https://flywaydb.org/documentation/learnmore/releaseNotes#9.5.1
2023-12-14T12:15:59.044+05:00  INFO 13028 --- [main] o.f.c.internal.license.VersionPrinter    : 
2023-12-14T12:15:59.060+05:00  INFO 13028 --- [main] o.f.c.i.database.base.BaseDatabaseType   : Database: jdbc:postgresql://localhost:5432/kun_uz (PostgreSQL 14.8)
2023-12-14T12:15:59.124+05:00  INFO 13028 --- [main] o.f.core.internal.command.DbValidate     : Successfully validated 4 migrations (execution time 00:00.043s)
2023-12-14T12:15:59.143+05:00  INFO 13028 --- [main] o.f.core.internal.command.DbMigrate      : Current version of schema "public": 3
2023-12-14T12:15:59.144+05:00  INFO 13028 --- [main] o.f.core.internal.command.DbMigrate      : Schema "public" is up to date. No migration necessary.
2023-12-14T12:16:09.774+05:00  INFO 13028 --- [http-nio-8082-exec-1] o.a.c.c.C.[Tomcat].[localhost].[/]       : Initializing Spring DispatcherServlet 'dispatcherServlet'
2023-12-14T12:16:09.776+05:00  INFO 13028 --- [http-nio-8082-exec-1] o.s.web.servlet.DispatcherServlet        : Initializing Servlet 'dispatcherServlet'
2023-12-14T12:16:09.779+05:00  INFO 13028 --- [http-nio-8082-exec-1] o.s.web.servlet.DispatcherServlet        : Completed initialization in 2 ms
2023-12-14T12:16:18.341+05:00  INFO 13028 --- [http-nio-8082-exec-2] com.example.controller.AuthController    : Authorization --> com.example.dto.auth.AuthRequestDTO@5119ac3d
2023-12-14T21:49:23.443+05:00  WARN 13028 --- [HikariPool-1 housekeeper] com.zaxxer.hikari.pool.HikariPool        : HikariPool-1 - Thread starvation or clock leap detected (housekeeper delta=9h24m58s58ms337µs700ns).
2023-12-14T22:00:41.521+05:00  INFO 8028 --- [main] com.example.SecurityApplication          : Starting SecurityApplication using Java 19.0.2 with PID 8028 (C:\Users\Ma'ruf Raufov\Downloads\Telegram Desktop\Security\Security\target\classes started by Ma'ruf Raufov in C:\Users\Ma'ruf Raufov\Downloads\Telegram Desktop\Security\Security)
2023-12-14T22:00:41.535+05:00 DEBUG 8028 --- [main] com.example.SecurityApplication          : Running with Spring Boot v3.0.1, Spring v6.0.3
2023-12-14T22:00:41.536+05:00  INFO 8028 --- [main] com.example.SecurityApplication          : No active profile set, falling back to 1 default profile: "default"
2023-12-14T22:00:42.943+05:00  INFO 8028 --- [main] .s.d.r.c.RepositoryConfigurationDelegate : Bootstrapping Spring Data JPA repositories in DEFAULT mode.
2023-12-14T22:00:43.002+05:00  INFO 8028 --- [main] .s.d.r.c.RepositoryConfigurationDelegate : Finished Spring Data repository scanning in 52 ms. Found 2 JPA repository interfaces.
2023-12-14T22:00:43.556+05:00  INFO 8028 --- [main] o.s.b.w.embedded.tomcat.TomcatWebServer  : Tomcat initialized with port(s): 8082 (http)
2023-12-14T22:00:43.565+05:00  INFO 8028 --- [main] o.apache.catalina.core.StandardService   : Starting service [Tomcat]
2023-12-14T22:00:43.565+05:00  INFO 8028 --- [main] o.apache.catalina.core.StandardEngine    : Starting Servlet engine: [Apache Tomcat/10.1.4]
2023-12-14T22:00:43.650+05:00  INFO 8028 --- [main] o.a.c.c.C.[Tomcat].[localhost].[/]       : Initializing Spring embedded WebApplicationContext
2023-12-14T22:00:43.651+05:00  INFO 8028 --- [main] w.s.c.ServletWebServerApplicationContext : Root WebApplicationContext: initialization completed in 2061 ms
2023-12-14T22:00:43.778+05:00  INFO 8028 --- [main] o.hibernate.jpa.internal.util.LogHelper  : HHH000204: Processing PersistenceUnitInfo [name: default]
2023-12-14T22:00:43.859+05:00  INFO 8028 --- [main] org.hibernate.Version                    : HHH000412: Hibernate ORM core version 6.1.6.Final
2023-12-14T22:00:44.050+05:00  WARN 8028 --- [main] org.hibernate.orm.deprecation            : HHH90000021: Encountered deprecated setting [javax.persistence.sharedCache.mode], use [jakarta.persistence.sharedCache.mode] instead
2023-12-14T22:00:44.153+05:00  INFO 8028 --- [main] com.zaxxer.hikari.HikariDataSource       : HikariPool-1 - Starting...
2023-12-14T22:00:44.347+05:00  INFO 8028 --- [main] com.zaxxer.hikari.pool.HikariPool        : HikariPool-1 - Added connection org.postgresql.jdbc.PgConnection@57c6feea
2023-12-14T22:00:44.348+05:00  INFO 8028 --- [main] com.zaxxer.hikari.HikariDataSource       : HikariPool-1 - Start completed.
2023-12-14T22:00:44.400+05:00  INFO 8028 --- [main] SQL dialect                              : HHH000400: Using dialect: org.hibernate.dialect.PostgreSQLDialect
2023-12-14T22:00:45.309+05:00  INFO 8028 --- [main] o.h.e.t.j.p.i.JtaPlatformInitiator       : HHH000490: Using JtaPlatform implementation: [org.hibernate.engine.transaction.jta.platform.internal.NoJtaPlatform]
2023-12-14T22:00:45.322+05:00  INFO 8028 --- [main] j.LocalContainerEntityManagerFactoryBean : Initialized JPA EntityManagerFactory for persistence unit 'default'
2023-12-14T22:00:45.803+05:00 DEBUG 8028 --- [main] com.example.config.JwtTokenFilter        : Filter 'jwtTokenFilter' configured for use
2023-12-14T22:00:46.702+05:00  INFO 8028 --- [main] o.s.s.web.DefaultSecurityFilterChain     : Will secure any request with [org.springframework.security.web.session.DisableEncodeUrlFilter@6b23897a, org.springframework.security.web.context.request.async.WebAsyncManagerIntegrationFilter@40dd2cfe, org.springframework.security.web.context.SecurityContextHolderFilter@53bc6492, org.springframework.security.web.header.HeaderWriterFilter@45c10678, org.springframework.security.web.authentication.logout.LogoutFilter@13f255ed, com.example.config.JwtTokenFilter@63fde7ca, org.springframework.security.web.savedrequest.RequestCacheAwareFilter@7fda84cf, org.springframework.security.web.servletapi.SecurityContextHolderAwareRequestFilter@313a3af8, org.springframework.security.web.authentication.AnonymousAuthenticationFilter@21cb5648, org.springframework.security.web.access.ExceptionTranslationFilter@23d0f6be, org.springframework.security.web.access.intercept.AuthorizationFilter@6779959d]
2023-12-14T22:00:47.042+05:00  WARN 8028 --- [main] ConfigServletWebServerApplicationContext : Exception encountered during context initialization - cancelling refresh attempt: org.springframework.context.ApplicationContextException: Failed to start bean 'webServerStartStop'
2023-12-14T22:00:47.044+05:00  INFO 8028 --- [main] j.LocalContainerEntityManagerFactoryBean : Closing JPA EntityManagerFactory for persistence unit 'default'
2023-12-14T22:00:47.046+05:00  INFO 8028 --- [main] com.zaxxer.hikari.HikariDataSource       : HikariPool-1 - Shutdown initiated...
2023-12-14T22:00:47.051+05:00  INFO 8028 --- [main] com.zaxxer.hikari.HikariDataSource       : HikariPool-1 - Shutdown completed.
2023-12-14T22:00:47.054+05:00  INFO 8028 --- [main] o.apache.catalina.core.StandardService   : Stopping service [Tomcat]
2023-12-14T22:00:47.069+05:00  INFO 8028 --- [main] .s.b.a.l.ConditionEvaluationReportLogger : 

Error starting ApplicationContext. To display the condition evaluation report re-run your application with 'debug' enabled.
2023-12-14T22:00:47.083+05:00 ERROR 8028 --- [main] o.s.b.d.LoggingFailureAnalysisReporter   : 

***************************
APPLICATION FAILED TO START
***************************

Description:

Web server failed to start. Port 8082 was already in use.

Action:

Identify and stop the process that's listening on port 8082 or configure this application to listen on another port.

2023-12-14T22:02:25.498+05:00  INFO 2848 --- [main] com.example.SecurityApplication          : Starting SecurityApplication using Java 19.0.2 with PID 2848 (C:\Users\Ma'ruf Raufov\Downloads\Telegram Desktop\Security\Security\target\classes started by Ma'ruf Raufov in C:\Users\Ma'ruf Raufov\Downloads\Telegram Desktop\Security\Security)
2023-12-14T22:02:25.510+05:00 DEBUG 2848 --- [main] com.example.SecurityApplication          : Running with Spring Boot v3.0.1, Spring v6.0.3
2023-12-14T22:02:25.511+05:00  INFO 2848 --- [main] com.example.SecurityApplication          : No active profile set, falling back to 1 default profile: "default"
2023-12-14T22:02:26.345+05:00  INFO 2848 --- [main] .s.d.r.c.RepositoryConfigurationDelegate : Bootstrapping Spring Data JPA repositories in DEFAULT mode.
2023-12-14T22:02:26.407+05:00  INFO 2848 --- [main] .s.d.r.c.RepositoryConfigurationDelegate : Finished Spring Data repository scanning in 54 ms. Found 2 JPA repository interfaces.
2023-12-14T22:02:26.916+05:00  INFO 2848 --- [main] o.s.b.w.embedded.tomcat.TomcatWebServer  : Tomcat initialized with port(s): 8081 (http)
2023-12-14T22:02:26.927+05:00  INFO 2848 --- [main] o.apache.catalina.core.StandardService   : Starting service [Tomcat]
2023-12-14T22:02:26.927+05:00  INFO 2848 --- [main] o.apache.catalina.core.StandardEngine    : Starting Servlet engine: [Apache Tomcat/10.1.4]
2023-12-14T22:02:27.008+05:00  INFO 2848 --- [main] o.a.c.c.C.[Tomcat].[localhost].[/]       : Initializing Spring embedded WebApplicationContext
2023-12-14T22:02:27.008+05:00  INFO 2848 --- [main] w.s.c.ServletWebServerApplicationContext : Root WebApplicationContext: initialization completed in 1427 ms
2023-12-14T22:02:27.115+05:00  INFO 2848 --- [main] o.hibernate.jpa.internal.util.LogHelper  : HHH000204: Processing PersistenceUnitInfo [name: default]
2023-12-14T22:02:27.180+05:00  INFO 2848 --- [main] org.hibernate.Version                    : HHH000412: Hibernate ORM core version 6.1.6.Final
2023-12-14T22:02:27.336+05:00  WARN 2848 --- [main] org.hibernate.orm.deprecation            : HHH90000021: Encountered deprecated setting [javax.persistence.sharedCache.mode], use [jakarta.persistence.sharedCache.mode] instead
2023-12-14T22:02:27.433+05:00  INFO 2848 --- [main] com.zaxxer.hikari.HikariDataSource       : HikariPool-1 - Starting...
2023-12-14T22:02:27.593+05:00  INFO 2848 --- [main] com.zaxxer.hikari.pool.HikariPool        : HikariPool-1 - Added connection org.postgresql.jdbc.PgConnection@d504137
2023-12-14T22:02:27.594+05:00  INFO 2848 --- [main] com.zaxxer.hikari.HikariDataSource       : HikariPool-1 - Start completed.
2023-12-14T22:02:27.643+05:00  INFO 2848 --- [main] SQL dialect                              : HHH000400: Using dialect: org.hibernate.dialect.PostgreSQLDialect
2023-12-14T22:02:28.653+05:00  INFO 2848 --- [main] o.h.e.t.j.p.i.JtaPlatformInitiator       : HHH000490: Using JtaPlatform implementation: [org.hibernate.engine.transaction.jta.platform.internal.NoJtaPlatform]
2023-12-14T22:02:28.661+05:00  INFO 2848 --- [main] j.LocalContainerEntityManagerFactoryBean : Initialized JPA EntityManagerFactory for persistence unit 'default'
2023-12-14T22:02:29.144+05:00 DEBUG 2848 --- [main] com.example.config.JwtTokenFilter        : Filter 'jwtTokenFilter' configured for use
2023-12-14T22:02:30.183+05:00  INFO 2848 --- [main] o.s.s.web.DefaultSecurityFilterChain     : Will secure any request with [org.springframework.security.web.session.DisableEncodeUrlFilter@3c070ade, org.springframework.security.web.context.request.async.WebAsyncManagerIntegrationFilter@bb3487c, org.springframework.security.web.context.SecurityContextHolderFilter@74f9004c, org.springframework.security.web.header.HeaderWriterFilter@11d557a5, org.springframework.security.web.authentication.logout.LogoutFilter@7a8e484b, com.example.config.JwtTokenFilter@76ebd595, org.springframework.security.web.savedrequest.RequestCacheAwareFilter@34947355, org.springframework.security.web.servletapi.SecurityContextHolderAwareRequestFilter@62ad5f35, org.springframework.security.web.authentication.AnonymousAuthenticationFilter@650997b0, org.springframework.security.web.access.ExceptionTranslationFilter@d60aa4, org.springframework.security.web.access.intercept.AuthorizationFilter@30b0f674]
2023-12-14T22:02:30.543+05:00  INFO 2848 --- [main] o.s.b.w.embedded.tomcat.TomcatWebServer  : Tomcat started on port(s): 8081 (http) with context path ''
2023-12-14T22:02:30.555+05:00  INFO 2848 --- [main] com.example.SecurityApplication          : Started SecurityApplication in 5.571 seconds (process running for 6.5)
2023-12-14T22:02:30.601+05:00  INFO 2848 --- [main] o.f.c.internal.license.VersionPrinter    : Flyway Community Edition 9.5.1 by Redgate
2023-12-14T22:02:30.601+05:00  INFO 2848 --- [main] o.f.c.internal.license.VersionPrinter    : See what's new here: https://flywaydb.org/documentation/learnmore/releaseNotes#9.5.1
2023-12-14T22:02:30.601+05:00  INFO 2848 --- [main] o.f.c.internal.license.VersionPrinter    : 
2023-12-14T22:02:30.614+05:00  INFO 2848 --- [main] o.f.c.i.database.base.BaseDatabaseType   : Database: jdbc:postgresql://localhost:5432/kun_uz (PostgreSQL 14.8)
2023-12-14T22:02:30.670+05:00  INFO 2848 --- [main] o.f.core.internal.command.DbValidate     : Successfully validated 4 migrations (execution time 00:00.038s)
2023-12-14T22:02:30.683+05:00  INFO 2848 --- [main] o.f.core.internal.command.DbMigrate      : Current version of schema "public": 3
2023-12-14T22:02:30.684+05:00  INFO 2848 --- [main] o.f.core.internal.command.DbMigrate      : Schema "public" is up to date. No migration necessary.
2023-12-14T22:04:21.379+05:00  INFO 2848 --- [SpringApplicationShutdownHook] j.LocalContainerEntityManagerFactoryBean : Closing JPA EntityManagerFactory for persistence unit 'default'
2023-12-14T22:04:21.381+05:00  INFO 2848 --- [SpringApplicationShutdownHook] com.zaxxer.hikari.HikariDataSource       : HikariPool-1 - Shutdown initiated...
2023-12-14T22:04:21.385+05:00  INFO 2848 --- [SpringApplicationShutdownHook] com.zaxxer.hikari.HikariDataSource       : HikariPool-1 - Shutdown completed.
2023-12-14T22:04:26.493+05:00  INFO 14776 --- [main] com.example.SecurityApplication          : Starting SecurityApplication using Java 19.0.2 with PID 14776 (C:\Users\Ma'ruf Raufov\Downloads\Telegram Desktop\Security\Security\target\classes started by Ma'ruf Raufov in C:\Users\Ma'ruf Raufov\Downloads\Telegram Desktop\Security\Security)
2023-12-14T22:04:26.512+05:00 DEBUG 14776 --- [main] com.example.SecurityApplication          : Running with Spring Boot v3.0.1, Spring v6.0.3
2023-12-14T22:04:26.513+05:00  INFO 14776 --- [main] com.example.SecurityApplication          : No active profile set, falling back to 1 default profile: "default"
2023-12-14T22:04:27.623+05:00  INFO 14776 --- [main] .s.d.r.c.RepositoryConfigurationDelegate : Bootstrapping Spring Data JPA repositories in DEFAULT mode.
2023-12-14T22:04:27.688+05:00  INFO 14776 --- [main] .s.d.r.c.RepositoryConfigurationDelegate : Finished Spring Data repository scanning in 57 ms. Found 2 JPA repository interfaces.
2023-12-14T22:04:28.410+05:00  INFO 14776 --- [main] o.s.b.w.embedded.tomcat.TomcatWebServer  : Tomcat initialized with port(s): 8081 (http)
2023-12-14T22:04:28.419+05:00  INFO 14776 --- [main] o.apache.catalina.core.StandardService   : Starting service [Tomcat]
2023-12-14T22:04:28.420+05:00  INFO 14776 --- [main] o.apache.catalina.core.StandardEngine    : Starting Servlet engine: [Apache Tomcat/10.1.4]
2023-12-14T22:04:28.505+05:00  INFO 14776 --- [main] o.a.c.c.C.[Tomcat].[localhost].[/]       : Initializing Spring embedded WebApplicationContext
2023-12-14T22:04:28.506+05:00  INFO 14776 --- [main] w.s.c.ServletWebServerApplicationContext : Root WebApplicationContext: initialization completed in 1925 ms
2023-12-14T22:04:28.625+05:00  INFO 14776 --- [main] o.hibernate.jpa.internal.util.LogHelper  : HHH000204: Processing PersistenceUnitInfo [name: default]
2023-12-14T22:04:28.685+05:00  INFO 14776 --- [main] org.hibernate.Version                    : HHH000412: Hibernate ORM core version 6.1.6.Final
2023-12-14T22:04:28.838+05:00  WARN 14776 --- [main] org.hibernate.orm.deprecation            : HHH90000021: Encountered deprecated setting [javax.persistence.sharedCache.mode], use [jakarta.persistence.sharedCache.mode] instead
2023-12-14T22:04:28.939+05:00  INFO 14776 --- [main] com.zaxxer.hikari.HikariDataSource       : HikariPool-1 - Starting...
2023-12-14T22:04:29.099+05:00  INFO 14776 --- [main] com.zaxxer.hikari.pool.HikariPool        : HikariPool-1 - Added connection org.postgresql.jdbc.PgConnection@3ee6dc82
2023-12-14T22:04:29.101+05:00  INFO 14776 --- [main] com.zaxxer.hikari.HikariDataSource       : HikariPool-1 - Start completed.
2023-12-14T22:04:29.147+05:00  INFO 14776 --- [main] SQL dialect                              : HHH000400: Using dialect: org.hibernate.dialect.PostgreSQLDialect
2023-12-14T22:04:30.039+05:00  INFO 14776 --- [main] o.h.e.t.j.p.i.JtaPlatformInitiator       : HHH000490: Using JtaPlatform implementation: [org.hibernate.engine.transaction.jta.platform.internal.NoJtaPlatform]
2023-12-14T22:04:30.051+05:00  INFO 14776 --- [main] j.LocalContainerEntityManagerFactoryBean : Initialized JPA EntityManagerFactory for persistence unit 'default'
2023-12-14T22:04:30.514+05:00 DEBUG 14776 --- [main] com.example.config.JwtTokenFilter        : Filter 'jwtTokenFilter' configured for use
2023-12-14T22:04:31.500+05:00  INFO 14776 --- [main] o.s.s.web.DefaultSecurityFilterChain     : Will secure any request with [org.springframework.security.web.session.DisableEncodeUrlFilter@45e49d3d, org.springframework.security.web.context.request.async.WebAsyncManagerIntegrationFilter@72e5206, org.springframework.security.web.context.SecurityContextHolderFilter@480f1311, org.springframework.security.web.header.HeaderWriterFilter@445d878c, org.springframework.security.web.authentication.logout.LogoutFilter@4f2a0909, com.example.config.JwtTokenFilter@aca2a0b, org.springframework.security.web.savedrequest.RequestCacheAwareFilter@1315d910, org.springframework.security.web.servletapi.SecurityContextHolderAwareRequestFilter@7a79a5d6, org.springframework.security.web.authentication.AnonymousAuthenticationFilter@4615bc00, org.springframework.security.web.access.ExceptionTranslationFilter@14927cd4, org.springframework.security.web.access.intercept.AuthorizationFilter@56728f48]
2023-12-14T22:04:31.890+05:00  INFO 14776 --- [main] o.s.b.w.embedded.tomcat.TomcatWebServer  : Tomcat started on port(s): 8081 (http) with context path ''
2023-12-14T22:04:31.899+05:00  INFO 14776 --- [main] com.example.SecurityApplication          : Started SecurityApplication in 6.0 seconds (process running for 6.835)
2023-12-14T22:04:31.938+05:00  INFO 14776 --- [main] o.f.c.internal.license.VersionPrinter    : Flyway Community Edition 9.5.1 by Redgate
2023-12-14T22:04:31.938+05:00  INFO 14776 --- [main] o.f.c.internal.license.VersionPrinter    : See what's new here: https://flywaydb.org/documentation/learnmore/releaseNotes#9.5.1
2023-12-14T22:04:31.938+05:00  INFO 14776 --- [main] o.f.c.internal.license.VersionPrinter    : 
2023-12-14T22:04:31.950+05:00  INFO 14776 --- [main] o.f.c.i.database.base.BaseDatabaseType   : Database: jdbc:postgresql://localhost:5432/kun_uz (PostgreSQL 14.8)
2023-12-14T22:04:31.985+05:00  INFO 14776 --- [main] o.f.core.internal.command.DbValidate     : Successfully validated 4 migrations (execution time 00:00.019s)
2023-12-14T22:04:31.996+05:00  INFO 14776 --- [main] o.f.core.internal.command.DbMigrate      : Current version of schema "public": 3
2023-12-14T22:04:31.997+05:00  INFO 14776 --- [main] o.f.core.internal.command.DbMigrate      : Schema "public" is up to date. No migration necessary.
2023-12-14T22:04:39.337+05:00  INFO 14776 --- [http-nio-8081-exec-1] o.a.c.c.C.[Tomcat].[localhost].[/]       : Initializing Spring DispatcherServlet 'dispatcherServlet'
2023-12-14T22:04:39.338+05:00  INFO 14776 --- [http-nio-8081-exec-1] o.s.web.servlet.DispatcherServlet        : Initializing Servlet 'dispatcherServlet'
2023-12-14T22:04:39.340+05:00  INFO 14776 --- [http-nio-8081-exec-1] o.s.web.servlet.DispatcherServlet        : Completed initialization in 1 ms
2023-12-14T22:05:03.551+05:00  INFO 14776 --- [SpringApplicationShutdownHook] j.LocalContainerEntityManagerFactoryBean : Closing JPA EntityManagerFactory for persistence unit 'default'
2023-12-14T22:05:03.553+05:00  INFO 14776 --- [SpringApplicationShutdownHook] com.zaxxer.hikari.HikariDataSource       : HikariPool-1 - Shutdown initiated...
2023-12-14T22:05:03.556+05:00  INFO 14776 --- [SpringApplicationShutdownHook] com.zaxxer.hikari.HikariDataSource       : HikariPool-1 - Shutdown completed.
2023-12-14T22:05:09.612+05:00  INFO 9512 --- [main] com.example.SecurityApplication          : Starting SecurityApplication using Java 19.0.2 with PID 9512 (C:\Users\Ma'ruf Raufov\Downloads\Telegram Desktop\Security\Security\target\classes started by Ma'ruf Raufov in C:\Users\Ma'ruf Raufov\Downloads\Telegram Desktop\Security\Security)
2023-12-14T22:05:09.626+05:00 DEBUG 9512 --- [main] com.example.SecurityApplication          : Running with Spring Boot v3.0.1, Spring v6.0.3
2023-12-14T22:05:09.628+05:00  INFO 9512 --- [main] com.example.SecurityApplication          : No active profile set, falling back to 1 default profile: "default"
2023-12-14T22:05:10.583+05:00  INFO 9512 --- [main] .s.d.r.c.RepositoryConfigurationDelegate : Bootstrapping Spring Data JPA repositories in DEFAULT mode.
2023-12-14T22:05:10.642+05:00  INFO 9512 --- [main] .s.d.r.c.RepositoryConfigurationDelegate : Finished Spring Data repository scanning in 52 ms. Found 2 JPA repository interfaces.
2023-12-14T22:05:11.209+05:00  INFO 9512 --- [main] o.s.b.w.embedded.tomcat.TomcatWebServer  : Tomcat initialized with port(s): 8081 (http)
2023-12-14T22:05:11.217+05:00  INFO 9512 --- [main] o.apache.catalina.core.StandardService   : Starting service [Tomcat]
2023-12-14T22:05:11.218+05:00  INFO 9512 --- [main] o.apache.catalina.core.StandardEngine    : Starting Servlet engine: [Apache Tomcat/10.1.4]
2023-12-14T22:05:11.304+05:00  INFO 9512 --- [main] o.a.c.c.C.[Tomcat].[localhost].[/]       : Initializing Spring embedded WebApplicationContext
2023-12-14T22:05:11.305+05:00  INFO 9512 --- [main] w.s.c.ServletWebServerApplicationContext : Root WebApplicationContext: initialization completed in 1611 ms
2023-12-14T22:05:11.415+05:00  INFO 9512 --- [main] o.hibernate.jpa.internal.util.LogHelper  : HHH000204: Processing PersistenceUnitInfo [name: default]
2023-12-14T22:05:11.477+05:00  INFO 9512 --- [main] org.hibernate.Version                    : HHH000412: Hibernate ORM core version 6.1.6.Final
2023-12-14T22:05:11.657+05:00  WARN 9512 --- [main] org.hibernate.orm.deprecation            : HHH90000021: Encountered deprecated setting [javax.persistence.sharedCache.mode], use [jakarta.persistence.sharedCache.mode] instead
2023-12-14T22:05:11.745+05:00  INFO 9512 --- [main] com.zaxxer.hikari.HikariDataSource       : HikariPool-1 - Starting...
2023-12-14T22:05:11.921+05:00  INFO 9512 --- [main] com.zaxxer.hikari.pool.HikariPool        : HikariPool-1 - Added connection org.postgresql.jdbc.PgConnection@6dded900
2023-12-14T22:05:11.923+05:00  INFO 9512 --- [main] com.zaxxer.hikari.HikariDataSource       : HikariPool-1 - Start completed.
2023-12-14T22:05:11.981+05:00  INFO 9512 --- [main] SQL dialect                              : HHH000400: Using dialect: org.hibernate.dialect.PostgreSQLDialect
2023-12-14T22:05:12.991+05:00  INFO 9512 --- [main] o.h.e.t.j.p.i.JtaPlatformInitiator       : HHH000490: Using JtaPlatform implementation: [org.hibernate.engine.transaction.jta.platform.internal.NoJtaPlatform]
2023-12-14T22:05:13.006+05:00  INFO 9512 --- [main] j.LocalContainerEntityManagerFactoryBean : Initialized JPA EntityManagerFactory for persistence unit 'default'
2023-12-14T22:05:13.792+05:00 DEBUG 9512 --- [main] com.example.config.JwtTokenFilter        : Filter 'jwtTokenFilter' configured for use
2023-12-14T22:05:15.082+05:00  INFO 9512 --- [main] o.s.s.web.DefaultSecurityFilterChain     : Will secure any request with [org.springframework.security.web.session.DisableEncodeUrlFilter@39f5eba4, org.springframework.security.web.context.request.async.WebAsyncManagerIntegrationFilter@3c070ade, org.springframework.security.web.context.SecurityContextHolderFilter@65067d37, org.springframework.security.web.header.HeaderWriterFilter@30942f54, org.springframework.security.web.authentication.logout.LogoutFilter@5f815f93, com.example.config.JwtTokenFilter@4560eb15, org.springframework.security.web.savedrequest.RequestCacheAwareFilter@4f2a0909, org.springframework.security.web.servletapi.SecurityContextHolderAwareRequestFilter@34947355, org.springframework.security.web.authentication.AnonymousAuthenticationFilter@bb3487c, org.springframework.security.web.access.ExceptionTranslationFilter@e9947af, org.springframework.security.web.access.intercept.AuthorizationFilter@4cb939d5]
2023-12-14T22:05:15.452+05:00  INFO 9512 --- [main] o.s.b.w.embedded.tomcat.TomcatWebServer  : Tomcat started on port(s): 8081 (http) with context path ''
2023-12-14T22:05:15.463+05:00  INFO 9512 --- [main] com.example.SecurityApplication          : Started SecurityApplication in 6.343 seconds (process running for 7.167)
2023-12-14T22:05:15.516+05:00  INFO 9512 --- [main] o.f.c.internal.license.VersionPrinter    : Flyway Community Edition 9.5.1 by Redgate
2023-12-14T22:05:15.516+05:00  INFO 9512 --- [main] o.f.c.internal.license.VersionPrinter    : See what's new here: https://flywaydb.org/documentation/learnmore/releaseNotes#9.5.1
2023-12-14T22:05:15.516+05:00  INFO 9512 --- [main] o.f.c.internal.license.VersionPrinter    : 
2023-12-14T22:05:15.532+05:00  INFO 9512 --- [main] o.f.c.i.database.base.BaseDatabaseType   : Database: jdbc:postgresql://localhost:5432/kun_uz (PostgreSQL 14.8)
2023-12-14T22:05:15.571+05:00  INFO 9512 --- [main] o.f.core.internal.command.DbValidate     : Successfully validated 4 migrations (execution time 00:00.022s)
2023-12-14T22:05:15.586+05:00  INFO 9512 --- [main] o.f.core.internal.command.DbMigrate      : Current version of schema "public": 3
2023-12-14T22:05:15.586+05:00  INFO 9512 --- [main] o.f.core.internal.command.DbMigrate      : Schema "public" is up to date. No migration necessary.
2023-12-14T22:05:19.153+05:00  INFO 9512 --- [http-nio-8081-exec-1] o.a.c.c.C.[Tomcat].[localhost].[/]       : Initializing Spring DispatcherServlet 'dispatcherServlet'
2023-12-14T22:05:19.153+05:00  INFO 9512 --- [http-nio-8081-exec-1] o.s.web.servlet.DispatcherServlet        : Initializing Servlet 'dispatcherServlet'
2023-12-14T22:05:19.155+05:00  INFO 9512 --- [http-nio-8081-exec-1] o.s.web.servlet.DispatcherServlet        : Completed initialization in 1 ms
2023-12-14T22:14:41.230+05:00  INFO 9512 --- [SpringApplicationShutdownHook] j.LocalContainerEntityManagerFactoryBean : Closing JPA EntityManagerFactory for persistence unit 'default'
2023-12-14T22:14:41.233+05:00  INFO 9512 --- [SpringApplicationShutdownHook] com.zaxxer.hikari.HikariDataSource       : HikariPool-1 - Shutdown initiated...
2023-12-14T22:14:41.237+05:00  INFO 9512 --- [SpringApplicationShutdownHook] com.zaxxer.hikari.HikariDataSource       : HikariPool-1 - Shutdown completed.
2023-12-14T22:14:47.929+05:00  INFO 19436 --- [main] com.example.SecurityApplication          : Starting SecurityApplication using Java 19.0.2 with PID 19436 (C:\Users\Ma'ruf Raufov\Downloads\Telegram Desktop\Security\Security\target\classes started by Ma'ruf Raufov in C:\Users\Ma'ruf Raufov\Downloads\Telegram Desktop\Security\Security)
2023-12-14T22:14:47.944+05:00 DEBUG 19436 --- [main] com.example.SecurityApplication          : Running with Spring Boot v3.0.1, Spring v6.0.3
2023-12-14T22:14:47.944+05:00  INFO 19436 --- [main] com.example.SecurityApplication          : No active profile set, falling back to 1 default profile: "default"
2023-12-14T22:14:48.827+05:00  INFO 19436 --- [main] .s.d.r.c.RepositoryConfigurationDelegate : Bootstrapping Spring Data JPA repositories in DEFAULT mode.
2023-12-14T22:14:48.894+05:00  INFO 19436 --- [main] .s.d.r.c.RepositoryConfigurationDelegate : Finished Spring Data repository scanning in 57 ms. Found 2 JPA repository interfaces.
2023-12-14T22:14:49.442+05:00  INFO 19436 --- [main] o.s.b.w.embedded.tomcat.TomcatWebServer  : Tomcat initialized with port(s): 8081 (http)
2023-12-14T22:14:49.451+05:00  INFO 19436 --- [main] o.apache.catalina.core.StandardService   : Starting service [Tomcat]
2023-12-14T22:14:49.451+05:00  INFO 19436 --- [main] o.apache.catalina.core.StandardEngine    : Starting Servlet engine: [Apache Tomcat/10.1.4]
2023-12-14T22:14:49.536+05:00  INFO 19436 --- [main] o.a.c.c.C.[Tomcat].[localhost].[/]       : Initializing Spring embedded WebApplicationContext
2023-12-14T22:14:49.536+05:00  INFO 19436 --- [main] w.s.c.ServletWebServerApplicationContext : Root WebApplicationContext: initialization completed in 1538 ms
2023-12-14T22:14:49.662+05:00  INFO 19436 --- [main] o.hibernate.jpa.internal.util.LogHelper  : HHH000204: Processing PersistenceUnitInfo [name: default]
2023-12-14T22:14:49.729+05:00  INFO 19436 --- [main] org.hibernate.Version                    : HHH000412: Hibernate ORM core version 6.1.6.Final
2023-12-14T22:14:49.931+05:00  WARN 19436 --- [main] org.hibernate.orm.deprecation            : HHH90000021: Encountered deprecated setting [javax.persistence.sharedCache.mode], use [jakarta.persistence.sharedCache.mode] instead
2023-12-14T22:14:50.029+05:00  INFO 19436 --- [main] com.zaxxer.hikari.HikariDataSource       : HikariPool-1 - Starting...
2023-12-14T22:14:50.207+05:00  INFO 19436 --- [main] com.zaxxer.hikari.pool.HikariPool        : HikariPool-1 - Added connection org.postgresql.jdbc.PgConnection@17884d
2023-12-14T22:14:50.209+05:00  INFO 19436 --- [main] com.zaxxer.hikari.HikariDataSource       : HikariPool-1 - Start completed.
2023-12-14T22:14:50.265+05:00  INFO 19436 --- [main] SQL dialect                              : HHH000400: Using dialect: org.hibernate.dialect.PostgreSQLDialect
2023-12-14T22:14:51.217+05:00  INFO 19436 --- [main] o.h.e.t.j.p.i.JtaPlatformInitiator       : HHH000490: Using JtaPlatform implementation: [org.hibernate.engine.transaction.jta.platform.internal.NoJtaPlatform]
2023-12-14T22:14:51.228+05:00  INFO 19436 --- [main] j.LocalContainerEntityManagerFactoryBean : Initialized JPA EntityManagerFactory for persistence unit 'default'
2023-12-14T22:14:51.792+05:00 DEBUG 19436 --- [main] com.example.config.JwtTokenFilter        : Filter 'jwtTokenFilter' configured for use
2023-12-14T22:14:52.895+05:00  INFO 19436 --- [main] o.s.s.web.DefaultSecurityFilterChain     : Will secure any request with [org.springframework.security.web.session.DisableEncodeUrlFilter@2a22e7e2, org.springframework.security.web.context.request.async.WebAsyncManagerIntegrationFilter@3bfead8d, org.springframework.security.web.context.SecurityContextHolderFilter@4ed90b04, org.springframework.security.web.header.HeaderWriterFilter@4e9d1119, org.springframework.security.web.authentication.logout.LogoutFilter@6b23897a, com.example.config.JwtTokenFilter@2d4f1ddd, org.springframework.security.web.savedrequest.RequestCacheAwareFilter@7dd92a36, org.springframework.security.web.servletapi.SecurityContextHolderAwareRequestFilter@531ed68e, org.springframework.security.web.authentication.AnonymousAuthenticationFilter@5799b8a2, org.springframework.security.web.access.ExceptionTranslationFilter@5471342, org.springframework.security.web.access.intercept.AuthorizationFilter@779cda39]
2023-12-14T22:14:53.255+05:00  INFO 19436 --- [main] o.s.b.w.embedded.tomcat.TomcatWebServer  : Tomcat started on port(s): 8081 (http) with context path ''
2023-12-14T22:14:53.266+05:00  INFO 19436 --- [main] com.example.SecurityApplication          : Started SecurityApplication in 5.821 seconds (process running for 6.588)
2023-12-14T22:14:53.309+05:00  INFO 19436 --- [main] o.f.c.internal.license.VersionPrinter    : Flyway Community Edition 9.5.1 by Redgate
2023-12-14T22:14:53.310+05:00  INFO 19436 --- [main] o.f.c.internal.license.VersionPrinter    : See what's new here: https://flywaydb.org/documentation/learnmore/releaseNotes#9.5.1
2023-12-14T22:14:53.310+05:00  INFO 19436 --- [main] o.f.c.internal.license.VersionPrinter    : 
2023-12-14T22:14:53.323+05:00  INFO 19436 --- [main] o.f.c.i.database.base.BaseDatabaseType   : Database: jdbc:postgresql://localhost:5432/kun_uz (PostgreSQL 14.8)
2023-12-14T22:14:53.355+05:00  INFO 19436 --- [main] o.f.core.internal.command.DbValidate     : Successfully validated 4 migrations (execution time 00:00.019s)
2023-12-14T22:14:53.364+05:00  INFO 19436 --- [main] o.f.core.internal.command.DbMigrate      : Current version of schema "public": 3
2023-12-14T22:14:53.365+05:00  INFO 19436 --- [main] o.f.core.internal.command.DbMigrate      : Schema "public" is up to date. No migration necessary.
2023-12-14T22:15:43.968+05:00  INFO 19436 --- [http-nio-8081-exec-1] o.a.c.c.C.[Tomcat].[localhost].[/]       : Initializing Spring DispatcherServlet 'dispatcherServlet'
2023-12-14T22:15:43.968+05:00  INFO 19436 --- [http-nio-8081-exec-1] o.s.web.servlet.DispatcherServlet        : Initializing Servlet 'dispatcherServlet'
2023-12-14T22:15:43.971+05:00  INFO 19436 --- [http-nio-8081-exec-1] o.s.web.servlet.DispatcherServlet        : Completed initialization in 2 ms
